<?xml version="1.0" encoding="UTF-8"?>
<!-- Generated by org.testng.reporters.JUnitXMLReporter -->
<testsuite ignored="0" hostname="Deepika-2AT30NI" failures="1" tests="1" name="MTR Testcase234" time="29.998" errors="0" timestamp="2021-10-13T17:23:19 IST">
  <testcase classname="tests.testcase234_DefaultProfile2" name="GoToUrlusernamepositiveinputPositiveEnterctl00cPHpassClickLoginPositiveEnterctl00cPHFiltertxtAg" time="23.325">
    <failure type="java.lang.AssertionError" message="Unable to locate object: By.xpath: //*[@id=&amp;quot;ctl00_divSubContent&amp;quot;]/div[3]/div/div/div/div/table/tbody/tr[2]/td[1]">
      <![CDATA[java.lang.AssertionError: Unable to locate object: By.xpath: //*[@id="ctl00_divSubContent"]/div[3]/div/div/div/div/table/tbody/tr[2]/td[1]
at pages.Agentpage.Click__Demo_(Agentpage.java:133)
at tests.testcase234_DefaultProfile2.GoToUrlusernamepositiveinputPositiveEnterctl00cPHpassClickLoginPositiveEnterctl00cPHFiltertxtAg(testcase234_DefaultProfile2.java:55)
at java.base/java.util.ArrayList.forEach(ArrayList.java:1540)
... Removed 28 stack frames]]>
    </failure>
  </testcase> <!-- GoToUrlusernamepositiveinputPositiveEnterctl00cPHpassClickLoginPositiveEnterctl00cPHFiltertxtAg -->
</testsuite> <!-- MTR Testcase234 -->
