<?xml version="1.0" encoding="UTF-8"?>
<!-- Generated by org.testng.reporters.JUnitXMLReporter -->
<testsuite ignored="0" hostname="Deepika-2AT30NI" failures="1" tests="1" name="MTR Testcase169" time="47.806" errors="0" timestamp="2021-07-29T05:12:11 IST">
  <testcase classname="tests.testcase169_DefaultProfile2" name="GoToUrlusernamepositiveinputPositiveEnterctl00cPHpassClickLoginPositiveEnterctl00cPHFiltertxtAg" time="41.632">
    <failure type="java.lang.AssertionError" message="Unable to locate object: By.xpath: /html/body/form/main/div[3]/div[3]/div[2]/div[4]/div/div/table/tbody/tr[2]/td[1]/a">
      <![CDATA[java.lang.AssertionError: Unable to locate object: By.xpath: /html/body/form/main/div[3]/div[3]/div[2]/div[4]/div/div/table/tbody/tr[2]/td[1]/a
at pages.Testcase169.Click_SA100_Interest_from_Banks_building_societies(Testcase169.java:634)
at tests.testcase169_DefaultProfile2.GoToUrlusernamepositiveinputPositiveEnterctl00cPHpassClickLoginPositiveEnterctl00cPHFiltertxtAg(testcase169_DefaultProfile2.java:194)
at java.base/java.util.ArrayList.forEach(ArrayList.java:1540)
... Removed 28 stack frames]]>
    </failure>
  </testcase> <!-- GoToUrlusernamepositiveinputPositiveEnterctl00cPHpassClickLoginPositiveEnterctl00cPHFiltertxtAg -->
</testsuite> <!-- MTR Testcase169 -->
