<?xml version="1.0" encoding="UTF-8"?>
<!-- Generated by org.testng.reporters.JUnitXMLReporter -->
<testsuite ignored="0" hostname="Deepika-2AT30NI" failures="0" tests="1" name="Scenario 8:Dividend linking not done in tax year 2020-21 when status is Approved" time="90.211" errors="0" timestamp="2021-08-19T01:17:59 IST">
  <testcase classname="tests.testcase55_DefaultProfile2" name="GoToUrlusernamepositiveinputPositiveEnterctl00cPHpassClickLoginPositiveEnterctl00cPHFiltertxtAg" time="84.308"/>
</testsuite> <!-- Scenario 8:Dividend linking not done in tax year 2020-21 when status is Approved -->
