<?xml version="1.0" encoding="UTF-8"?>
<!-- Generated by org.testng.reporters.JUnitXMLReporter -->
<testsuite ignored="0" hostname="Deepika-2AT30NI" failures="0" tests="1" name="Scenario 2:Dividend linking done in tax year 2020-21 when status is Not started" time="92.316" errors="0" timestamp="2021-08-19T02:00:05 IST">
  <testcase classname="tests.testcase82_DefaultProfile2" name="GoToUrlusernamepositiveinputPositiveEnterctl00cPHpassClickLoginPositiveEnterctl00cPHFiltertxtAg" time="86.454"/>
</testsuite> <!-- Scenario 2:Dividend linking done in tax year 2020-21 when status is Not started -->
