<?xml version="1.0" encoding="UTF-8"?>
<!-- Generated by org.testng.reporters.JUnitXMLReporter -->
<testsuite ignored="0" hostname="Deepika-2AT30NI" failures="0" tests="1" name="Scenario 5:Dividend linking done in tax year 2017-18 when status is Not started" time="68.869" errors="0" timestamp="2021-08-19T01:13:58 IST">
  <testcase classname="tests.testcase2_DefaultProfile" name="GoToUrlusernamepositiveinputPositiveEnterctl00cPHpassClickLoginPositiveEnterctl00cPHFiltertxtAg" time="62.999"/>
</testsuite> <!-- Scenario 5:Dividend linking done in tax year 2017-18 when status is Not started -->
