<?xml version="1.0" encoding="UTF-8"?>
<!-- Generated by org.testng.reporters.JUnitXMLReporter -->
<testsuite ignored="0" hostname="Deepika-2AT30NI" failures="0" tests="1" name="Scenario 5:Dividend linking not done in tax year 2019-20 when status is Not started" time="63.752" errors="0" timestamp="2021-08-19T02:03:53 IST">
  <testcase classname="tests.testcase54_DefaultProfile2" name="GoToUrlusernamepositiveinputPositiveEnterctl00cPHpassClickLoginPositiveEnterctl00cPHFiltertxtAg" time="57.701"/>
</testsuite> <!-- Scenario 5:Dividend linking not done in tax year 2019-20 when status is Not started -->
