<?xml version="1.0" encoding="UTF-8"?>
<!-- Generated by org.testng.reporters.JUnitXMLReporter -->
<testsuite ignored="0" hostname="Deepika-2AT30NI" failures="0" tests="1" name="Scenario 1:Dividend linking done in tax year 2018-19 when status is Not started" time="90.573" errors="0" timestamp="2021-08-19T01:45:44 IST">
  <testcase classname="tests.testcase70_DefaultProfile2" name="GoToUrlusernamepositiveinputPositiveEnterctl00cPHpassClickLoginPositiveEnterctl00cPHFiltertxtAg" time="81.97"/>
</testsuite> <!-- Scenario 1:Dividend linking done in tax year 2018-19 when status is Not started -->
