<?xml version="1.0" encoding="UTF-8"?>
<!-- Generated by org.testng.reporters.JUnitXMLReporter -->
<testsuite ignored="0" hostname="Deepika-2AT30NI" failures="0" tests="1" name="Scenario 4:Self-employment linking  done in tax year 2019-20 when status is Not started" time="106.724" errors="0" timestamp="2021-10-07T14:18:48 IST">
  <testcase classname="tests.testcase76_DefaultProfile2" name="GoToUrlusernamepositiveinputPositiveEnterctl00cPHpassClickLoginPositiveEnterctl00cPHFiltertxtAg" time="100.703"/>
</testsuite> <!-- Scenario 4:Self-employment linking  done in tax year 2019-20 when status is Not started -->
