<?xml version="1.0" encoding="UTF-8"?>
<!-- Generated by org.testng.reporters.JUnitXMLReporter -->
<testsuite ignored="0" hostname="Deepika-2AT30NI" failures="0" tests="1" name="Scenario 10:Self-employment linking done in tax year 2015-16 when status is Not started" time="64.538" errors="0" timestamp="2021-09-30T19:02:58 IST">
  <testcase classname="tests.testcase54_DefaultProfile2" name="GoToUrlusernamepositiveinputPositiveEnterctl00cPHpassClickLoginPositiveEnterctl00cPHFiltertxtAg" time="58.538"/>
</testsuite> <!-- Scenario 10:Self-employment linking done in tax year 2015-16 when status is Not started -->
