<?xml version="1.0" encoding="UTF-8"?>
<!-- Generated by org.testng.reporters.JUnitXMLReporter -->
<testsuite ignored="0" hostname="Deepika-2AT30NI" failures="1" tests="1" name="MTR Testcase237" time="64.707" errors="0" timestamp="2021-07-28T19:01:32 IST">
  <testcase classname="tests.testcase237_DefaultProfile2" name="GoToUrlusernamepositiveinputPositiveEnterctl00cPHpassClickLoginPositiveEnterctl00cPHFiltertxtAg" time="58.673">
    <failure type="java.lang.AssertionError" message="Unable to locate object: By.xpath: //*[@id=&amp;quot;my_table&amp;quot;]/tbody/tr[5]/td[3]/a">
      <![CDATA[java.lang.AssertionError: Unable to locate object: By.xpath: //*[@id="my_table"]/tbody/tr[5]/td[3]/a
at pages.Testcase237.Click_SA110_Underpaid_Tax(Testcase237.java:1357)
at tests.testcase237_DefaultProfile2.GoToUrlusernamepositiveinputPositiveEnterctl00cPHpassClickLoginPositiveEnterctl00cPHFiltertxtAg(testcase237_DefaultProfile2.java:214)
at java.base/java.util.ArrayList.forEach(ArrayList.java:1540)
... Removed 28 stack frames]]>
    </failure>
  </testcase> <!-- GoToUrlusernamepositiveinputPositiveEnterctl00cPHpassClickLoginPositiveEnterctl00cPHFiltertxtAg -->
</testsuite> <!-- MTR Testcase237 -->
