<?xml version="1.0" encoding="UTF-8"?>
<!-- Generated by org.testng.reporters.JUnitXMLReporter -->
<testsuite ignored="0" hostname="Deepika-2AT30NI" failures="0" tests="1" name="SA Dashboard-verification of work status:questionnaire sent wrt to accountant and client list records " time="8.909" errors="0" timestamp="2021-07-29T15:10:08 IST">
  <testcase classname="tests.questionnairesentverify_DefaultProfile" name="GoToUrlusernamepositiveinputPositiveEnterctl00cPHpassClickLoginPositiveEnterctl00cPHFiltertxtAg" time="3.078"/>
</testsuite> <!-- SA Dashboard-verification of work status:questionnaire sent wrt to accountant and client list records  -->
