<?xml version="1.0" encoding="UTF-8"?>
<!-- Generated by org.testng.reporters.JUnitXMLReporter -->
<testsuite ignored="0" hostname="Deepika-2AT30NI" failures="0" tests="1" name="SA Dashboard client search and quick jump verification" time="9.054" errors="0" timestamp="2021-07-29T15:08:08 IST">
  <testcase classname="tests.clientsearchwithquickjumpverification_DefaultProfile" name="GoToUrlusernamepositiveinputPositiveEnterctl00cPHpassClickLoginPositiveEnterctl00cPHFiltertxtAg" time="3.105"/>
</testsuite> <!-- SA Dashboard client search and quick jump verification -->
