<?xml version="1.0" encoding="UTF-8"?>
<!-- Generated by org.testng.reporters.JUnitXMLReporter -->
<testsuite ignored="0" hostname="Deepika-2AT30NI" failures="0" tests="1" name="SA Dashboard-TOtal count:awaiting review match wrt to all accountants in Accountant status:SHow all " time="8.965" errors="0" timestamp="2021-07-29T15:13:54 IST">
  <testcase classname="tests.totalcountofawaitingreviewverify_DefaultProfile" name="GoToUrlusernamepositiveinputPositiveEnterctl00cPHpassClickLoginPositiveEnterctl00cPHFiltertxtAg" time="2.96"/>
</testsuite> <!-- SA Dashboard-TOtal count:awaiting review match wrt to all accountants in Accountant status:SHow all  -->
