<?xml version="1.0" encoding="UTF-8"?>
<!-- Generated by org.testng.reporters.JUnitXMLReporter -->
<testsuite ignored="0" hostname="Deepika-2AT30NI" failures="0" tests="1" name="SA Dashboard tax questionnaire reminder frame with client selection,no subject of email and validation verification " time="8.729" errors="0" timestamp="2021-07-29T15:08:54 IST">
  <testcase classname="tests.questionnairereminderwithoutsubject_DefaultProfile" name="GoToUrlusernamepositiveinputPositiveEnterctl00cPHpassClickLoginPositiveEnterctl00cPHFiltertxtAg" time="2.874"/>
</testsuite> <!-- SA Dashboard tax questionnaire reminder frame with client selection,no subject of email and validation verification  -->
