<?xml version="1.0" encoding="UTF-8"?>
<!-- Generated by org.testng.reporters.JUnitXMLReporter -->
<testsuite ignored="0" hostname="Deepika-2AT30NI" failures="0" tests="1" name="SA Dashboard-Aged questionnaire count verification on progress bar " time="8.905" errors="0" timestamp="2021-07-29T15:12:48 IST">
  <testcase classname="tests.progressbaragedquestionnaireverify_DefaultProfile" name="GoToUrlusernamepositiveinputPositiveEnterctl00cPHpassClickLoginPositiveEnterctl00cPHFiltertxtAg" time="3.045"/>
</testsuite> <!-- SA Dashboard-Aged questionnaire count verification on progress bar  -->
