<?xml version="1.0" encoding="UTF-8"?>
<!-- Generated by org.testng.reporters.JUnitXMLReporter -->
<testsuite ignored="0" hostname="Deepika-2AT30NI" failures="0" tests="1" name="SA Dashboard-TOtal count:filed status match wrt to all accountants in Accountant status:SHow all " time="9.403" errors="0" timestamp="2021-07-29T15:14:41 IST">
  <testcase classname="tests.totalcountverificationoffiledstatus_DefaultProfile" name="GoToUrlusernamepositiveinputPositiveEnterctl00cPHpassClickLoginPositiveEnterctl00cPHFiltertxtAg" time="3.509"/>
</testsuite> <!-- SA Dashboard-TOtal count:filed status match wrt to all accountants in Accountant status:SHow all  -->
