<?xml version="1.0" encoding="UTF-8"?>
<!-- Generated by org.testng.reporters.JUnitXMLReporter -->
<testsuite ignored="0" hostname="Deepika-2AT30NI" failures="0" tests="1" name="SA Dashboard-Tax questionnaire reminder at accountant level and verification of validation with no  client selection  " time="9.642" errors="0" timestamp="2021-07-29T15:12:12 IST">
  <testcase classname="tests.reminderatacclevelwithoutclientselection_DefaultProfile" name="GoToUrlusernamepositiveinputPositiveEnterctl00cPHpassClickLoginPositiveEnterctl00cPHFiltertxtAg" time="3.789"/>
</testsuite> <!-- SA Dashboard-Tax questionnaire reminder at accountant level and verification of validation with no  client selection   -->
