<?xml version="1.0" encoding="UTF-8"?>
<!-- Generated by org.testng.reporters.JUnitXMLReporter -->
<testsuite ignored="0" hostname="Deepika-2AT30NI" failures="0" tests="1" name="SA Dashboard-TOtal count:filed status match wrt to all accountants in Accountant status:SHow all " time="46.814" errors="0" timestamp="2021-03-12T17:29:32 IST">
  <testcase classname="tests.totalcountverificationoffiledstatus_DefaultProfile" name="GoToUrlusernamepositiveinputPositiveEnterctl00cPHpassClickLoginPositiveEnterctl00cPHFiltertxtAg" time="40.994"/>
</testsuite> <!-- SA Dashboard-TOtal count:filed status match wrt to all accountants in Accountant status:SHow all  -->
