<?xml version="1.0" encoding="UTF-8"?>
<!-- Generated by org.testng.reporters.JUnitXMLReporter -->
<testsuite ignored="0" hostname="Deepika-2AT30NI" failures="0" tests="1" name="SA Dashboard-TOtal count:queries sent match wrt to all accountants in Accountant status:SHow all " time="30.943" errors="0" timestamp="2021-03-12T17:25:46 IST">
  <testcase classname="tests.Totalcountofqueriessent_DefaultProfile" name="GoToUrlusernamepositiveinputPositiveEnterctl00cPHpassClickLoginPositiveEnterctl00cPHFiltertxtAg" time="25.12"/>
</testsuite> <!-- SA Dashboard-TOtal count:queries sent match wrt to all accountants in Accountant status:SHow all  -->
