<?xml version="1.0" encoding="UTF-8"?>
<!-- Generated by org.testng.reporters.JUnitXMLReporter -->
<testsuite ignored="0" hostname="Deepika-2AT30NI" failures="0" tests="1" name="SA Dashboard-verification of work status:approved wrt to accountant and client list records " time="40.32" errors="0" timestamp="2021-03-12T17:14:21 IST">
  <testcase classname="tests.approvedstatusverify_DefaultProfile" name="GoToUrlusernamepositiveinputPositiveEnterctl00cPHpassClickLoginPositiveEnterctl00cPHFiltertxtAg" time="34.607"/>
</testsuite> <!-- SA Dashboard-verification of work status:approved wrt to accountant and client list records  -->
