<?xml version="1.0" encoding="UTF-8"?>
<!-- Generated by org.testng.reporters.JUnitXMLReporter -->
<testsuite ignored="0" hostname="Deepika-2AT30NI" failures="1" tests="1" name="SA Dashboard tax questionnaire reminder frame with client selection,no subject of email and validation verification " time="43.399" errors="0" timestamp="2021-03-12T17:04:41 IST">
  <testcase classname="tests.questionnairereminderwithoutsubject_DefaultProfile" name="GoToUrlusernamepositiveinputPositiveEnterctl00cPHpassClickLoginPositiveEnterctl00cPHFiltertxtAg" time="37.593">
    <failure type="java.lang.AssertionError" message="Unable to locate object: By.xpath: //*[@id=&amp;quot;step-1&amp;quot;]/div/div[2]/div/div/table/tbody[2]/tr[4]/td[2]/button">
      <![CDATA[java.lang.AssertionError: Unable to locate object: By.xpath: //*[@id="step-1"]/div/div[2]/div/div/table/tbody[2]/tr[4]/td[2]/button
at pages.questionnaire_reminder_without_subject.Click__David_Smith_(questionnaire_reminder_without_subject.java:235)
at tests.questionnairereminderwithoutsubject_DefaultProfile.GoToUrlusernamepositiveinputPositiveEnterctl00cPHpassClickLoginPositiveEnterctl00cPHFiltertxtAg(questionnairereminderwithoutsubject_DefaultProfile.java:88)
at java.base/java.util.ArrayList.forEach(ArrayList.java:1540)
... Removed 28 stack frames]]>
    </failure>
  </testcase> <!-- GoToUrlusernamepositiveinputPositiveEnterctl00cPHpassClickLoginPositiveEnterctl00cPHFiltertxtAg -->
</testsuite> <!-- SA Dashboard tax questionnaire reminder frame with client selection,no subject of email and validation verification  -->
