<?xml version="1.0" encoding="UTF-8"?>
<!-- Generated by org.testng.reporters.JUnitXMLReporter -->
<testsuite ignored="0" hostname="Deepika-2AT30NI" failures="1" tests="1" name="SA Dashboard tax questionnaire frame with client selection,no subject of email and validation verification " time="36.408" errors="0" timestamp="2021-03-12T17:02:50 IST">
  <testcase classname="tests.taxquestionnairewithoutmessagebody_DefaultProfile" name="GoToUrlusernamepositiveinputPositiveEnterctl00cPHpassClickLoginPositiveEnterctl00cPHFiltertxtAg" time="30.696">
    <failure type="java.lang.NullPointerException" message="null value in entry: id=null">
      <![CDATA[java.lang.NullPointerException: null value in entry: id=null
at com.google.common.collect.CollectPreconditions.checkEntryNotNull(CollectPreconditions.java:32)
at com.google.common.collect.SingletonImmutableBiMap.<init>(SingletonImmutableBiMap.java:42)
at com.google.common.collect.ImmutableBiMap.of(ImmutableBiMap.java:70)
at com.google.common.collect.ImmutableMap.of(ImmutableMap.java:123)
at org.openqa.selenium.remote.RemoteWebDriver$RemoteTargetLocator.frame(RemoteWebDriver.java:891)
at pages.Tax_questionnaire_without_message_body.Click_Next__1(Tax_questionnaire_without_message_body.java:337)
at tests.taxquestionnairewithoutmessagebody_DefaultProfile.GoToUrlusernamepositiveinputPositiveEnterctl00cPHpassClickLoginPositiveEnterctl00cPHFiltertxtAg(taxquestionnairewithoutmessagebody_DefaultProfile.java:100)
at java.base/java.util.ArrayList.forEach(ArrayList.java:1540)
... Removed 27 stack frames]]>
    </failure>
  </testcase> <!-- GoToUrlusernamepositiveinputPositiveEnterctl00cPHpassClickLoginPositiveEnterctl00cPHFiltertxtAg -->
</testsuite> <!-- SA Dashboard tax questionnaire frame with client selection,no subject of email and validation verification  -->
