<?xml version="1.0" encoding="UTF-8"?>
<!-- Generated by org.testng.reporters.JUnitXMLReporter -->
<testsuite ignored="0" hostname="Deepika-2AT30NI" failures="0" tests="1" name="Income from property case 2 tags" time="80.087" errors="0" timestamp="2021-07-08T07:47:52 IST">
  <testcase classname="tests.testcasePROPERTY2_DefaultProfile2" name="GoToUrlusernamepositiveinputPositiveEnterctl00cPHpassClickLoginPositiveEnterctl00cPHFiltertxtAg" time="74.382"/>
</testsuite> <!-- Income from property case 2 tags -->
