<?xml version="1.0" encoding="UTF-8"?>
<!-- Generated by org.testng.reporters.JUnitXMLReporter -->
<testsuite ignored="0" hostname="Deepika-2AT30NI" failures="0" tests="1" name="Married couple allowance case 4 tags" time="125.597" errors="0" timestamp="2021-06-24T17:10:43 IST">
  <testcase classname="tests.testcaseMCA4_DefaultProfile2" name="GoToUrlusernamepositiveinputPositiveEnterctl00cPHpassClickLoginPositiveEnterctl00cPHFiltertxtAg" time="119.648"/>
</testsuite> <!-- Married couple allowance case 4 tags -->
