<?xml version="1.0" encoding="UTF-8"?>
<!-- Generated by org.testng.reporters.JUnitXMLReporter -->
<testsuite ignored="0" hostname="Deepika-2AT30NI" failures="0" tests="1" name="Pension contributions tags" time="81.603" errors="0" timestamp="2021-07-08T07:54:37 IST">
  <testcase classname="tests.testcasePENCNTR_DefaultProfile2" name="GoToUrlusernamepositiveinputPositiveEnterctl00cPHpassClickLoginPositiveEnterctl00cPHFiltertxtAg" time="75.891"/>
</testsuite> <!-- Pension contributions tags -->
