<?xml version="1.0" encoding="UTF-8"?>
<!-- Generated by org.testng.reporters.JUnitXMLReporter -->
<testsuite ignored="0" hostname="Deepika-2AT30NI" failures="0" tests="1" name="Self emp income case 2 tags" time="80.939" errors="0" timestamp="2021-07-08T07:42:03 IST">
  <testcase classname="tests.testcaseSELFEMP2_DefaultProfile2" name="GoToUrlusernamepositiveinputPositiveEnterctl00cPHpassClickLoginPositiveEnterctl00cPHFiltertxtAg" time="75.26"/>
</testsuite> <!-- Self emp income case 2 tags -->
