<?xml version="1.0" encoding="UTF-8"?>
<!-- Generated by org.testng.reporters.JUnitXMLReporter -->
<testsuite ignored="0" hostname="Deepika-2AT30NI" failures="0" tests="1" name="Testcase 5-Tax due amount on work pool when work status is queries sent" time="69.74" errors="0" timestamp="2021-07-22T17:20:37 IST">
  <testcase classname="tests.testcase114_DefaultProfile2" name="GoToUrlusernamepositiveinputPositiveEnterctl00cPHpassClickLoginPositiveEnterctl00cPHFiltertxtAg" time="64.044"/>
</testsuite> <!-- Testcase 5-Tax due amount on work pool when work status is queries sent -->
