<?xml version="1.0" encoding="UTF-8"?>
<!-- Generated by org.testng.reporters.JUnitXMLReporter -->
<testsuite ignored="0" hostname="Deepika-2AT30NI" failures="0" tests="1" name="Testcase 25-Tax due amount on work pool when work status is Not started" time="54.823" errors="0" timestamp="2021-07-22T13:52:44 IST">
  <testcase classname="tests.testcase4_DefaultProfile2" name="GoToUrlusernamepositiveinputPositiveEnterctl00cPHpassClickLoginPositiveEnterctl00cPHFiltertxtAg" time="49.091"/>
</testsuite> <!-- Testcase 25-Tax due amount on work pool when work status is Not started -->
