<?xml version="1.0" encoding="UTF-8"?>
<!-- Generated by org.testng.reporters.JUnitXMLReporter -->
<testsuite ignored="0" hostname="Deepika-2AT30NI" failures="0" tests="1" name="Scenario 3:Linking done in tax year 2015-16" time="59.853" errors="0" timestamp="2021-08-12T16:42:22 IST">
  <testcase classname="tests.testcase54_DefaultProfile2" name="GoToUrlusernamepositiveinputPositiveEnterctl00cPHpassClickLoginPositiveEnterctl00cPHFiltertxtAg" time="54.042"/>
</testsuite> <!-- Scenario 3:Linking done in tax year 2015-16 -->
