<?xml version="1.0" encoding="UTF-8"?>
<!-- Generated by org.testng.reporters.JUnitXMLReporter -->
<testsuite ignored="0" hostname="Deepika-2AT30NI" failures="0" tests="1" name="Scenario 1:Linking done in tax year 2013-14" time="82.662" errors="0" timestamp="2021-08-12T16:39:48 IST">
  <testcase classname="tests.testcase2_DefaultProfile" name="GoToUrlusernamepositiveinputPositiveEnterctl00cPHpassClickLoginPositiveEnterctl00cPHFiltertxtAg" time="73.967"/>
</testsuite> <!-- Scenario 1:Linking done in tax year 2013-14 -->
