<?xml version="1.0" encoding="UTF-8"?>
<!-- Generated by org.testng.reporters.JUnitXMLReporter -->
<testsuite ignored="0" hostname="Deepika-2AT30NI" failures="0" tests="1" name="Capital gain form tags" time="82.099" errors="0" timestamp="2021-06-24T14:23:05 IST">
  <testcase classname="tests.testcasecapitalgaintag_DefaultProfile2" name="GoToUrlusernamepositiveinputPositiveEnterctl00cPHpassClickLoginPositiveEnterctl00cPHFiltertxtAg" time="76.159"/>
</testsuite> <!-- Capital gain form tags -->
