<?xml version="1.0" encoding="UTF-8"?>
<!-- Generated by org.testng.reporters.JUnitXMLReporter -->
<testsuite ignored="0" hostname="Deepika-2AT30NI" failures="0" tests="1" name="Non UK Resident case 2 tags" time="92.194" errors="0" timestamp="2021-07-01T14:13:20 IST">
  <testcase classname="tests.testcaseNR2_DefaultProfile2" name="GoToUrlusernamepositiveinputPositiveEnterctl00cPHpassClickLoginPositiveEnterctl00cPHFiltertxtAg" time="85.882"/>
</testsuite> <!-- Non UK Resident case 2 tags -->
