<?xml version="1.0" encoding="UTF-8"?>
<!-- Generated by org.testng.reporters.JUnitXMLReporter -->
<testsuite ignored="0" hostname="Deepika-2AT30NI" failures="0" tests="1" name="Scenario 10:Self-employment linking done in tax year 2017-18 when status is Not started" time="88.614" errors="0" timestamp="2021-10-06T16:00:56 IST">
  <testcase classname="tests.testcase57_DefaultProfile2" name="GoToUrlusernamepositiveinputPositiveEnterctl00cPHpassClickLoginPositiveEnterctl00cPHFiltertxtAg" time="82.786"/>
</testsuite> <!-- Scenario 10:Self-employment linking done in tax year 2017-18 when status is Not started -->
