<?xml version="1.0" encoding="UTF-8"?>
<!-- Generated by org.testng.reporters.JUnitXMLReporter -->
<testsuite ignored="0" hostname="Deepika-2AT30NI" failures="0" tests="1" name="Scenario 3:Self-employment linking done in tax year 2015-16 when status is Not started" time="85.6" errors="0" timestamp="2021-10-06T13:57:19 IST">
  <testcase classname="tests.testcase54_DefaultProfile2" name="GoToUrlusernamepositiveinputPositiveEnterctl00cPHpassClickLoginPositiveEnterctl00cPHFiltertxtAg" time="79.578"/>
</testsuite> <!-- Scenario 3:Self-employment linking done in tax year 2015-16 when status is Not started -->
