<?xml version="1.0" encoding="UTF-8"?>
<!-- Generated by org.testng.reporters.JUnitXMLReporter -->
<testsuite ignored="0" hostname="Deepika-2AT30NI" failures="0" tests="1" name="Tax due amount on client list when work status is To be filed" time="64.35" errors="0" timestamp="2021-07-08T11:38:04 IST">
  <testcase classname="tests.testcase122_DefaultProfile2" name="GoToUrlusernamepositiveinputPositiveEnterctl00cPHpassClickLoginPositiveEnterctl00cPHFiltertxtAg" time="58.686"/>
</testsuite> <!-- Tax due amount on client list when work status is To be filed -->
