<?xml version="1.0" encoding="UTF-8"?>
<!-- Generated by org.testng.reporters.JUnitXMLReporter -->
<testsuite ignored="0" hostname="Deepika-2AT30NI" failures="0" tests="1" name="Tax due amount on client list when work status is Not to submit" time="68.257" errors="0" timestamp="2021-07-08T13:09:36 IST">
  <testcase classname="tests.testcase115_DefaultProfile2" name="GoToUrlusernamepositiveinputPositiveEnterctl00cPHpassClickLoginPositiveEnterctl00cPHFiltertxtAg" time="62.273"/>
</testsuite> <!-- Tax due amount on client list when work status is Not to submit -->
