<?xml version="1.0" encoding="UTF-8"?>
<!-- Generated by org.testng.reporters.JUnitXMLReporter -->
<testsuite ignored="0" hostname="Deepika-2AT30NI" failures="0" tests="1" name="Testcase 17-Tax due amount on client list when work status is approved" time="67.579" errors="0" timestamp="2021-07-15T13:29:26 IST">
  <testcase classname="tests.testcase31_DefaultProfile2" name="GoToUrlusernamepositiveinputPositiveEnterctl00cPHpassClickLoginPositiveEnterctl00cPHFiltertxtAg" time="61.647"/>
</testsuite> <!-- Testcase 17-Tax due amount on client list when work status is approved -->
