<?xml version="1.0" encoding="UTF-8"?>
<!-- Generated by org.testng.reporters.JUnitXMLReporter -->
<testsuite ignored="0" hostname="Deepika-2AT30NI" failures="0" tests="1" name="testcase 36:Tax due amount on client list when work status is To be filed" time="77.282" errors="0" timestamp="2021-07-08T15:54:38 IST">
  <testcase classname="tests.testcase126_DefaultProfile2" name="GoToUrlusernamepositiveinputPositiveEnterctl00cPHpassClickLoginPositiveEnterctl00cPHFiltertxtAg" time="71.58"/>
</testsuite> <!-- testcase 36:Tax due amount on client list when work status is To be filed -->
