<?xml version="1.0" encoding="UTF-8"?>
<!-- Generated by org.testng.reporters.JUnitXMLReporter -->
<testsuite ignored="0" hostname="Deepika-2AT30NI" failures="0" tests="1" name="Testcase 9-Tax due amount on client list when work status is Internal review" time="65.331" errors="0" timestamp="2021-07-15T12:42:01 IST">
  <testcase classname="tests.testcase119_DefaultProfile2" name="GoToUrlusernamepositiveinputPositiveEnterctl00cPHpassClickLoginPositiveEnterctl00cPHFiltertxtAg" time="59.453"/>
</testsuite> <!-- Testcase 9-Tax due amount on client list when work status is Internal review -->
