<?xml version="1.0" encoding="UTF-8"?>
<!-- Generated by org.testng.reporters.JUnitXMLReporter -->
<testsuite ignored="0" hostname="Deepika-2AT30NI" failures="0" tests="1" name="Testcase 2-Tax due amount on client list when work status is In progress" time="65.573" errors="0" timestamp="2021-07-15T12:33:49 IST">
  <testcase classname="tests.testcase111_DefaultProfile2" name="GoToUrlusernamepositiveinputPositiveEnterctl00cPHpassClickLoginPositiveEnterctl00cPHFiltertxtAg" time="59.79"/>
</testsuite> <!-- Testcase 2-Tax due amount on client list when work status is In progress -->
