<?xml version="1.0" encoding="UTF-8"?>
<!-- Generated by org.testng.reporters.JUnitXMLReporter -->
<testsuite ignored="0" hostname="Deepika-2AT30NI" failures="0" tests="1" name="Testcase 10-Tax due amount on client list when work status is response received" time="67.691" errors="0" timestamp="2021-07-15T12:43:09 IST">
  <testcase classname="tests.testcase12_DefaultProfile2" name="GoToUrlusernamepositiveinputPositiveEnterctl00cPHpassClickLoginPositiveEnterctl00cPHFiltertxtAg" time="61.631"/>
</testsuite> <!-- Testcase 10-Tax due amount on client list when work status is response received -->
