<?xml version="1.0" encoding="UTF-8"?>
<!-- Generated by org.testng.reporters.JUnitXMLReporter -->
<testsuite ignored="0" hostname="Deepika-2AT30NI" failures="0" tests="1" name="Testcase34:Tax due amount on client list when work status is questionnaire sent" time="63.86" errors="0" timestamp="2021-07-08T15:52:14 IST">
  <testcase classname="tests.testcase124_DefaultProfile2" name="GoToUrlusernamepositiveinputPositiveEnterctl00cPHpassClickLoginPositiveEnterctl00cPHFiltertxtAg" time="58.052"/>
</testsuite> <!-- Testcase34:Tax due amount on client list when work status is questionnaire sent -->
