<?xml version="1.0" encoding="UTF-8"?>
<!-- Generated by org.testng.reporters.JUnitXMLReporter -->
<testsuite ignored="0" hostname="Deepika-2AT30NI" failures="0" tests="1" name="testcase 33:Tax due amount on client list when work status is To be filed" time="64.691" errors="0" timestamp="2021-07-08T15:51:11 IST">
  <testcase classname="tests.testcase122_DefaultProfile2" name="GoToUrlusernamepositiveinputPositiveEnterctl00cPHpassClickLoginPositiveEnterctl00cPHFiltertxtAg" time="58.864"/>
</testsuite> <!-- testcase 33:Tax due amount on client list when work status is To be filed -->
