<?xml version="1.0" encoding="UTF-8"?>
<!-- Generated by org.testng.reporters.JUnitXMLReporter -->
<testsuite hostname="DESKTOP-ORUDN72" failures="0" tests="3" name="102.------------- VAT AddEUCustomerInvoiceTest" time="311.858" errors="0" timestamp="5 Jul 2019 13:50:14 GMT">
  <testcase classname="com.nomisma.scriptsvat.AddEUCustomerInvoiceTest" name="InvoiceEUInvoices" time="168.817"/>
  <testcase classname="com.nomisma.scriptsvat.AddEUCustomerInvoiceTest" name="BankTransactionsEUInvoices" time="97.729"/>
  <testcase classname="com.nomisma.scriptsvat.AddEUCustomerInvoiceTest" name="ReconcileEUInvoices" time="23.105"/>
</testsuite> <!-- 102.- VAT AddEUCustomerInvoiceTest -->
