<?xml version="1.0" encoding="UTF-8"?>
<!-- Generated by org.testng.reporters.JUnitXMLReporter -->
<testsuite hostname="DESKTOP-ORUDN72" failures="0" tests="1" name="149. AccountingScenarios  -------- VerifySupplierBalanceTest1" time="67.981" errors="0" timestamp="5 Jul 2019 14:18:50 GMT">
  <testcase classname="com.nomisma.scriptsAccountingScenarios.VerifySupplierBalanceTest1" name="VerifySupplierBalance" time="61.45"/>
</testsuite> <!-- 149. AccountingScenarios  - VerifySupplierBalanceTest1 -->
