<?xml version="1.0" encoding="UTF-8"?>
<!-- Generated by org.testng.reporters.JUnitXMLReporter -->
<testsuite hostname="Nom_aNjali" failures="0" tests="2" name="42. VerifyCalculationDirectorNITest" time="94.529" errors="0" timestamp="13 Apr 2020 14:56:15 GMT">
  <testcase classname="com.nomisma.scriptspayroll.VerifyCalculationDirectorNITest" name="verifyTableMethodDirectorNITest" time="26.497"/>
  <testcase classname="com.nomisma.scriptspayroll.VerifyCalculationDirectorNITest" name="verifyCummulativeMethodDirectorNITest" time="34.016"/>
</testsuite> <!-- 42. VerifyCalculationDirectorNITest -->
