<?xml version="1.0" encoding="UTF-8"?>
<!-- Generated by org.testng.reporters.JUnitXMLReporter -->
<testsuite hostname="Nom_aNjali" failures="0" tests="2" name="AddMTRtestCase64" time="321.698" errors="0" timestamp="11 Sep 2019 09:18:33 GMT">
  <testcase classname="com.nomisma.SAMTR_Scripts2019.MTRTestScenario64" name="funcAddTestCase64" time="186.455"/>
  <testcase classname="com.nomisma.SAMTR_Scripts2019.MTRTestScenario64" name="funcDelTestCase64" time="88.123"/>
</testsuite> <!-- AddMTRtestCase64 -->
