<?xml version="1.0" encoding="UTF-8"?>
<!-- Generated by org.testng.reporters.JUnitXMLReporter -->
<testsuite hostname="Nom_aNjali" failures="0" tests="2" name="AddMTRtestCase38_2019" time="357.974" errors="0" timestamp="16 Aug 2019 07:21:30 GMT">
  <testcase classname="com.nomisma.SAMTR_Scripts2019.MTRTestScenario38" name="funcTestCase38" time="175.467"/>
  <testcase classname="com.nomisma.SAMTR_Scripts2019.MTRTestScenario38" name="funcDelTestCase38" time="155.71"/>
</testsuite> <!-- AddMTRtestCase38_2019 -->
