<html>
<head>
<title>TestNG:  MTRTestScenario16_2020</title>
<link href="../testng.css" rel="stylesheet" type="text/css" />
<link href="../my-testng.css" rel="stylesheet" type="text/css" />

<style type="text/css">
.log { display: none;} 
.stack-trace { display: none;} 
</style>
<script type="text/javascript">
<!--
function flip(e) {
  current = e.style.display;
  if (current == 'block') {
    e.style.display = 'none';
    return 0;
  }
  else {
    e.style.display = 'block';
    return 1;
  }
}

function toggleBox(szDivId, elem, msg1, msg2)
{
  var res = -1;  if (document.getElementById) {
    res = flip(document.getElementById(szDivId));
  }
  else if (document.all) {
    // this is the way old msie versions work
    res = flip(document.all[szDivId]);
  }
  if(elem) {
    if(res == 0) elem.innerHTML = msg1; else elem.innerHTML = msg2;
  }

}

function toggleAllBoxes() {
  if (document.getElementsByTagName) {
    d = document.getElementsByTagName('div');
    for (i = 0; i < d.length; i++) {
      if (d[i].className == 'log') {
        flip(d[i]);
      }
    }
  }
}

// -->
</script>

</head>
<body>
<h2 align='center'>MTRTestScenario16_2020</h2><table border='1' align="center">
<tr>
<td>Tests passed/Failed/Skipped:</td><td>0/1/0</td>
</tr><tr>
<td>Started on:</td><td>Thu Apr 02 10:06:28 IST 2020</td>
</tr>
<tr><td>Total time:</td><td>119 seconds (119358 ms)</td>
</tr><tr>
<td>Included groups:</td><td></td>
</tr><tr>
<td>Excluded groups:</td><td></td>
</tr>
</table><p/>
<small><i>(Hover the method name to see the test class name)</i></small><p/>
<table width='100%' border='1' class='invocation-failed'>
<tr><td colspan='4' align='center'><b>FAILED TESTS</b></td></tr>
<tr><td><b>Test method</b></td>
<td width="30%"><b>Exception</b></td>
<td width="10%"><b>Time (seconds)</b></td>
<td><b>Instance</b></td>
</tr>
<tr>
<td title='com.nomisma.SAMTR_Scripts2020_live.MTRTestScenario16.funcAddTestCase16()'><b>funcAddTestCase16</b><br>Test class: com.nomisma.SAMTR_Scripts2020_live.MTRTestScenario16<br/>
<a href="#Output-1820594585" onClick='toggleBox("Output-1820594585", this, "Show output", "Hide output");'>Show output</a>

<a href="#Output-1820594585" onClick="toggleAllBoxes();">Show all outputs</a>
<div class='log' id="Output-1820594585">
WebElement to be clicked [[ChromeDriver: chrome on XP (f37f080be7987df65ed8327f27675f56)] -> id: ctl00_cPH_btnLogin]<br/>
After click [[ChromeDriver: chrome on XP (f37f080be7987df65ed8327f27675f56)] -> id: ctl00_cPH_btnLogin]<br/>
WebElement [[ChromeDriver: chrome on XP (f37f080be7987df65ed8327f27675f56)] -> id: ctl00_cPH_btnLogin] clicked<br/>
Page Refreshed<br/>
WebElement to be clicked [[ChromeDriver: chrome on XP (f37f080be7987df65ed8327f27675f56)] -> id: ctl00_cPHFilter_btnSearch]<br/>
After click [[ChromeDriver: chrome on XP (f37f080be7987df65ed8327f27675f56)] -> id: ctl00_cPHFilter_btnSearch]<br/>
WebElement [[ChromeDriver: chrome on XP (f37f080be7987df65ed8327f27675f56)] -> id: ctl00_cPHFilter_btnSearch] clicked<br/>
WebElement to be clicked [[ChromeDriver: chrome on XP (f37f080be7987df65ed8327f27675f56)] -> xpath: //table//tbody//tr//td[contains(text(),'test2020')]]<br/>
After click [[ChromeDriver: chrome on XP (f37f080be7987df65ed8327f27675f56)] -> xpath: //table//tbody//tr//td[contains(text(),'test2020')]]<br/>
WebElement [[ChromeDriver: chrome on XP (f37f080be7987df65ed8327f27675f56)] -> xpath: //table//tbody//tr//td[contains(text(),'test2020')]] clicked<br/>
Agent window is displayed<br/>
WebElement to be clicked [[ChromeDriver: chrome on XP (f37f080be7987df65ed8327f27675f56)] -> xpath: //span[contains(text(),'Self Assessment')]]<br/>
After click [[ChromeDriver: chrome on XP (f37f080be7987df65ed8327f27675f56)] -> xpath: //span[contains(text(),'Self Assessment')]]<br/>
WebElement [[ChromeDriver: chrome on XP (f37f080be7987df65ed8327f27675f56)] -> xpath: //span[contains(text(),'Self Assessment')]] clicked<br/>
WebElement to be clicked [[ChromeDriver: chrome on XP (f37f080be7987df65ed8327f27675f56)] -> xpath: //a[contains(text(),'Client List')]]<br/>
After click [[ChromeDriver: chrome on XP (f37f080be7987df65ed8327f27675f56)] -> xpath: //a[contains(text(),'Client List')]]<br/>
WebElement [[ChromeDriver: chrome on XP (f37f080be7987df65ed8327f27675f56)] -> xpath: //a[contains(text(),'Client List')]] clicked<br/>
Client Link Clicked<br/>
Page Refreshed<br/>
WebElement to be clicked [[ChromeDriver: chrome on XP (f37f080be7987df65ed8327f27675f56)] -> id: ctl00_ctl00_ParentContent_cpHeaderRight_LinkButtonEx1]<br/>
After click [[ChromeDriver: chrome on XP (f37f080be7987df65ed8327f27675f56)] -> id: ctl00_ctl00_ParentContent_cpHeaderRight_LinkButtonEx1]<br/>
WebElement [[ChromeDriver: chrome on XP (f37f080be7987df65ed8327f27675f56)] -> id: ctl00_ctl00_ParentContent_cpHeaderRight_LinkButtonEx1] clicked<br/>
WebElement to be clicked [[ChromeDriver: chrome on XP (f37f080be7987df65ed8327f27675f56)] -> id: ctl00_ctl00_ParentContent_cPHFilter_btnSearch]<br/>
After click [[ChromeDriver: chrome on XP (f37f080be7987df65ed8327f27675f56)] -> id: ctl00_ctl00_ParentContent_cPHFilter_btnSearch]<br/>
WebElement [[ChromeDriver: chrome on XP (f37f080be7987df65ed8327f27675f56)] -> id: ctl00_ctl00_ParentContent_cPHFilter_btnSearch] clicked<br/>
WebElement to be clicked [[ChromeDriver: chrome on XP (f37f080be7987df65ed8327f27675f56)] -> xpath: //a[contains(text(),'MTRTestCase16')]]<br/>
After click [[ChromeDriver: chrome on XP (f37f080be7987df65ed8327f27675f56)] -> xpath: //a[contains(text(),'MTRTestCase16')]]<br/>
WebElement [[ChromeDriver: chrome on XP (f37f080be7987df65ed8327f27675f56)] -> xpath: //a[contains(text(),'MTRTestCase16')]] clicked<br/>
Client Selected for Test Case 16<br/>
Exceuting MTR Test Case 16<br/>
WebElement to be clicked [[ChromeDriver: chrome on XP (f37f080be7987df65ed8327f27675f56)] -> xpath: //main/div/div[2]/ul/li[5]/a/span]<br/>
After click [[ChromeDriver: chrome on XP (f37f080be7987df65ed8327f27675f56)] -> xpath: //main/div/div[2]/ul/li[5]/a/span]<br/>
WebElement [[ChromeDriver: chrome on XP (f37f080be7987df65ed8327f27675f56)] -> xpath: //main/div/div[2]/ul/li[5]/a/span] clicked<br/>
WebElement to be clicked [[ChromeDriver: chrome on XP (f37f080be7987df65ed8327f27675f56)] -> xpath: //a[contains(text(),'Dividend, Bank Interest, Pensions & Other UK Income')]]<br/>
After click [[ChromeDriver: chrome on XP (f37f080be7987df65ed8327f27675f56)] -> xpath: //a[contains(text(),'Dividend, Bank Interest, Pensions & Other UK Income')]]<br/>
WebElement [[ChromeDriver: chrome on XP (f37f080be7987df65ed8327f27675f56)] -> xpath: //a[contains(text(),'Dividend, Bank Interest, Pensions & Other UK Income')]] clicked<br/>
WebElement to be clicked [[ChromeDriver: chrome on XP (f37f080be7987df65ed8327f27675f56)] -> xpath: (//div[@class='infoNote-top']/a)[3]]<br/>
After click [[ChromeDriver: chrome on XP (f37f080be7987df65ed8327f27675f56)] -> xpath: (//div[@class='infoNote-top']/a)[3]]<br/>
WebElement [[ChromeDriver: chrome on XP (f37f080be7987df65ed8327f27675f56)] -> xpath: (//div[@class='infoNote-top']/a)[3]] clicked<br/>
WebElement to be clicked [[[[ChromeDriver: chrome on XP (f37f080be7987df65ed8327f27675f56)] -> id: ctl00_cPH_ddlBanksMaster]] -> xpath: .//option[normalize-space(.) = "Bank of America"]]<br/>
After click [[[[ChromeDriver: chrome on XP (f37f080be7987df65ed8327f27675f56)] -> id: ctl00_cPH_ddlBanksMaster]] -> xpath: .//option[normalize-space(.) = "Bank of America"]]<br/>
WebElement [[[[ChromeDriver: chrome on XP (f37f080be7987df65ed8327f27675f56)] -> id: ctl00_cPH_ddlBanksMaster]] -> xpath: .//option[normalize-space(.) = "Bank of America"]] clicked<br/>
WebElement to be clicked [[ChromeDriver: chrome on XP (f37f080be7987df65ed8327f27675f56)] -> id: ctl00_cpHFooter_btnSave]<br/>
After click [[ChromeDriver: chrome on XP (f37f080be7987df65ed8327f27675f56)] -> id: ctl00_cpHFooter_btnSave]<br/>
WebElement [[ChromeDriver: chrome on XP (f37f080be7987df65ed8327f27675f56)] -> id: ctl00_cpHFooter_btnSave] clicked<br/>
Page Refreshed<br/>
Bank name added successfully<br/>
WebElement to be clicked [[ChromeDriver: chrome on XP (f37f080be7987df65ed8327f27675f56)] -> id: img5]<br/>
After click [[ChromeDriver: chrome on XP (f37f080be7987df65ed8327f27675f56)] -> id: img5]<br/>
WebElement [[ChromeDriver: chrome on XP (f37f080be7987df65ed8327f27675f56)] -> id: img5] clicked<br/>
WebElement to be clicked [[ChromeDriver: chrome on XP (f37f080be7987df65ed8327f27675f56)] -> id: ctl00_cPH_rBtnListInterestType_1]<br/>
After click [[ChromeDriver: chrome on XP (f37f080be7987df65ed8327f27675f56)] -> id: ctl00_cPH_rBtnListInterestType_1]<br/>
WebElement [[ChromeDriver: chrome on XP (f37f080be7987df65ed8327f27675f56)] -> id: ctl00_cPH_rBtnListInterestType_1] clicked<br/>
WebElement to be clicked [[ChromeDriver: chrome on XP (f37f080be7987df65ed8327f27675f56)] -> id: ctl00_cpHFooter_btnSave]<br/>
After click [[ChromeDriver: chrome on XP (f37f080be7987df65ed8327f27675f56)] -> id: ctl00_cpHFooter_btnSave]<br/>
WebElement [[ChromeDriver: chrome on XP (f37f080be7987df65ed8327f27675f56)] -> id: ctl00_cpHFooter_btnSave] clicked<br/>
Page Refreshed<br/>
UnTaxed income added successfully<br/>
Interest added Successfully<br/>
WebElement to be clicked [[ChromeDriver: chrome on XP (f37f080be7987df65ed8327f27675f56)] -> id: ctl00_cPH_img3]<br/>
After click [[ChromeDriver: chrome on XP (f37f080be7987df65ed8327f27675f56)] -> id: ctl00_cPH_img3]<br/>
WebElement [[ChromeDriver: chrome on XP (f37f080be7987df65ed8327f27675f56)] -> id: ctl00_cPH_img3] clicked<br/>
WebElement to be clicked [[ChromeDriver: chrome on XP (f37f080be7987df65ed8327f27675f56)] -> id: ctl00_cpHFooter_btnSave]<br/>
After click [[ChromeDriver: chrome on XP (f37f080be7987df65ed8327f27675f56)] -> id: ctl00_cpHFooter_btnSave]<br/>
WebElement [[ChromeDriver: chrome on XP (f37f080be7987df65ed8327f27675f56)] -> id: ctl00_cpHFooter_btnSave] clicked<br/>
Other Divident income added successfully<br/>
WebElement to be clicked [[ChromeDriver: chrome on XP (f37f080be7987df65ed8327f27675f56)] -> id: ctl00_cPH_img1]<br/>
After click [[ChromeDriver: chrome on XP (f37f080be7987df65ed8327f27675f56)] -> id: ctl00_cPH_img1]<br/>
WebElement [[ChromeDriver: chrome on XP (f37f080be7987df65ed8327f27675f56)] -> id: ctl00_cPH_img1] clicked<br/>
WebElement to be clicked [[ChromeDriver: chrome on XP (f37f080be7987df65ed8327f27675f56)] -> id: ctl00_cpHFooter_btnSaveIncome]<br/>
After click [[ChromeDriver: chrome on XP (f37f080be7987df65ed8327f27675f56)] -> id: ctl00_cpHFooter_btnSaveIncome]<br/>
WebElement [[ChromeDriver: chrome on XP (f37f080be7987df65ed8327f27675f56)] -> id: ctl00_cpHFooter_btnSaveIncome] clicked<br/>
WebElement to be clicked [[ChromeDriver: chrome on XP (f37f080be7987df65ed8327f27675f56)] -> id: ctl00_SideMenu1_hrefProperty]<br/>
After click [[ChromeDriver: chrome on XP (f37f080be7987df65ed8327f27675f56)] -> id: ctl00_SideMenu1_hrefProperty]<br/>
WebElement [[ChromeDriver: chrome on XP (f37f080be7987df65ed8327f27675f56)] -> id: ctl00_SideMenu1_hrefProperty] clicked<br/>
WebElement to be clicked [[ChromeDriver: chrome on XP (f37f080be7987df65ed8327f27675f56)] -> id: ctl00_cpHeaderRight_btnEdit]<br/>
After click [[ChromeDriver: chrome on XP (f37f080be7987df65ed8327f27675f56)] -> id: ctl00_cpHeaderRight_btnEdit]<br/>
WebElement [[ChromeDriver: chrome on XP (f37f080be7987df65ed8327f27675f56)] -> id: ctl00_cpHeaderRight_btnEdit] clicked<br/>
WebElement to be clicked [[ChromeDriver: chrome on XP (f37f080be7987df65ed8327f27675f56)] -> id: ctl00_cPH_btnSave]<br/>
After click [[ChromeDriver: chrome on XP (f37f080be7987df65ed8327f27675f56)] -> id: ctl00_cPH_btnSave]<br/>
WebElement [[ChromeDriver: chrome on XP (f37f080be7987df65ed8327f27675f56)] -> id: ctl00_cPH_btnSave] clicked<br/>
Adjusted profit for the year verified successfully: 51939.0<br/>
Taxable profit for the year verified successfully: 50742.0<br/>
WebElement to be clicked [[ChromeDriver: chrome on XP (f37f080be7987df65ed8327f27675f56)] -> xpath: //span[contains(text(),'Tax Return')]]<br/>
After click [[ChromeDriver: chrome on XP (f37f080be7987df65ed8327f27675f56)] -> xpath: //span[contains(text(),'Tax Return')]]<br/>
WebElement [[ChromeDriver: chrome on XP (f37f080be7987df65ed8327f27675f56)] -> xpath: //span[contains(text(),'Tax Return')]] clicked<br/>
WebElement to be clicked [[ChromeDriver: chrome on XP (f37f080be7987df65ed8327f27675f56)] -> xpath: //a[contains(text(),'Tax Calculation Summary')]]<br/>
After click [[ChromeDriver: chrome on XP (f37f080be7987df65ed8327f27675f56)] -> xpath: //a[contains(text(),'Tax Calculation Summary')]]<br/>
WebElement [[ChromeDriver: chrome on XP (f37f080be7987df65ed8327f27675f56)] -> xpath: //a[contains(text(),'Tax Calculation Summary')]] clicked<br/>
Amount of Profit From UK Land And Property is Verified: £51,939.00<br/>
Amount of Interest From UK banks and Building is Verified: £3,678.00<br/>
Amount of Dividends from UK Companies is Verified:  ( Other: £12,750.00) £12,750.00<br/>
Amount of UK pensions and State Benefits is Verified: £6,200.00<br/>
Amount of Income tax relief is Verified: £1,197.00<br/>
Test execution is in onTestFailure method<br/>
<img src=".\..\screenshots\Failure\MTRTestScenario16.funcAddTestCase16 - 02-Apr-2020__10_08_26AM.png" style=width:400px><br/>
</div>
</td>
<td><div><pre>org.openqa.selenium.NoSuchElementException: no such element: Unable to locate element: {&quot;method&quot;:&quot;xpath&quot;,&quot;selector&quot;:&quot;//table/tbody/tr/td[contains(text(),&apos;Blind&apos;)]//..//td[2]&quot;}
  (Session info: chrome=71.0.3578.98)
  (Driver info: chromedriver=2.46.628402 (536cd7adbad73a3783fdc2cab92ab2ba7ec361e1),platform=Windows NT 10.0.18362 x86_64) (WARNING: The server did not provide any stacktrace information)
Command duration or timeout: 0 milliseconds
For documentation on this error, please visit: http://seleniumhq.org/exceptions/no_such_element.html
Build info: version: &apos;3.11.0&apos;, revision: &apos;e59cfb3&apos;, time: &apos;2018-03-11T20:26:55.152Z&apos;
System info: host: &apos;NOM_ANJALI&apos;, ip: &apos;192.168.1.26&apos;, os.name: &apos;Windows 10&apos;, os.arch: &apos;amd64&apos;, os.version: &apos;10.0&apos;, java.version: &apos;10.0.1&apos;
Driver info: org.openqa.selenium.chrome.ChromeDriver
Capabilities {acceptInsecureCerts: false, acceptSslCerts: false, applicationCacheEnabled: false, browserConnectionEnabled: false, browserName: chrome, chrome: {chromedriverVersion: 2.46.628402 (536cd7adbad73a..., userDataDir: C:\Users\ADMINI~1\AppData\L...}, cssSelectorsEnabled: true, databaseEnabled: false, goog:chromeOptions: {debuggerAddress: localhost:6482}, handlesAlerts: true, hasTouchScreen: false, javascriptEnabled: true, locationContextEnabled: true, mobileEmulationEnabled: false, nativeEvents: true, networkConnectionEnabled: false, pageLoadStrategy: normal, platform: XP, platformName: XP, proxy: Proxy(), rotatable: false, setWindowRect: true, strictFileInteractability: false, takesHeapSnapshot: true, takesScreenshot: true, timeouts: {implicit: 0, pageLoad: 300000, script: 30000}, unexpectedAlertBehaviour: ignore, unhandledPromptBehavior: ignore, version: 71.0.3578.98, webStorageEnabled: true}
Session ID: f37f080be7987df65ed8327f27675f56
*** Element info: {Using=xpath, value=//table/tbody/tr/td[contains(text(),&apos;Blind&apos;)]//..//td[2]}
	at java.base/jdk.internal.reflect.NativeConstructorAccessorImpl.newInstance0(Native Method)
	at java.base/jdk.internal.reflect.NativeConstructorAccessorImpl.newInstance(NativeConstructorAccessorImpl.java:62)
	at java.base/jdk.internal.reflect.DelegatingConstructorAccessorImpl.newInstance(DelegatingConstructorAccessorImpl.java:45)
	at java.base/java.lang.reflect.Constructor.newInstance(Constructor.java:488)
	at org.openqa.selenium.remote.ErrorHandler.createThrowable(ErrorHandler.java:214)
	at org.openqa.selenium.remote.ErrorHandler.throwIfResponseFailed(ErrorHandler.java:166)
	at org.openqa.selenium.remote.http.JsonHttpResponseCodec.reconstructValue(JsonHttpResponseCodec.java:40)
	at org.openqa.selenium.remote.http.AbstractHttpResponseCodec.decode(AbstractHttpResponseCodec.java:80)
	at org.openqa.selenium.remote.http.AbstractHttpResponseCodec.decode(AbstractHttpResponseCodec.java:44)
	at org.openqa.selenium.remote.HttpCommandExecutor.execute(HttpCommandExecutor.java:158)
	at org.openqa.selenium.remote.service.DriverCommandExecutor.execute(DriverCommandExecutor.java:83)
	at org.openqa.selenium.remote.RemoteWebDriver.execute(RemoteWebDriver.java:545)
	at org.openqa.selenium.remote.RemoteWebDriver.findElement(RemoteWebDriver.java:319)
	at org.openqa.selenium.remote.RemoteWebDriver.findElementByXPath(RemoteWebDriver.java:421)
	at org.openqa.selenium.By$ByXPath.findElement(By.java:361)
	at org.openqa.selenium.remote.RemoteWebDriver.findElement(RemoteWebDriver.java:311)
	at jdk.internal.reflect.GeneratedMethodAccessor4.invoke(Unknown Source)
	at java.base/jdk.internal.reflect.DelegatingMethodAccessorImpl.invoke(DelegatingMethodAccessorImpl.java:43)
	at java.base/java.lang.reflect.Method.invoke(Method.java:564)
	at org.openqa.selenium.support.events.EventFiringWebDriver.lambda$new$1(EventFiringWebDriver.java:103)
	at com.sun.proxy.$Proxy14.findElement(Unknown Source)
	at org.openqa.selenium.support.events.EventFiringWebDriver.findElement(EventFiringWebDriver.java:186)
	at org.openqa.selenium.support.pagefactory.DefaultElementLocator.findElement(DefaultElementLocator.java:69)
	at org.openqa.selenium.support.pagefactory.internal.LocatingElementHandler.invoke(LocatingElementHandler.java:38)
	at com.sun.proxy.$Proxy18.getText(Unknown Source)
	at com.nomisma.SelfAssessmentpom2020.SAPOM2020.addTestCase16(SAPOM2020.java:10341)
	at com.nomisma.SAMTR_Scripts2020_live.MTRTestScenario16.funcAddTestCase16(MTRTestScenario16.java:57)
	at java.base/jdk.internal.reflect.NativeMethodAccessorImpl.invoke0(Native Method)
	at java.base/jdk.internal.reflect.NativeMethodAccessorImpl.invoke(NativeMethodAccessorImpl.java:62)
	at java.base/jdk.internal.reflect.DelegatingMethodAccessorImpl.invoke(DelegatingMethodAccessorImpl.java:43)
	at java.base/java.lang.reflect.Method.invoke(Method.java:564)
	at org.testng.internal.MethodInvocationHelper.invokeMethod(MethodInvocationHelper.java:80)
	at org.testng.internal.Invoker.invokeMethod(Invoker.java:714)
	at org.testng.internal.Invoker.invokeTestMethod(Invoker.java:901)
	at org.testng.internal.Invoker.invokeTestMethods(Invoker.java:1231)
	at org.testng.internal.TestMethodWorker.invokeTestMethods(TestMethodWorker.java:127)
	at org.testng.internal.TestMethodWorker.run(TestMethodWorker.java:111)
	at org.testng.TestRunner.privateRun(TestRunner.java:767)
	at org.testng.TestRunner.run(TestRunner.java:617)
	at org.testng.SuiteRunner.runTest(SuiteRunner.java:334)
	at org.testng.SuiteRunner.runSequentially(SuiteRunner.java:329)
	at org.testng.SuiteRunner.privateRun(SuiteRunner.java:291)
	at org.testng.SuiteRunner.run(SuiteRunner.java:240)
	at org.testng.SuiteRunnerWorker.runSuite(SuiteRunnerWorker.java:52)
	at org.testng.SuiteRunnerWorker.run(SuiteRunnerWorker.java:86)
	at org.testng.TestNG.runSuitesSequentially(TestNG.java:1198)
	at org.testng.TestNG.runSuitesLocally(TestNG.java:1123)
	at org.testng.TestNG.run(TestNG.java:1031)
	at org.testng.remote.AbstractRemoteTestNG.run(AbstractRemoteTestNG.java:114)
	at org.testng.remote.RemoteTestNG.initAndRun(RemoteTestNG.java:251)
	at org.testng.remote.RemoteTestNG.main(RemoteTestNG.java:77)
</pre></div><a href='#' onClick='toggleBox("stack-trace1820594585", this, "Click to show all stack frames", "Click to hide stack frames")'>Click to show all stack frames</a>
<div class='stack-trace' id='stack-trace1820594585'><pre>org.openqa.selenium.NoSuchElementException: no such element: Unable to locate element: {&quot;method&quot;:&quot;xpath&quot;,&quot;selector&quot;:&quot;//table/tbody/tr/td[contains(text(),&apos;Blind&apos;)]//..//td[2]&quot;}
  (Session info: chrome=71.0.3578.98)
  (Driver info: chromedriver=2.46.628402 (536cd7adbad73a3783fdc2cab92ab2ba7ec361e1),platform=Windows NT 10.0.18362 x86_64) (WARNING: The server did not provide any stacktrace information)
Command duration or timeout: 0 milliseconds
For documentation on this error, please visit: http://seleniumhq.org/exceptions/no_such_element.html
Build info: version: &apos;3.11.0&apos;, revision: &apos;e59cfb3&apos;, time: &apos;2018-03-11T20:26:55.152Z&apos;
System info: host: &apos;NOM_ANJALI&apos;, ip: &apos;192.168.1.26&apos;, os.name: &apos;Windows 10&apos;, os.arch: &apos;amd64&apos;, os.version: &apos;10.0&apos;, java.version: &apos;10.0.1&apos;
Driver info: org.openqa.selenium.chrome.ChromeDriver
Capabilities {acceptInsecureCerts: false, acceptSslCerts: false, applicationCacheEnabled: false, browserConnectionEnabled: false, browserName: chrome, chrome: {chromedriverVersion: 2.46.628402 (536cd7adbad73a..., userDataDir: C:\Users\ADMINI~1\AppData\L...}, cssSelectorsEnabled: true, databaseEnabled: false, goog:chromeOptions: {debuggerAddress: localhost:6482}, handlesAlerts: true, hasTouchScreen: false, javascriptEnabled: true, locationContextEnabled: true, mobileEmulationEnabled: false, nativeEvents: true, networkConnectionEnabled: false, pageLoadStrategy: normal, platform: XP, platformName: XP, proxy: Proxy(), rotatable: false, setWindowRect: true, strictFileInteractability: false, takesHeapSnapshot: true, takesScreenshot: true, timeouts: {implicit: 0, pageLoad: 300000, script: 30000}, unexpectedAlertBehaviour: ignore, unhandledPromptBehavior: ignore, version: 71.0.3578.98, webStorageEnabled: true}
Session ID: f37f080be7987df65ed8327f27675f56
*** Element info: {Using=xpath, value=//table/tbody/tr/td[contains(text(),&apos;Blind&apos;)]//..//td[2]}
	at java.base/jdk.internal.reflect.NativeConstructorAccessorImpl.newInstance0(Native Method)
	at java.base/jdk.internal.reflect.NativeConstructorAccessorImpl.newInstance(NativeConstructorAccessorImpl.java:62)
	at java.base/jdk.internal.reflect.DelegatingConstructorAccessorImpl.newInstance(DelegatingConstructorAccessorImpl.java:45)
	at java.base/java.lang.reflect.Constructor.newInstance(Constructor.java:488)
	at org.openqa.selenium.remote.ErrorHandler.createThrowable(ErrorHandler.java:214)
	at org.openqa.selenium.remote.ErrorHandler.throwIfResponseFailed(ErrorHandler.java:166)
	at org.openqa.selenium.remote.http.JsonHttpResponseCodec.reconstructValue(JsonHttpResponseCodec.java:40)
	at org.openqa.selenium.remote.http.AbstractHttpResponseCodec.decode(AbstractHttpResponseCodec.java:80)
	at org.openqa.selenium.remote.http.AbstractHttpResponseCodec.decode(AbstractHttpResponseCodec.java:44)
	at org.openqa.selenium.remote.HttpCommandExecutor.execute(HttpCommandExecutor.java:158)
	at org.openqa.selenium.remote.service.DriverCommandExecutor.execute(DriverCommandExecutor.java:83)
	at org.openqa.selenium.remote.RemoteWebDriver.execute(RemoteWebDriver.java:545)
	at org.openqa.selenium.remote.RemoteWebDriver.findElement(RemoteWebDriver.java:319)
	at org.openqa.selenium.remote.RemoteWebDriver.findElementByXPath(RemoteWebDriver.java:421)
	at org.openqa.selenium.By$ByXPath.findElement(By.java:361)
	at org.openqa.selenium.remote.RemoteWebDriver.findElement(RemoteWebDriver.java:311)
	at jdk.internal.reflect.GeneratedMethodAccessor4.invoke(Unknown Source)
	at java.base/jdk.internal.reflect.DelegatingMethodAccessorImpl.invoke(DelegatingMethodAccessorImpl.java:43)
	at java.base/java.lang.reflect.Method.invoke(Method.java:564)
	at org.openqa.selenium.support.events.EventFiringWebDriver.lambda$new$1(EventFiringWebDriver.java:103)
	at com.sun.proxy.$Proxy14.findElement(Unknown Source)
	at org.openqa.selenium.support.events.EventFiringWebDriver.findElement(EventFiringWebDriver.java:186)
	at org.openqa.selenium.support.pagefactory.DefaultElementLocator.findElement(DefaultElementLocator.java:69)
	at org.openqa.selenium.support.pagefactory.internal.LocatingElementHandler.invoke(LocatingElementHandler.java:38)
	at com.sun.proxy.$Proxy18.getText(Unknown Source)
	at com.nomisma.SelfAssessmentpom2020.SAPOM2020.addTestCase16(SAPOM2020.java:10341)
	at com.nomisma.SAMTR_Scripts2020_live.MTRTestScenario16.funcAddTestCase16(MTRTestScenario16.java:57)
	at java.base/jdk.internal.reflect.NativeMethodAccessorImpl.invoke0(Native Method)
	at java.base/jdk.internal.reflect.NativeMethodAccessorImpl.invoke(NativeMethodAccessorImpl.java:62)
	at java.base/jdk.internal.reflect.DelegatingMethodAccessorImpl.invoke(DelegatingMethodAccessorImpl.java:43)
	at java.base/java.lang.reflect.Method.invoke(Method.java:564)
	at org.testng.internal.MethodInvocationHelper.invokeMethod(MethodInvocationHelper.java:80)
	at org.testng.internal.Invoker.invokeMethod(Invoker.java:714)
	at org.testng.internal.Invoker.invokeTestMethod(Invoker.java:901)
	at org.testng.internal.Invoker.invokeTestMethods(Invoker.java:1231)
	at org.testng.internal.TestMethodWorker.invokeTestMethods(TestMethodWorker.java:127)
	at org.testng.internal.TestMethodWorker.run(TestMethodWorker.java:111)
	at org.testng.TestRunner.privateRun(TestRunner.java:767)
	at org.testng.TestRunner.run(TestRunner.java:617)
	at org.testng.SuiteRunner.runTest(SuiteRunner.java:334)
	at org.testng.SuiteRunner.runSequentially(SuiteRunner.java:329)
	at org.testng.SuiteRunner.privateRun(SuiteRunner.java:291)
	at org.testng.SuiteRunner.run(SuiteRunner.java:240)
	at org.testng.SuiteRunnerWorker.runSuite(SuiteRunnerWorker.java:52)
	at org.testng.SuiteRunnerWorker.run(SuiteRunnerWorker.java:86)
	at org.testng.TestNG.runSuitesSequentially(TestNG.java:1198)
	at org.testng.TestNG.runSuitesLocally(TestNG.java:1123)
	at org.testng.TestNG.run(TestNG.java:1031)
	at org.testng.remote.AbstractRemoteTestNG.run(AbstractRemoteTestNG.java:114)
	at org.testng.remote.RemoteTestNG.initAndRun(RemoteTestNG.java:251)
	at org.testng.remote.RemoteTestNG.main(RemoteTestNG.java:77)
</pre></div></td>
<td>100</td>
<td>com.nomisma.SAMTR_Scripts2020_live.MTRTestScenario16@2663e964</td></tr>
</table><p>
</body>
</html>