<?xml version="1.0" encoding="UTF-8"?>
<!-- Generated by org.testng.reporters.JUnitXMLReporter -->
<testsuite hostname="Nom_aNjali" failures="0" tests="2" name="MTRTestScenario154_2020_1" time="236.573" errors="0" timestamp="18 Feb 2020 08:41:59 GMT">
  <testcase classname="com.nomisma.SAMTR_Scripts2020_Old.MTRTestScenario154" name="funcDelTestCase154" time="113.381"/>
  <testcase classname="com.nomisma.SAMTR_Scripts2020_Old.MTRTestScenario154" name="funcAddTestCase154" time="94.324"/>
</testsuite> <!-- MTRTestScenario154_2020_1 -->
