<?xml version="1.0" encoding="UTF-8"?>
<!-- Generated by org.testng.reporters.JUnitXMLReporter -->
<testsuite hostname="Nom_aNjali" failures="0" tests="2" name="MTRtestCase38_2019" time="232.051" errors="0" timestamp="24 Feb 2020 04:35:35 GMT">
  <testcase classname="com.nomisma.SAMTR_Scripts2019_sandbox.MTRTestScenario38" name="funcDelTestCase38" time="132.902"/>
  <testcase classname="com.nomisma.SAMTR_Scripts2019_sandbox.MTRTestScenario38" name="funcTestCase38" time="72.2"/>
</testsuite> <!-- MTRtestCase38_2019 -->
