<?xml version="1.0" encoding="UTF-8"?>
<!-- Generated by org.testng.reporters.JUnitXMLReporter -->
<testsuite hostname="Nom_aNjali" failures="0" tests="2" name="MTRtestCase202_2019" time="109.114" errors="0" timestamp="22 Jan 2020 19:42:21 GMT">
  <testcase classname="com.nomisma.SAMTR_Scripts2019.MTRTestScenario202" name="funcAddTestCase202" time="31.31"/>
  <testcase classname="com.nomisma.SAMTR_Scripts2019.MTRTestScenario202" name="funcDelTestCase202" time="52.21"/>
</testsuite> <!-- MTRtestCase202_2019 -->
