<html>
<head>
<title>TestNG:  MTRTestScenario159_2020_1</title>
<link href="../testng.css" rel="stylesheet" type="text/css" />
<link href="../my-testng.css" rel="stylesheet" type="text/css" />

<style type="text/css">
.log { display: none;} 
.stack-trace { display: none;} 
</style>
<script type="text/javascript">
<!--
function flip(e) {
  current = e.style.display;
  if (current == 'block') {
    e.style.display = 'none';
    return 0;
  }
  else {
    e.style.display = 'block';
    return 1;
  }
}

function toggleBox(szDivId, elem, msg1, msg2)
{
  var res = -1;  if (document.getElementById) {
    res = flip(document.getElementById(szDivId));
  }
  else if (document.all) {
    // this is the way old msie versions work
    res = flip(document.all[szDivId]);
  }
  if(elem) {
    if(res == 0) elem.innerHTML = msg1; else elem.innerHTML = msg2;
  }

}

function toggleAllBoxes() {
  if (document.getElementsByTagName) {
    d = document.getElementsByTagName('div');
    for (i = 0; i < d.length; i++) {
      if (d[i].className == 'log') {
        flip(d[i]);
      }
    }
  }
}

// -->
</script>

</head>
<body>
<h2 align='center'>MTRTestScenario159_2020_1</h2><table border='1' align="center">
<tr>
<td>Tests passed/Failed/Skipped:</td><td>0/1/0</td>
</tr><tr>
<td>Started on:</td><td>Fri Jan 31 15:25:23 IST 2020</td>
</tr>
<tr><td>Total time:</td><td>53 seconds (53086 ms)</td>
</tr><tr>
<td>Included groups:</td><td></td>
</tr><tr>
<td>Excluded groups:</td><td></td>
</tr>
</table><p/>
<small><i>(Hover the method name to see the test class name)</i></small><p/>
<table width='100%' border='1' class='invocation-failed'>
<tr><td colspan='4' align='center'><b>FAILED TESTS</b></td></tr>
<tr><td><b>Test method</b></td>
<td width="30%"><b>Exception</b></td>
<td width="10%"><b>Time (seconds)</b></td>
<td><b>Instance</b></td>
</tr>
<tr>
<td title='com.nomisma.SAMTR_Scripts2020_Old.MTRTestScenario159.funcAddTestCase159()'><b>funcAddTestCase159</b><br>Test class: com.nomisma.SAMTR_Scripts2020_Old.MTRTestScenario159<br/>
<a href="#Output-1615535645" onClick='toggleBox("Output-1615535645", this, "Show output", "Hide output");'>Show output</a>

<a href="#Output-1615535645" onClick="toggleAllBoxes();">Show all outputs</a>
<div class='log' id="Output-1615535645">
WebElement to be clicked [[ChromeDriver: chrome on XP (f5b423e500e176e0b8270f582cd71b8b)] -> id: ctl00_cPH_btnLogin]<br/>
After click [[ChromeDriver: chrome on XP (f5b423e500e176e0b8270f582cd71b8b)] -> id: ctl00_cPH_btnLogin]<br/>
WebElement [[ChromeDriver: chrome on XP (f5b423e500e176e0b8270f582cd71b8b)] -> id: ctl00_cPH_btnLogin] clicked<br/>
WebElement to be clicked [[ChromeDriver: chrome on XP (f5b423e500e176e0b8270f582cd71b8b)] -> id: ctl00_cPHFilter_btnSearch]<br/>
After click [[ChromeDriver: chrome on XP (f5b423e500e176e0b8270f582cd71b8b)] -> id: ctl00_cPHFilter_btnSearch]<br/>
WebElement [[ChromeDriver: chrome on XP (f5b423e500e176e0b8270f582cd71b8b)] -> id: ctl00_cPHFilter_btnSearch] clicked<br/>
WebElement to be clicked [[ChromeDriver: chrome on XP (f5b423e500e176e0b8270f582cd71b8b)] -> xpath: //table//tbody//tr//td[contains(text(),'OldScenarioTestCases2020')]]<br/>
After click [[ChromeDriver: chrome on XP (f5b423e500e176e0b8270f582cd71b8b)] -> xpath: //table//tbody//tr//td[contains(text(),'OldScenarioTestCases2020')]]<br/>
WebElement [[ChromeDriver: chrome on XP (f5b423e500e176e0b8270f582cd71b8b)] -> xpath: //table//tbody//tr//td[contains(text(),'OldScenarioTestCases2020')]] clicked<br/>
Agent window is displayed<br/>
WebElement to be clicked [[ChromeDriver: chrome on XP (f5b423e500e176e0b8270f582cd71b8b)] -> xpath: //span[contains(text(),'Self Assessment')]]<br/>
After click [[ChromeDriver: chrome on XP (f5b423e500e176e0b8270f582cd71b8b)] -> xpath: //span[contains(text(),'Self Assessment')]]<br/>
WebElement [[ChromeDriver: chrome on XP (f5b423e500e176e0b8270f582cd71b8b)] -> xpath: //span[contains(text(),'Self Assessment')]] clicked<br/>
WebElement to be clicked [[ChromeDriver: chrome on XP (f5b423e500e176e0b8270f582cd71b8b)] -> xpath: //a[contains(text(),'Client List')]]<br/>
After click [[ChromeDriver: chrome on XP (f5b423e500e176e0b8270f582cd71b8b)] -> xpath: //a[contains(text(),'Client List')]]<br/>
WebElement [[ChromeDriver: chrome on XP (f5b423e500e176e0b8270f582cd71b8b)] -> xpath: //a[contains(text(),'Client List')]] clicked<br/>
Client Link Clicked<br/>
WebElement to be clicked [[ChromeDriver: chrome on XP (f5b423e500e176e0b8270f582cd71b8b)] -> id: ctl00_ctl00_ParentContent_cpHeaderRight_LinkButtonEx1]<br/>
After click [[ChromeDriver: chrome on XP (f5b423e500e176e0b8270f582cd71b8b)] -> id: ctl00_ctl00_ParentContent_cpHeaderRight_LinkButtonEx1]<br/>
WebElement [[ChromeDriver: chrome on XP (f5b423e500e176e0b8270f582cd71b8b)] -> id: ctl00_ctl00_ParentContent_cpHeaderRight_LinkButtonEx1] clicked<br/>
WebElement to be clicked [[ChromeDriver: chrome on XP (f5b423e500e176e0b8270f582cd71b8b)] -> id: ctl00_ctl00_ParentContent_cPHFilter_btnSearch]<br/>
After click [[ChromeDriver: chrome on XP (f5b423e500e176e0b8270f582cd71b8b)] -> id: ctl00_ctl00_ParentContent_cPHFilter_btnSearch]<br/>
WebElement [[ChromeDriver: chrome on XP (f5b423e500e176e0b8270f582cd71b8b)] -> id: ctl00_ctl00_ParentContent_cPHFilter_btnSearch] clicked<br/>
WebElement to be clicked [[ChromeDriver: chrome on XP (f5b423e500e176e0b8270f582cd71b8b)] -> xpath: //a[contains(text(),'TestCase2020_159')]]<br/>
After click [[ChromeDriver: chrome on XP (f5b423e500e176e0b8270f582cd71b8b)] -> xpath: //a[contains(text(),'TestCase2020_159')]]<br/>
WebElement [[ChromeDriver: chrome on XP (f5b423e500e176e0b8270f582cd71b8b)] -> xpath: //a[contains(text(),'TestCase2020_159')]] clicked<br/>
Client Selected for Test Case 159<br/>
Exceuting MTR Test Case 159<br/>
WebElement to be clicked [[ChromeDriver: chrome on XP (f5b423e500e176e0b8270f582cd71b8b)] -> xpath: //main/div/div[2]/ul/li[5]/a/span]<br/>
After click [[ChromeDriver: chrome on XP (f5b423e500e176e0b8270f582cd71b8b)] -> xpath: //main/div/div[2]/ul/li[5]/a/span]<br/>
WebElement [[ChromeDriver: chrome on XP (f5b423e500e176e0b8270f582cd71b8b)] -> xpath: //main/div/div[2]/ul/li[5]/a/span] clicked<br/>
WebElement to be clicked [[ChromeDriver: chrome on XP (f5b423e500e176e0b8270f582cd71b8b)] -> xpath: //a[contains(text(),'Dividend, Bank Interest, Pensions & Other UK Income')]]<br/>
After click [[ChromeDriver: chrome on XP (f5b423e500e176e0b8270f582cd71b8b)] -> xpath: //a[contains(text(),'Dividend, Bank Interest, Pensions & Other UK Income')]]<br/>
WebElement [[ChromeDriver: chrome on XP (f5b423e500e176e0b8270f582cd71b8b)] -> xpath: //a[contains(text(),'Dividend, Bank Interest, Pensions & Other UK Income')]] clicked<br/>
WebElement to be clicked [[ChromeDriver: chrome on XP (f5b423e500e176e0b8270f582cd71b8b)] -> id: ctl00_cPH_img2]<br/>
After click [[ChromeDriver: chrome on XP (f5b423e500e176e0b8270f582cd71b8b)] -> id: ctl00_cPH_img2]<br/>
WebElement [[ChromeDriver: chrome on XP (f5b423e500e176e0b8270f582cd71b8b)] -> id: ctl00_cPH_img2] clicked<br/>
WebElement to be clicked [[ChromeDriver: chrome on XP (f5b423e500e176e0b8270f582cd71b8b)] -> id: ctl00_cpHFooter_btnSaveIncome]<br/>
After click [[ChromeDriver: chrome on XP (f5b423e500e176e0b8270f582cd71b8b)] -> id: ctl00_cpHFooter_btnSaveIncome]<br/>
WebElement [[ChromeDriver: chrome on XP (f5b423e500e176e0b8270f582cd71b8b)] -> id: ctl00_cpHFooter_btnSaveIncome] clicked<br/>
Other UK Income added successfully<br/>
WebElement to be clicked [[ChromeDriver: chrome on XP (f5b423e500e176e0b8270f582cd71b8b)] -> xpath: //span[contains(text(),'Additional Information')]]<br/>
After click [[ChromeDriver: chrome on XP (f5b423e500e176e0b8270f582cd71b8b)] -> xpath: //span[contains(text(),'Additional Information')]]<br/>
WebElement [[ChromeDriver: chrome on XP (f5b423e500e176e0b8270f582cd71b8b)] -> xpath: //span[contains(text(),'Additional Information')]] clicked<br/>
WebElement to be clicked [[ChromeDriver: chrome on XP (f5b423e500e176e0b8270f582cd71b8b)] -> id: ctl00_cpHeaderRight_btnEditIncome]<br/>
After click [[ChromeDriver: chrome on XP (f5b423e500e176e0b8270f582cd71b8b)] -> id: ctl00_cpHeaderRight_btnEditIncome]<br/>
WebElement [[ChromeDriver: chrome on XP (f5b423e500e176e0b8270f582cd71b8b)] -> id: ctl00_cpHeaderRight_btnEditIncome] clicked<br/>
WebElement to be clicked [[ChromeDriver: chrome on XP (f5b423e500e176e0b8270f582cd71b8b)] -> id: ctl00_cPH_btnSaveIncome]<br/>
After click [[ChromeDriver: chrome on XP (f5b423e500e176e0b8270f582cd71b8b)] -> id: ctl00_cPH_btnSaveIncome]<br/>
WebElement [[ChromeDriver: chrome on XP (f5b423e500e176e0b8270f582cd71b8b)] -> id: ctl00_cPH_btnSaveIncome] clicked<br/>
WebElement to be clicked [[ChromeDriver: chrome on XP (f5b423e500e176e0b8270f582cd71b8b)] -> xpath: //main/div/div[2]/ul/li[5]/a/span]<br/>
After click [[ChromeDriver: chrome on XP (f5b423e500e176e0b8270f582cd71b8b)] -> xpath: //main/div/div[2]/ul/li[5]/a/span]<br/>
WebElement [[ChromeDriver: chrome on XP (f5b423e500e176e0b8270f582cd71b8b)] -> xpath: //main/div/div[2]/ul/li[5]/a/span] clicked<br/>
WebElement to be clicked [[ChromeDriver: chrome on XP (f5b423e500e176e0b8270f582cd71b8b)] -> id: ctl00_SideMenu1_hrefCapitalGain]<br/>
After click [[ChromeDriver: chrome on XP (f5b423e500e176e0b8270f582cd71b8b)] -> id: ctl00_SideMenu1_hrefCapitalGain]<br/>
WebElement [[ChromeDriver: chrome on XP (f5b423e500e176e0b8270f582cd71b8b)] -> id: ctl00_SideMenu1_hrefCapitalGain] clicked<br/>
WebElement to be clicked [[ChromeDriver: chrome on XP (f5b423e500e176e0b8270f582cd71b8b)] -> id: ctl00_cpHeaderRight_btnEdit]<br/>
After click [[ChromeDriver: chrome on XP (f5b423e500e176e0b8270f582cd71b8b)] -> id: ctl00_cpHeaderRight_btnEdit]<br/>
WebElement [[ChromeDriver: chrome on XP (f5b423e500e176e0b8270f582cd71b8b)] -> id: ctl00_cpHeaderRight_btnEdit] clicked<br/>
WebElement to be clicked [[ChromeDriver: chrome on XP (f5b423e500e176e0b8270f582cd71b8b)] -> id: ctl00_cPH_btnSave]<br/>
After click [[ChromeDriver: chrome on XP (f5b423e500e176e0b8270f582cd71b8b)] -> id: ctl00_cPH_btnSave]<br/>
WebElement [[ChromeDriver: chrome on XP (f5b423e500e176e0b8270f582cd71b8b)] -> id: ctl00_cPH_btnSave] clicked<br/>
WebElement to be clicked [[ChromeDriver: chrome on XP (f5b423e500e176e0b8270f582cd71b8b)] -> xpath: //span[contains(text(),'Tax Return')]]<br/>
After click [[ChromeDriver: chrome on XP (f5b423e500e176e0b8270f582cd71b8b)] -> xpath: //span[contains(text(),'Tax Return')]]<br/>
WebElement [[ChromeDriver: chrome on XP (f5b423e500e176e0b8270f582cd71b8b)] -> xpath: //span[contains(text(),'Tax Return')]] clicked<br/>
WebElement to be clicked [[ChromeDriver: chrome on XP (f5b423e500e176e0b8270f582cd71b8b)] -> xpath: //a[contains(text(),'Tax Calculation Summary')]]<br/>
After click [[ChromeDriver: chrome on XP (f5b423e500e176e0b8270f582cd71b8b)] -> xpath: //a[contains(text(),'Tax Calculation Summary')]]<br/>
WebElement [[ChromeDriver: chrome on XP (f5b423e500e176e0b8270f582cd71b8b)] -> xpath: //a[contains(text(),'Tax Calculation Summary')]] clicked<br/>
Other Income verified: £5,020.00<br/>
Amount of Gains on life insurance policies etc is verified: £100,000.00<br/>
Total Income Received verified: £105,020.00<br/>
Reduced Personal Allowance is Verified: £9,990.00<br/>
Total Income On Which Tax is Due verified: £95,030.00<br/>
Basic Rate of Saving: 32000.0<br/>
Amount of Basic Rate of Saving: 0.0<br/>
Heigher Rate of Saving: 57530.0<br/>
Income Tax due verifired successfully£29,412.00<br/>
Top Slicing Relief Value: 10406.0<br/>
Amount of Top Slicing Relief is verifired successfully£10,406.00<br/>
Amount of Notional tax from gains on life policies etc. is verifired successfully: £19,006.00<br/>
Total tax deducted is Verified: £1,004.00<br/>
Income Tax overpaid is verifired successfully£1,004.00<br/>
Test execution is in onTestFailure method<br/>
<img src=".\..\screenshots\Failure\MTRTestScenario159.funcAddTestCase159 - 31-Jan-2020__03_26_15PM.png" style=width:400px><br/>
</div>
</td>
<td><div><pre>java.lang.AssertionError: expected [1170.00] but found [1130.00]
	at org.testng.Assert.fail(Assert.java:94)
	at org.testng.Assert.failNotEquals(Assert.java:494)
	at org.testng.Assert.assertEquals(Assert.java:123)
	at org.testng.Assert.assertEquals(Assert.java:176)
	at org.testng.Assert.assertEquals(Assert.java:186)
	at com.nomisma.SelfAssessmentpom2020.SAPOM2020OldScenario.addTestCase159(SAPOM2020OldScenario.java:26480)
	at com.nomisma.SAMTR_Scripts2020_Old.MTRTestScenario159.funcAddTestCase159(MTRTestScenario159.java:55)
	at java.base/jdk.internal.reflect.NativeMethodAccessorImpl.invoke0(Native Method)
	at java.base/jdk.internal.reflect.NativeMethodAccessorImpl.invoke(NativeMethodAccessorImpl.java:62)
	at java.base/jdk.internal.reflect.DelegatingMethodAccessorImpl.invoke(DelegatingMethodAccessorImpl.java:43)
	at java.base/java.lang.reflect.Method.invoke(Method.java:564)
	at org.testng.internal.MethodInvocationHelper.invokeMethod(MethodInvocationHelper.java:80)
	at org.testng.internal.Invoker.invokeMethod(Invoker.java:714)
	at org.testng.internal.Invoker.invokeTestMethod(Invoker.java:901)
	at org.testng.internal.Invoker.invokeTestMethods(Invoker.java:1231)
	at org.testng.internal.TestMethodWorker.invokeTestMethods(TestMethodWorker.java:127)
	at org.testng.internal.TestMethodWorker.run(TestMethodWorker.java:111)
	at org.testng.TestRunner.privateRun(TestRunner.java:767)
	at org.testng.TestRunner.run(TestRunner.java:617)
	at org.testng.SuiteRunner.runTest(SuiteRunner.java:334)
	at org.testng.SuiteRunner.runSequentially(SuiteRunner.java:329)
	at org.testng.SuiteRunner.privateRun(SuiteRunner.java:291)
	at org.testng.SuiteRunner.run(SuiteRunner.java:240)
	at org.testng.SuiteRunnerWorker.runSuite(SuiteRunnerWorker.java:52)
	at org.testng.SuiteRunnerWorker.run(SuiteRunnerWorker.java:86)
	at org.testng.TestNG.runSuitesSequentially(TestNG.java:1198)
	at org.testng.TestNG.runSuitesLocally(TestNG.java:1123)
	at org.testng.TestNG.run(TestNG.java:1031)
	at org.testng.remote.AbstractRemoteTestNG.run(AbstractRemoteTestNG.java:114)
	at org.testng.remote.RemoteTestNG.initAndRun(RemoteTestNG.java:251)
	at org.testng.remote.RemoteTestNG.main(RemoteTestNG.java:77)
</pre></div><a href='#' onClick='toggleBox("stack-trace1615535645", this, "Click to show all stack frames", "Click to hide stack frames")'>Click to show all stack frames</a>
<div class='stack-trace' id='stack-trace1615535645'><pre>java.lang.AssertionError: expected [1170.00] but found [1130.00]
	at org.testng.Assert.fail(Assert.java:94)
	at org.testng.Assert.failNotEquals(Assert.java:494)
	at org.testng.Assert.assertEquals(Assert.java:123)
	at org.testng.Assert.assertEquals(Assert.java:176)
	at org.testng.Assert.assertEquals(Assert.java:186)
	at com.nomisma.SelfAssessmentpom2020.SAPOM2020OldScenario.addTestCase159(SAPOM2020OldScenario.java:26480)
	at com.nomisma.SAMTR_Scripts2020_Old.MTRTestScenario159.funcAddTestCase159(MTRTestScenario159.java:55)
	at java.base/jdk.internal.reflect.NativeMethodAccessorImpl.invoke0(Native Method)
	at java.base/jdk.internal.reflect.NativeMethodAccessorImpl.invoke(NativeMethodAccessorImpl.java:62)
	at java.base/jdk.internal.reflect.DelegatingMethodAccessorImpl.invoke(DelegatingMethodAccessorImpl.java:43)
	at java.base/java.lang.reflect.Method.invoke(Method.java:564)
	at org.testng.internal.MethodInvocationHelper.invokeMethod(MethodInvocationHelper.java:80)
	at org.testng.internal.Invoker.invokeMethod(Invoker.java:714)
	at org.testng.internal.Invoker.invokeTestMethod(Invoker.java:901)
	at org.testng.internal.Invoker.invokeTestMethods(Invoker.java:1231)
	at org.testng.internal.TestMethodWorker.invokeTestMethods(TestMethodWorker.java:127)
	at org.testng.internal.TestMethodWorker.run(TestMethodWorker.java:111)
	at org.testng.TestRunner.privateRun(TestRunner.java:767)
	at org.testng.TestRunner.run(TestRunner.java:617)
	at org.testng.SuiteRunner.runTest(SuiteRunner.java:334)
	at org.testng.SuiteRunner.runSequentially(SuiteRunner.java:329)
	at org.testng.SuiteRunner.privateRun(SuiteRunner.java:291)
	at org.testng.SuiteRunner.run(SuiteRunner.java:240)
	at org.testng.SuiteRunnerWorker.runSuite(SuiteRunnerWorker.java:52)
	at org.testng.SuiteRunnerWorker.run(SuiteRunnerWorker.java:86)
	at org.testng.TestNG.runSuitesSequentially(TestNG.java:1198)
	at org.testng.TestNG.runSuitesLocally(TestNG.java:1123)
	at org.testng.TestNG.run(TestNG.java:1031)
	at org.testng.remote.AbstractRemoteTestNG.run(AbstractRemoteTestNG.java:114)
	at org.testng.remote.RemoteTestNG.initAndRun(RemoteTestNG.java:251)
	at org.testng.remote.RemoteTestNG.main(RemoteTestNG.java:77)
</pre></div></td>
<td>39</td>
<td>com.nomisma.SAMTR_Scripts2020_Old.MTRTestScenario159@2bec854f</td></tr>
</table><p>
</body>
</html>