<html>
<head>
<title>TestNG:  MTRTestScenario62_2020_1</title>
<link href="../testng.css" rel="stylesheet" type="text/css" />
<link href="../my-testng.css" rel="stylesheet" type="text/css" />

<style type="text/css">
.log { display: none;} 
.stack-trace { display: none;} 
</style>
<script type="text/javascript">
<!--
function flip(e) {
  current = e.style.display;
  if (current == 'block') {
    e.style.display = 'none';
    return 0;
  }
  else {
    e.style.display = 'block';
    return 1;
  }
}

function toggleBox(szDivId, elem, msg1, msg2)
{
  var res = -1;  if (document.getElementById) {
    res = flip(document.getElementById(szDivId));
  }
  else if (document.all) {
    // this is the way old msie versions work
    res = flip(document.all[szDivId]);
  }
  if(elem) {
    if(res == 0) elem.innerHTML = msg1; else elem.innerHTML = msg2;
  }

}

function toggleAllBoxes() {
  if (document.getElementsByTagName) {
    d = document.getElementsByTagName('div');
    for (i = 0; i < d.length; i++) {
      if (d[i].className == 'log') {
        flip(d[i]);
      }
    }
  }
}

// -->
</script>

</head>
<body>
<h2 align='center'>MTRTestScenario62_2020_1</h2><table border='1' align="center">
<tr>
<td>Tests passed/Failed/Skipped:</td><td>0/1/0</td>
</tr><tr>
<td>Started on:</td><td>Wed Jan 22 16:50:55 IST 2020</td>
</tr>
<tr><td>Total time:</td><td>107 seconds (107161 ms)</td>
</tr><tr>
<td>Included groups:</td><td></td>
</tr><tr>
<td>Excluded groups:</td><td></td>
</tr>
</table><p/>
<small><i>(Hover the method name to see the test class name)</i></small><p/>
<table width='100%' border='1' class='invocation-failed'>
<tr><td colspan='4' align='center'><b>FAILED TESTS</b></td></tr>
<tr><td><b>Test method</b></td>
<td width="30%"><b>Exception</b></td>
<td width="10%"><b>Time (seconds)</b></td>
<td><b>Instance</b></td>
</tr>
<tr>
<td title='com.nomisma.SAMTR_Scripts2020_Old.MTRTestScenario62.funcTestCase62()'><b>funcTestCase62</b><br>Test class: com.nomisma.SAMTR_Scripts2020_Old.MTRTestScenario62<br/>
<a href="#Output-1367594377" onClick='toggleBox("Output-1367594377", this, "Show output", "Hide output");'>Show output</a>

<a href="#Output-1367594377" onClick="toggleAllBoxes();">Show all outputs</a>
<div class='log' id="Output-1367594377">
WebElement to be clicked [[ChromeDriver: chrome on XP (7c23ca56065a18417fb4d9c822d7796a)] -> id: ctl00_cPH_btnLogin]<br/>
After click [[ChromeDriver: chrome on XP (7c23ca56065a18417fb4d9c822d7796a)] -> id: ctl00_cPH_btnLogin]<br/>
WebElement [[ChromeDriver: chrome on XP (7c23ca56065a18417fb4d9c822d7796a)] -> id: ctl00_cPH_btnLogin] clicked<br/>
WebElement to be clicked [[ChromeDriver: chrome on XP (7c23ca56065a18417fb4d9c822d7796a)] -> id: ctl00_cPHFilter_btnSearch]<br/>
After click [[ChromeDriver: chrome on XP (7c23ca56065a18417fb4d9c822d7796a)] -> id: ctl00_cPHFilter_btnSearch]<br/>
WebElement [[ChromeDriver: chrome on XP (7c23ca56065a18417fb4d9c822d7796a)] -> id: ctl00_cPHFilter_btnSearch] clicked<br/>
WebElement to be clicked [[ChromeDriver: chrome on XP (7c23ca56065a18417fb4d9c822d7796a)] -> xpath: //div[@class='outerT-dash outerT-dash_Print']//table//tbody//tr//td[contains(text(),'OldScenarioTestCases2020')]]<br/>
After click [[ChromeDriver: chrome on XP (7c23ca56065a18417fb4d9c822d7796a)] -> xpath: //div[@class='outerT-dash outerT-dash_Print']//table//tbody//tr//td[contains(text(),'OldScenarioTestCases2020')]]<br/>
WebElement [[ChromeDriver: chrome on XP (7c23ca56065a18417fb4d9c822d7796a)] -> xpath: //div[@class='outerT-dash outerT-dash_Print']//table//tbody//tr//td[contains(text(),'OldScenarioTestCases2020')]] clicked<br/>
Agent window is displayed<br/>
WebElement to be clicked [[ChromeDriver: chrome on XP (7c23ca56065a18417fb4d9c822d7796a)] -> xpath: //span[contains(text(),'Self Assessment')]]<br/>
After click [[ChromeDriver: chrome on XP (7c23ca56065a18417fb4d9c822d7796a)] -> xpath: //span[contains(text(),'Self Assessment')]]<br/>
WebElement [[ChromeDriver: chrome on XP (7c23ca56065a18417fb4d9c822d7796a)] -> xpath: //span[contains(text(),'Self Assessment')]] clicked<br/>
WebElement to be clicked [[ChromeDriver: chrome on XP (7c23ca56065a18417fb4d9c822d7796a)] -> xpath: //a[contains(text(),'Client List')]]<br/>
After click [[ChromeDriver: chrome on XP (7c23ca56065a18417fb4d9c822d7796a)] -> xpath: //a[contains(text(),'Client List')]]<br/>
WebElement [[ChromeDriver: chrome on XP (7c23ca56065a18417fb4d9c822d7796a)] -> xpath: //a[contains(text(),'Client List')]] clicked<br/>
Client Link Clicked<br/>
WebElement to be clicked [[ChromeDriver: chrome on XP (7c23ca56065a18417fb4d9c822d7796a)] -> id: ctl00_ctl00_ParentContent_cpHeaderRight_LinkButtonEx1]<br/>
After click [[ChromeDriver: chrome on XP (7c23ca56065a18417fb4d9c822d7796a)] -> id: ctl00_ctl00_ParentContent_cpHeaderRight_LinkButtonEx1]<br/>
WebElement [[ChromeDriver: chrome on XP (7c23ca56065a18417fb4d9c822d7796a)] -> id: ctl00_ctl00_ParentContent_cpHeaderRight_LinkButtonEx1] clicked<br/>
WebElement to be clicked [[ChromeDriver: chrome on XP (7c23ca56065a18417fb4d9c822d7796a)] -> id: ctl00_ctl00_ParentContent_cPHFilter_btnSearch]<br/>
After click [[ChromeDriver: chrome on XP (7c23ca56065a18417fb4d9c822d7796a)] -> id: ctl00_ctl00_ParentContent_cPHFilter_btnSearch]<br/>
WebElement [[ChromeDriver: chrome on XP (7c23ca56065a18417fb4d9c822d7796a)] -> id: ctl00_ctl00_ParentContent_cPHFilter_btnSearch] clicked<br/>
WebElement to be clicked [[ChromeDriver: chrome on XP (7c23ca56065a18417fb4d9c822d7796a)] -> xpath: //a[contains(text(),'TestCase2020_62')]]<br/>
After click [[ChromeDriver: chrome on XP (7c23ca56065a18417fb4d9c822d7796a)] -> xpath: //a[contains(text(),'TestCase2020_62')]]<br/>
WebElement [[ChromeDriver: chrome on XP (7c23ca56065a18417fb4d9c822d7796a)] -> xpath: //a[contains(text(),'TestCase2020_62')]] clicked<br/>
Client Selected for Test Case 62<br/>
Exceuting MTR Test Case 62<br/>
WebElement to be clicked [[ChromeDriver: chrome on XP (7c23ca56065a18417fb4d9c822d7796a)] -> xpath: //main/div/div[2]/ul/li[5]/a/span]<br/>
After click [[ChromeDriver: chrome on XP (7c23ca56065a18417fb4d9c822d7796a)] -> xpath: //main/div/div[2]/ul/li[5]/a/span]<br/>
WebElement [[ChromeDriver: chrome on XP (7c23ca56065a18417fb4d9c822d7796a)] -> xpath: //main/div/div[2]/ul/li[5]/a/span] clicked<br/>
WebElement to be clicked [[ChromeDriver: chrome on XP (7c23ca56065a18417fb4d9c822d7796a)] -> xpath: //a[contains(text(),'Dividend, Bank Interest, Pensions & Other UK Income')]]<br/>
After click [[ChromeDriver: chrome on XP (7c23ca56065a18417fb4d9c822d7796a)] -> xpath: //a[contains(text(),'Dividend, Bank Interest, Pensions & Other UK Income')]]<br/>
WebElement [[ChromeDriver: chrome on XP (7c23ca56065a18417fb4d9c822d7796a)] -> xpath: //a[contains(text(),'Dividend, Bank Interest, Pensions & Other UK Income')]] clicked<br/>
WebElement to be clicked [[ChromeDriver: chrome on XP (7c23ca56065a18417fb4d9c822d7796a)] -> xpath: (//div[@class='infoNote-top']/a)[3]]<br/>
After click [[ChromeDriver: chrome on XP (7c23ca56065a18417fb4d9c822d7796a)] -> xpath: (//div[@class='infoNote-top']/a)[3]]<br/>
WebElement [[ChromeDriver: chrome on XP (7c23ca56065a18417fb4d9c822d7796a)] -> xpath: (//div[@class='infoNote-top']/a)[3]] clicked<br/>
WebElement to be clicked [[[[ChromeDriver: chrome on XP (7c23ca56065a18417fb4d9c822d7796a)] -> id: ctl00_cPH_ddlBanksMaster]] -> xpath: .//option[normalize-space(.) = "Bank of America"]]<br/>
After click [[[[ChromeDriver: chrome on XP (7c23ca56065a18417fb4d9c822d7796a)] -> id: ctl00_cPH_ddlBanksMaster]] -> xpath: .//option[normalize-space(.) = "Bank of America"]]<br/>
WebElement [[[[ChromeDriver: chrome on XP (7c23ca56065a18417fb4d9c822d7796a)] -> id: ctl00_cPH_ddlBanksMaster]] -> xpath: .//option[normalize-space(.) = "Bank of America"]] clicked<br/>
WebElement to be clicked [[ChromeDriver: chrome on XP (7c23ca56065a18417fb4d9c822d7796a)] -> id: ctl00_cpHFooter_btnSave]<br/>
After click [[ChromeDriver: chrome on XP (7c23ca56065a18417fb4d9c822d7796a)] -> id: ctl00_cpHFooter_btnSave]<br/>
WebElement [[ChromeDriver: chrome on XP (7c23ca56065a18417fb4d9c822d7796a)] -> id: ctl00_cpHFooter_btnSave] clicked<br/>
Page Refreshed<br/>
Bank name added successfully<br/>
WebElement to be clicked [[ChromeDriver: chrome on XP (7c23ca56065a18417fb4d9c822d7796a)] -> id: img5]<br/>
After click [[ChromeDriver: chrome on XP (7c23ca56065a18417fb4d9c822d7796a)] -> id: img5]<br/>
WebElement [[ChromeDriver: chrome on XP (7c23ca56065a18417fb4d9c822d7796a)] -> id: img5] clicked<br/>
WebElement to be clicked [[ChromeDriver: chrome on XP (7c23ca56065a18417fb4d9c822d7796a)] -> id: ctl00_cPH_rBtnListInterestType_1]<br/>
After click [[ChromeDriver: chrome on XP (7c23ca56065a18417fb4d9c822d7796a)] -> id: ctl00_cPH_rBtnListInterestType_1]<br/>
WebElement [[ChromeDriver: chrome on XP (7c23ca56065a18417fb4d9c822d7796a)] -> id: ctl00_cPH_rBtnListInterestType_1] clicked<br/>
WebElement to be clicked [[ChromeDriver: chrome on XP (7c23ca56065a18417fb4d9c822d7796a)] -> id: ctl00_cpHFooter_btnSave]<br/>
After click [[ChromeDriver: chrome on XP (7c23ca56065a18417fb4d9c822d7796a)] -> id: ctl00_cpHFooter_btnSave]<br/>
WebElement [[ChromeDriver: chrome on XP (7c23ca56065a18417fb4d9c822d7796a)] -> id: ctl00_cpHFooter_btnSave] clicked<br/>
Page Refreshed<br/>
UnTaxed income added successfully<br/>
WebElement to be clicked [[ChromeDriver: chrome on XP (7c23ca56065a18417fb4d9c822d7796a)] -> id: img4]<br/>
After click [[ChromeDriver: chrome on XP (7c23ca56065a18417fb4d9c822d7796a)] -> id: img4]<br/>
WebElement [[ChromeDriver: chrome on XP (7c23ca56065a18417fb4d9c822d7796a)] -> id: img4] clicked<br/>
WebElement to be clicked [[ChromeDriver: chrome on XP (7c23ca56065a18417fb4d9c822d7796a)] -> id: ctl00_cpHFooter_btnSave]<br/>
After click [[ChromeDriver: chrome on XP (7c23ca56065a18417fb4d9c822d7796a)] -> id: ctl00_cpHFooter_btnSave]<br/>
WebElement [[ChromeDriver: chrome on XP (7c23ca56065a18417fb4d9c822d7796a)] -> id: ctl00_cpHFooter_btnSave] clicked<br/>
Dividend Income added Successfully<br/>
Page Refreshed<br/>
WebElement to be clicked [[ChromeDriver: chrome on XP (7c23ca56065a18417fb4d9c822d7796a)] -> id: ctl00_cPH_img3]<br/>
After click [[ChromeDriver: chrome on XP (7c23ca56065a18417fb4d9c822d7796a)] -> id: ctl00_cPH_img3]<br/>
WebElement [[ChromeDriver: chrome on XP (7c23ca56065a18417fb4d9c822d7796a)] -> id: ctl00_cPH_img3] clicked<br/>
WebElement to be clicked [[ChromeDriver: chrome on XP (7c23ca56065a18417fb4d9c822d7796a)] -> id: ctl00_cpHFooter_btnSave]<br/>
After click [[ChromeDriver: chrome on XP (7c23ca56065a18417fb4d9c822d7796a)] -> id: ctl00_cpHFooter_btnSave]<br/>
WebElement [[ChromeDriver: chrome on XP (7c23ca56065a18417fb4d9c822d7796a)] -> id: ctl00_cpHFooter_btnSave] clicked<br/>
Other Divident income added successfully<br/>
WebElement to be clicked [[ChromeDriver: chrome on XP (7c23ca56065a18417fb4d9c822d7796a)] -> id: ctl00_cPH_img1]<br/>
After click [[ChromeDriver: chrome on XP (7c23ca56065a18417fb4d9c822d7796a)] -> id: ctl00_cPH_img1]<br/>
WebElement [[ChromeDriver: chrome on XP (7c23ca56065a18417fb4d9c822d7796a)] -> id: ctl00_cPH_img1] clicked<br/>
WebElement to be clicked [[ChromeDriver: chrome on XP (7c23ca56065a18417fb4d9c822d7796a)] -> id: ctl00_cpHFooter_btnSaveIncome]<br/>
After click [[ChromeDriver: chrome on XP (7c23ca56065a18417fb4d9c822d7796a)] -> id: ctl00_cpHFooter_btnSaveIncome]<br/>
WebElement [[ChromeDriver: chrome on XP (7c23ca56065a18417fb4d9c822d7796a)] -> id: ctl00_cpHFooter_btnSaveIncome] clicked<br/>
WebElement to be clicked [[ChromeDriver: chrome on XP (7c23ca56065a18417fb4d9c822d7796a)] -> id: ctl00_cPH_img2]<br/>
After click [[ChromeDriver: chrome on XP (7c23ca56065a18417fb4d9c822d7796a)] -> id: ctl00_cPH_img2]<br/>
WebElement [[ChromeDriver: chrome on XP (7c23ca56065a18417fb4d9c822d7796a)] -> id: ctl00_cPH_img2] clicked<br/>
WebElement to be clicked [[ChromeDriver: chrome on XP (7c23ca56065a18417fb4d9c822d7796a)] -> id: ctl00_cpHFooter_btnSaveIncome]<br/>
After click [[ChromeDriver: chrome on XP (7c23ca56065a18417fb4d9c822d7796a)] -> id: ctl00_cpHFooter_btnSaveIncome]<br/>
WebElement [[ChromeDriver: chrome on XP (7c23ca56065a18417fb4d9c822d7796a)] -> id: ctl00_cpHFooter_btnSaveIncome] clicked<br/>
Other UK Income added successfully<br/>
WebElement to be clicked [[ChromeDriver: chrome on XP (7c23ca56065a18417fb4d9c822d7796a)] -> xpath: //a[contains(text(),'Employment')]]<br/>
After click [[ChromeDriver: chrome on XP (7c23ca56065a18417fb4d9c822d7796a)] -> xpath: //a[contains(text(),'Employment')]]<br/>
WebElement [[ChromeDriver: chrome on XP (7c23ca56065a18417fb4d9c822d7796a)] -> xpath: //a[contains(text(),'Employment')]] clicked<br/>
WebElement to be clicked [[ChromeDriver: chrome on XP (7c23ca56065a18417fb4d9c822d7796a)] -> link text: Add Employment]<br/>
After click [[ChromeDriver: chrome on XP (7c23ca56065a18417fb4d9c822d7796a)] -> link text: Add Employment]<br/>
WebElement [[ChromeDriver: chrome on XP (7c23ca56065a18417fb4d9c822d7796a)] -> link text: Add Employment] clicked<br/>
WebElement to be clicked [[ChromeDriver: chrome on XP (7c23ca56065a18417fb4d9c822d7796a)] -> id: ctl00_cpHFooter_btnSave]<br/>
After click [[ChromeDriver: chrome on XP (7c23ca56065a18417fb4d9c822d7796a)] -> id: ctl00_cpHFooter_btnSave]<br/>
WebElement [[ChromeDriver: chrome on XP (7c23ca56065a18417fb4d9c822d7796a)] -> id: ctl00_cpHFooter_btnSave] clicked<br/>
Page Refreshed<br/>
Employer Name added successfully<br/>
WebElement to be clicked [[ChromeDriver: chrome on XP (7c23ca56065a18417fb4d9c822d7796a)] -> link text: Add Employment Income]<br/>
After click [[ChromeDriver: chrome on XP (7c23ca56065a18417fb4d9c822d7796a)] -> link text: Add Employment Income]<br/>
WebElement [[ChromeDriver: chrome on XP (7c23ca56065a18417fb4d9c822d7796a)] -> link text: Add Employment Income] clicked<br/>
WebElement to be clicked [[ChromeDriver: chrome on XP (7c23ca56065a18417fb4d9c822d7796a)] -> id: ctl00_cPH_btnSave]<br/>
After click [[ChromeDriver: chrome on XP (7c23ca56065a18417fb4d9c822d7796a)] -> id: ctl00_cPH_btnSave]<br/>
WebElement [[ChromeDriver: chrome on XP (7c23ca56065a18417fb4d9c822d7796a)] -> id: ctl00_cPH_btnSave] clicked<br/>
Employment Income Added successfully<br/>
Page Refreshed<br/>
WebElement to be clicked [[ChromeDriver: chrome on XP (7c23ca56065a18417fb4d9c822d7796a)] -> xpath: //span[contains(text(),'Additional Information')]]<br/>
After click [[ChromeDriver: chrome on XP (7c23ca56065a18417fb4d9c822d7796a)] -> xpath: //span[contains(text(),'Additional Information')]]<br/>
WebElement [[ChromeDriver: chrome on XP (7c23ca56065a18417fb4d9c822d7796a)] -> xpath: //span[contains(text(),'Additional Information')]] clicked<br/>
WebElement to be clicked [[ChromeDriver: chrome on XP (7c23ca56065a18417fb4d9c822d7796a)] -> id: ctl00_cpHeaderRight_btnEditIncome]<br/>
After click [[ChromeDriver: chrome on XP (7c23ca56065a18417fb4d9c822d7796a)] -> id: ctl00_cpHeaderRight_btnEditIncome]<br/>
WebElement [[ChromeDriver: chrome on XP (7c23ca56065a18417fb4d9c822d7796a)] -> id: ctl00_cpHeaderRight_btnEditIncome] clicked<br/>
WebElement to be clicked [[ChromeDriver: chrome on XP (7c23ca56065a18417fb4d9c822d7796a)] -> id: ctl00_cPH_btnSaveIncome]<br/>
After click [[ChromeDriver: chrome on XP (7c23ca56065a18417fb4d9c822d7796a)] -> id: ctl00_cPH_btnSaveIncome]<br/>
WebElement [[ChromeDriver: chrome on XP (7c23ca56065a18417fb4d9c822d7796a)] -> id: ctl00_cPH_btnSaveIncome] clicked<br/>
Page Refreshed<br/>
WebElement to be clicked [[ChromeDriver: chrome on XP (7c23ca56065a18417fb4d9c822d7796a)] -> xpath: //span[contains(text(),'Tax Return')]]<br/>
After click [[ChromeDriver: chrome on XP (7c23ca56065a18417fb4d9c822d7796a)] -> xpath: //span[contains(text(),'Tax Return')]]<br/>
WebElement [[ChromeDriver: chrome on XP (7c23ca56065a18417fb4d9c822d7796a)] -> xpath: //span[contains(text(),'Tax Return')]] clicked<br/>
WebElement to be clicked [[ChromeDriver: chrome on XP (7c23ca56065a18417fb4d9c822d7796a)] -> xpath: //a[contains(text(),'Tax Calculation Summary')]]<br/>
After click [[ChromeDriver: chrome on XP (7c23ca56065a18417fb4d9c822d7796a)] -> xpath: //a[contains(text(),'Tax Calculation Summary')]]<br/>
WebElement [[ChromeDriver: chrome on XP (7c23ca56065a18417fb4d9c822d7796a)] -> xpath: //a[contains(text(),'Tax Calculation Summary')]] clicked<br/>
Payment From employer verified: £8,050.00<br/>
Dividends from foreign companies amount on tax calculation summary verified: £165.00<br/>
Interest From UK banks Building verified: £4,598.00<br/>
Dividends from UK Companies verified:  (UK: £2,450.00 Stock: £3,065.00) £5,515.00<br/>
Amount of UK pensions And State Benefits is verified: £6,200.00<br/>
Other Income verified: £1,500.00<br/>
Total Income Received verified: £26,028.00<br/>
Total Income On Which Tax is Due verified: £13,528.00<br/>
Basic Rate of Pay Pension: 3250.0<br/>
Started Rate of Saving: 1750.0<br/>
Basic Rate of Saving: 1848.0<br/>
Basic Rate of Dividend: 3680.0<br/>
Income Tax Due amount: 1295.6<br/>
Income Tax due verifired successfully£1,295.60<br/>
Amount of Total Income Tax Due is Verified: £995.60<br/>
Test execution is in onTestFailure method<br/>
<img src=".\..\screenshots\Failure\MTRTestScenario62.funcTestCase62 - 22-Jan-2020__04_52_41PM.png" style=width:400px><br/>
</div>
</td>
<td><div><pre>org.openqa.selenium.NoSuchElementException: no such element: Unable to locate element: {&quot;method&quot;:&quot;xpath&quot;,&quot;selector&quot;:&quot;//tr/td[contains(text(),&apos;To be collected through PAYE code&apos;)]//..//td[4]&quot;}
  (Session info: chrome=71.0.3578.98)
  (Driver info: chromedriver=2.46.628402 (536cd7adbad73a3783fdc2cab92ab2ba7ec361e1),platform=Windows NT 10.0.18362 x86_64) (WARNING: The server did not provide any stacktrace information)
Command duration or timeout: 0 milliseconds
For documentation on this error, please visit: http://seleniumhq.org/exceptions/no_such_element.html
Build info: version: &apos;3.11.0&apos;, revision: &apos;e59cfb3&apos;, time: &apos;2018-03-11T20:26:55.152Z&apos;
System info: host: &apos;NOM_ANJALI&apos;, ip: &apos;192.168.1.126&apos;, os.name: &apos;Windows 10&apos;, os.arch: &apos;amd64&apos;, os.version: &apos;10.0&apos;, java.version: &apos;10.0.1&apos;
Driver info: org.openqa.selenium.chrome.ChromeDriver
Capabilities {acceptInsecureCerts: false, acceptSslCerts: false, applicationCacheEnabled: false, browserConnectionEnabled: false, browserName: chrome, chrome: {chromedriverVersion: 2.46.628402 (536cd7adbad73a..., userDataDir: C:\Users\ADMINI~1\AppData\L...}, cssSelectorsEnabled: true, databaseEnabled: false, goog:chromeOptions: {debuggerAddress: localhost:11462}, handlesAlerts: true, hasTouchScreen: false, javascriptEnabled: true, locationContextEnabled: true, mobileEmulationEnabled: false, nativeEvents: true, networkConnectionEnabled: false, pageLoadStrategy: normal, platform: XP, platformName: XP, proxy: Proxy(), rotatable: false, setWindowRect: true, strictFileInteractability: false, takesHeapSnapshot: true, takesScreenshot: true, timeouts: {implicit: 0, pageLoad: 300000, script: 30000}, unexpectedAlertBehaviour: ignore, unhandledPromptBehavior: ignore, version: 71.0.3578.98, webStorageEnabled: true}
Session ID: 7c23ca56065a18417fb4d9c822d7796a
*** Element info: {Using=xpath, value=//tr/td[contains(text(),&apos;To be collected through PAYE code&apos;)]//..//td[4]}
	at java.base/jdk.internal.reflect.NativeConstructorAccessorImpl.newInstance0(Native Method)
	at java.base/jdk.internal.reflect.NativeConstructorAccessorImpl.newInstance(NativeConstructorAccessorImpl.java:62)
	at java.base/jdk.internal.reflect.DelegatingConstructorAccessorImpl.newInstance(DelegatingConstructorAccessorImpl.java:45)
	at java.base/java.lang.reflect.Constructor.newInstance(Constructor.java:488)
	at org.openqa.selenium.remote.ErrorHandler.createThrowable(ErrorHandler.java:214)
	at org.openqa.selenium.remote.ErrorHandler.throwIfResponseFailed(ErrorHandler.java:166)
	at org.openqa.selenium.remote.http.JsonHttpResponseCodec.reconstructValue(JsonHttpResponseCodec.java:40)
	at org.openqa.selenium.remote.http.AbstractHttpResponseCodec.decode(AbstractHttpResponseCodec.java:80)
	at org.openqa.selenium.remote.http.AbstractHttpResponseCodec.decode(AbstractHttpResponseCodec.java:44)
	at org.openqa.selenium.remote.HttpCommandExecutor.execute(HttpCommandExecutor.java:158)
	at org.openqa.selenium.remote.service.DriverCommandExecutor.execute(DriverCommandExecutor.java:83)
	at org.openqa.selenium.remote.RemoteWebDriver.execute(RemoteWebDriver.java:545)
	at org.openqa.selenium.remote.RemoteWebDriver.findElement(RemoteWebDriver.java:319)
	at org.openqa.selenium.remote.RemoteWebDriver.findElementByXPath(RemoteWebDriver.java:421)
	at org.openqa.selenium.By$ByXPath.findElement(By.java:361)
	at org.openqa.selenium.remote.RemoteWebDriver.findElement(RemoteWebDriver.java:311)
	at jdk.internal.reflect.GeneratedMethodAccessor4.invoke(Unknown Source)
	at java.base/jdk.internal.reflect.DelegatingMethodAccessorImpl.invoke(DelegatingMethodAccessorImpl.java:43)
	at java.base/java.lang.reflect.Method.invoke(Method.java:564)
	at org.openqa.selenium.support.events.EventFiringWebDriver.lambda$new$1(EventFiringWebDriver.java:103)
	at com.sun.proxy.$Proxy13.findElement(Unknown Source)
	at org.openqa.selenium.support.events.EventFiringWebDriver.findElement(EventFiringWebDriver.java:186)
	at org.openqa.selenium.support.pagefactory.DefaultElementLocator.findElement(DefaultElementLocator.java:69)
	at org.openqa.selenium.support.pagefactory.internal.LocatingElementHandler.invoke(LocatingElementHandler.java:38)
	at com.sun.proxy.$Proxy18.getText(Unknown Source)
	at com.nomisma.SelfAssessmentpom2020.SAPOM2020OldScenario.addTestCase62(SAPOM2020OldScenario.java:15420)
	at com.nomisma.SAMTR_Scripts2020_Old.MTRTestScenario62.funcTestCase62(MTRTestScenario62.java:54)
	at java.base/jdk.internal.reflect.NativeMethodAccessorImpl.invoke0(Native Method)
	at java.base/jdk.internal.reflect.NativeMethodAccessorImpl.invoke(NativeMethodAccessorImpl.java:62)
	at java.base/jdk.internal.reflect.DelegatingMethodAccessorImpl.invoke(DelegatingMethodAccessorImpl.java:43)
	at java.base/java.lang.reflect.Method.invoke(Method.java:564)
	at org.testng.internal.MethodInvocationHelper.invokeMethod(MethodInvocationHelper.java:80)
	at org.testng.internal.Invoker.invokeMethod(Invoker.java:714)
	at org.testng.internal.Invoker.invokeTestMethod(Invoker.java:901)
	at org.testng.internal.Invoker.invokeTestMethods(Invoker.java:1231)
	at org.testng.internal.TestMethodWorker.invokeTestMethods(TestMethodWorker.java:127)
	at org.testng.internal.TestMethodWorker.run(TestMethodWorker.java:111)
	at org.testng.TestRunner.privateRun(TestRunner.java:767)
	at org.testng.TestRunner.run(TestRunner.java:617)
	at org.testng.SuiteRunner.runTest(SuiteRunner.java:334)
	at org.testng.SuiteRunner.runSequentially(SuiteRunner.java:329)
	at org.testng.SuiteRunner.privateRun(SuiteRunner.java:291)
	at org.testng.SuiteRunner.run(SuiteRunner.java:240)
	at org.testng.SuiteRunnerWorker.runSuite(SuiteRunnerWorker.java:52)
	at org.testng.SuiteRunnerWorker.run(SuiteRunnerWorker.java:86)
	at org.testng.TestNG.runSuitesSequentially(TestNG.java:1198)
	at org.testng.TestNG.runSuitesLocally(TestNG.java:1123)
	at org.testng.TestNG.run(TestNG.java:1031)
	at org.testng.remote.AbstractRemoteTestNG.run(AbstractRemoteTestNG.java:114)
	at org.testng.remote.RemoteTestNG.initAndRun(RemoteTestNG.java:251)
	at org.testng.remote.RemoteTestNG.main(RemoteTestNG.java:77)
</pre></div><a href='#' onClick='toggleBox("stack-trace1367594377", this, "Click to show all stack frames", "Click to hide stack frames")'>Click to show all stack frames</a>
<div class='stack-trace' id='stack-trace1367594377'><pre>org.openqa.selenium.NoSuchElementException: no such element: Unable to locate element: {&quot;method&quot;:&quot;xpath&quot;,&quot;selector&quot;:&quot;//tr/td[contains(text(),&apos;To be collected through PAYE code&apos;)]//..//td[4]&quot;}
  (Session info: chrome=71.0.3578.98)
  (Driver info: chromedriver=2.46.628402 (536cd7adbad73a3783fdc2cab92ab2ba7ec361e1),platform=Windows NT 10.0.18362 x86_64) (WARNING: The server did not provide any stacktrace information)
Command duration or timeout: 0 milliseconds
For documentation on this error, please visit: http://seleniumhq.org/exceptions/no_such_element.html
Build info: version: &apos;3.11.0&apos;, revision: &apos;e59cfb3&apos;, time: &apos;2018-03-11T20:26:55.152Z&apos;
System info: host: &apos;NOM_ANJALI&apos;, ip: &apos;192.168.1.126&apos;, os.name: &apos;Windows 10&apos;, os.arch: &apos;amd64&apos;, os.version: &apos;10.0&apos;, java.version: &apos;10.0.1&apos;
Driver info: org.openqa.selenium.chrome.ChromeDriver
Capabilities {acceptInsecureCerts: false, acceptSslCerts: false, applicationCacheEnabled: false, browserConnectionEnabled: false, browserName: chrome, chrome: {chromedriverVersion: 2.46.628402 (536cd7adbad73a..., userDataDir: C:\Users\ADMINI~1\AppData\L...}, cssSelectorsEnabled: true, databaseEnabled: false, goog:chromeOptions: {debuggerAddress: localhost:11462}, handlesAlerts: true, hasTouchScreen: false, javascriptEnabled: true, locationContextEnabled: true, mobileEmulationEnabled: false, nativeEvents: true, networkConnectionEnabled: false, pageLoadStrategy: normal, platform: XP, platformName: XP, proxy: Proxy(), rotatable: false, setWindowRect: true, strictFileInteractability: false, takesHeapSnapshot: true, takesScreenshot: true, timeouts: {implicit: 0, pageLoad: 300000, script: 30000}, unexpectedAlertBehaviour: ignore, unhandledPromptBehavior: ignore, version: 71.0.3578.98, webStorageEnabled: true}
Session ID: 7c23ca56065a18417fb4d9c822d7796a
*** Element info: {Using=xpath, value=//tr/td[contains(text(),&apos;To be collected through PAYE code&apos;)]//..//td[4]}
	at java.base/jdk.internal.reflect.NativeConstructorAccessorImpl.newInstance0(Native Method)
	at java.base/jdk.internal.reflect.NativeConstructorAccessorImpl.newInstance(NativeConstructorAccessorImpl.java:62)
	at java.base/jdk.internal.reflect.DelegatingConstructorAccessorImpl.newInstance(DelegatingConstructorAccessorImpl.java:45)
	at java.base/java.lang.reflect.Constructor.newInstance(Constructor.java:488)
	at org.openqa.selenium.remote.ErrorHandler.createThrowable(ErrorHandler.java:214)
	at org.openqa.selenium.remote.ErrorHandler.throwIfResponseFailed(ErrorHandler.java:166)
	at org.openqa.selenium.remote.http.JsonHttpResponseCodec.reconstructValue(JsonHttpResponseCodec.java:40)
	at org.openqa.selenium.remote.http.AbstractHttpResponseCodec.decode(AbstractHttpResponseCodec.java:80)
	at org.openqa.selenium.remote.http.AbstractHttpResponseCodec.decode(AbstractHttpResponseCodec.java:44)
	at org.openqa.selenium.remote.HttpCommandExecutor.execute(HttpCommandExecutor.java:158)
	at org.openqa.selenium.remote.service.DriverCommandExecutor.execute(DriverCommandExecutor.java:83)
	at org.openqa.selenium.remote.RemoteWebDriver.execute(RemoteWebDriver.java:545)
	at org.openqa.selenium.remote.RemoteWebDriver.findElement(RemoteWebDriver.java:319)
	at org.openqa.selenium.remote.RemoteWebDriver.findElementByXPath(RemoteWebDriver.java:421)
	at org.openqa.selenium.By$ByXPath.findElement(By.java:361)
	at org.openqa.selenium.remote.RemoteWebDriver.findElement(RemoteWebDriver.java:311)
	at jdk.internal.reflect.GeneratedMethodAccessor4.invoke(Unknown Source)
	at java.base/jdk.internal.reflect.DelegatingMethodAccessorImpl.invoke(DelegatingMethodAccessorImpl.java:43)
	at java.base/java.lang.reflect.Method.invoke(Method.java:564)
	at org.openqa.selenium.support.events.EventFiringWebDriver.lambda$new$1(EventFiringWebDriver.java:103)
	at com.sun.proxy.$Proxy13.findElement(Unknown Source)
	at org.openqa.selenium.support.events.EventFiringWebDriver.findElement(EventFiringWebDriver.java:186)
	at org.openqa.selenium.support.pagefactory.DefaultElementLocator.findElement(DefaultElementLocator.java:69)
	at org.openqa.selenium.support.pagefactory.internal.LocatingElementHandler.invoke(LocatingElementHandler.java:38)
	at com.sun.proxy.$Proxy18.getText(Unknown Source)
	at com.nomisma.SelfAssessmentpom2020.SAPOM2020OldScenario.addTestCase62(SAPOM2020OldScenario.java:15420)
	at com.nomisma.SAMTR_Scripts2020_Old.MTRTestScenario62.funcTestCase62(MTRTestScenario62.java:54)
	at java.base/jdk.internal.reflect.NativeMethodAccessorImpl.invoke0(Native Method)
	at java.base/jdk.internal.reflect.NativeMethodAccessorImpl.invoke(NativeMethodAccessorImpl.java:62)
	at java.base/jdk.internal.reflect.DelegatingMethodAccessorImpl.invoke(DelegatingMethodAccessorImpl.java:43)
	at java.base/java.lang.reflect.Method.invoke(Method.java:564)
	at org.testng.internal.MethodInvocationHelper.invokeMethod(MethodInvocationHelper.java:80)
	at org.testng.internal.Invoker.invokeMethod(Invoker.java:714)
	at org.testng.internal.Invoker.invokeTestMethod(Invoker.java:901)
	at org.testng.internal.Invoker.invokeTestMethods(Invoker.java:1231)
	at org.testng.internal.TestMethodWorker.invokeTestMethods(TestMethodWorker.java:127)
	at org.testng.internal.TestMethodWorker.run(TestMethodWorker.java:111)
	at org.testng.TestRunner.privateRun(TestRunner.java:767)
	at org.testng.TestRunner.run(TestRunner.java:617)
	at org.testng.SuiteRunner.runTest(SuiteRunner.java:334)
	at org.testng.SuiteRunner.runSequentially(SuiteRunner.java:329)
	at org.testng.SuiteRunner.privateRun(SuiteRunner.java:291)
	at org.testng.SuiteRunner.run(SuiteRunner.java:240)
	at org.testng.SuiteRunnerWorker.runSuite(SuiteRunnerWorker.java:52)
	at org.testng.SuiteRunnerWorker.run(SuiteRunnerWorker.java:86)
	at org.testng.TestNG.runSuitesSequentially(TestNG.java:1198)
	at org.testng.TestNG.runSuitesLocally(TestNG.java:1123)
	at org.testng.TestNG.run(TestNG.java:1031)
	at org.testng.remote.AbstractRemoteTestNG.run(AbstractRemoteTestNG.java:114)
	at org.testng.remote.RemoteTestNG.initAndRun(RemoteTestNG.java:251)
	at org.testng.remote.RemoteTestNG.main(RemoteTestNG.java:77)
</pre></div></td>
<td>93</td>
<td>com.nomisma.SAMTR_Scripts2020_Old.MTRTestScenario62@34f5090e</td></tr>
</table><p>
</body>
</html>