<?xml version="1.0" encoding="UTF-8"?>
<!-- Generated by org.testng.reporters.JUnitXMLReporter -->
<testsuite hostname="Nom_aNjali" failures="0" tests="2" name="MTRtestCase94_2019" time="181.426" errors="0" timestamp="22 Jan 2020 16:51:26 GMT">
  <testcase classname="com.nomisma.SAMTR_Scripts2019.MTRTestScenario94" name="funcTestCase94" time="66.388"/>
  <testcase classname="com.nomisma.SAMTR_Scripts2019.MTRTestScenario94" name="funcDelTestCase94" time="89.492"/>
</testsuite> <!-- MTRtestCase94_2019 -->
