<?xml version="1.0" encoding="UTF-8"?>
<!-- Generated by org.testng.reporters.JUnitXMLReporter -->
<testsuite hostname="Nom_aNjali" failures="0" tests="2" name="MTRtestCase19_2019" time="261.421" errors="0" timestamp="10 Feb 2020 06:28:44 GMT">
  <testcase classname="com.nomisma.SAMTR_Scripts2019.MTRTestScenario19" name="funcAddTestCase19" time="90.055"/>
  <testcase classname="com.nomisma.SAMTR_Scripts2019.MTRTestScenario19" name="funcDelTestCase19" time="138.017"/>
</testsuite> <!-- MTRtestCase19_2019 -->
