<?xml version="1.0" encoding="UTF-8"?>
<!-- Generated by org.testng.reporters.JUnitXMLReporter -->
<testsuite hostname="Nom_aNjali" failures="0" tests="2" name="MTRtestCase185_2019" time="143.674" errors="0" timestamp="22 Jan 2020 19:22:10 GMT">
  <testcase classname="com.nomisma.SAMTR_Scripts2019.MTRTestScenario185" name="funcAddTestCase185" time="61.46"/>
  <testcase classname="com.nomisma.SAMTR_Scripts2019.MTRTestScenario185" name="funcDelDataTestCase185" time="56.34"/>
</testsuite> <!-- MTRtestCase185_2019 -->
