<?xml version="1.0" encoding="UTF-8"?>
<!-- Generated by org.testng.reporters.JUnitXMLReporter -->
<testsuite hostname="Nom_aNjali" failures="0" tests="2" name="MTRtestCase186_2019" time="144.001" errors="0" timestamp="22 Jan 2020 19:24:34 GMT">
  <testcase classname="com.nomisma.SAMTR_Scripts2019.MTRTestScenario186" name="funcAddTestCase186" time="61.41"/>
  <testcase classname="com.nomisma.SAMTR_Scripts2019.MTRTestScenario186" name="funcDelDataTestCase186" time="56.546"/>
</testsuite> <!-- MTRtestCase186_2019 -->
