<?xml version="1.0" encoding="UTF-8"?>
<!-- Generated by org.testng.reporters.JUnitXMLReporter -->
<testsuite hostname="Nom_aNjali" failures="0" tests="2" name="MTRTestScenario240_2020_1" time="288.261" errors="0" timestamp="12 Feb 2020 10:59:56 GMT">
  <testcase classname="com.nomisma.SAMTR_Scripts2020_Old.MTRTestScenario240" name="funcDelTestCase240" time="152.735"/>
  <testcase classname="com.nomisma.SAMTR_Scripts2020_Old.MTRTestScenario240" name="funcAddTestCase240" time="105.43"/>
</testsuite> <!-- MTRTestScenario240_2020_1 -->
