<?xml version="1.0" encoding="UTF-8"?>
<!-- Generated by org.testng.reporters.JUnitXMLReporter -->
<testsuite hostname="Nom_aNjali" failures="0" tests="2" name="MTRtestCase4_2019" time="193.966" errors="0" timestamp="22 Jan 2020 13:17:00 GMT">
  <testcase classname="com.nomisma.SAMTR_Scripts2019.MTRTestScenario4" name="funcAddTestCase4" time="50.825"/>
  <testcase classname="com.nomisma.SAMTR_Scripts2019.MTRTestScenario4" name="funcDelTestCase4" time="116.453"/>
</testsuite> <!-- MTRtestCase4_2019 -->
