<?xml version="1.0" encoding="UTF-8"?>
<!-- Generated by org.testng.reporters.JUnitXMLReporter -->
<testsuite hostname="Nom_aNjali" failures="0" tests="2" name="MTRtestCase157_2019" time="139.014" errors="0" timestamp="27 Jan 2020 07:13:07 GMT">
  <testcase classname="com.nomisma.SAMTR_Scripts2019.MTRTestScenario157" name="funcAddTestCase157" time="55.76"/>
  <testcase classname="com.nomisma.SAMTR_Scripts2019.MTRTestScenario157" name="funcDelTestCase157" time="51.884"/>
</testsuite> <!-- MTRtestCase157_2019 -->
