<html>
<head>
<title>TestNG:  Test4-TaxableProfitorLoss</title>
<link href="../testng.css" rel="stylesheet" type="text/css" />
<link href="../my-testng.css" rel="stylesheet" type="text/css" />

<style type="text/css">
.log { display: none;} 
.stack-trace { display: none;} 
</style>
<script type="text/javascript">
<!--
function flip(e) {
  current = e.style.display;
  if (current == 'block') {
    e.style.display = 'none';
    return 0;
  }
  else {
    e.style.display = 'block';
    return 1;
  }
}

function toggleBox(szDivId, elem, msg1, msg2)
{
  var res = -1;  if (document.getElementById) {
    res = flip(document.getElementById(szDivId));
  }
  else if (document.all) {
    // this is the way old msie versions work
    res = flip(document.all[szDivId]);
  }
  if(elem) {
    if(res == 0) elem.innerHTML = msg1; else elem.innerHTML = msg2;
  }

}

function toggleAllBoxes() {
  if (document.getElementsByTagName) {
    d = document.getElementsByTagName('div');
    for (i = 0; i < d.length; i++) {
      if (d[i].className == 'log') {
        flip(d[i]);
      }
    }
  }
}

// -->
</script>

</head>
<body>
<h2 align='center'>Test4-TaxableProfitorLoss</h2><table border='1' align="center">
<tr>
<td>Tests passed/Failed/Skipped:</td><td>0/1/0</td>
</tr><tr>
<td>Started on:</td><td>Tue Dec 17 15:37:04 IST 2019</td>
</tr>
<tr><td>Total time:</td><td>56 seconds (56445 ms)</td>
</tr><tr>
<td>Included groups:</td><td></td>
</tr><tr>
<td>Excluded groups:</td><td></td>
</tr>
</table><p/>
<small><i>(Hover the method name to see the test class name)</i></small><p/>
<table width='100%' border='1' class='invocation-failed'>
<tr><td colspan='4' align='center'><b>FAILED TESTS</b></td></tr>
<tr><td><b>Test method</b></td>
<td width="30%"><b>Exception</b></td>
<td width="10%"><b>Time (seconds)</b></td>
<td><b>Instance</b></td>
</tr>
<tr>
<td title='com.nomisma.businesstypeScripts.SA800SummaryOfBalanceSheet.funcSA800SummaryOfBalanceSheet()'><b>funcSA800SummaryOfBalanceSheet</b><br>Test class: com.nomisma.businesstypeScripts.SA800SummaryOfBalanceSheet<br/>
<a href="#Output-1412564235" onClick='toggleBox("Output-1412564235", this, "Show output", "Hide output");'>Show output</a>

<a href="#Output-1412564235" onClick="toggleAllBoxes();">Show all outputs</a>
<div class='log' id="Output-1412564235">
WebElement to be clicked [[ChromeDriver: chrome on XP (dea3a4facb6ec9f9fe868bc0dbf80948)] -> id: ctl00_cPH_btnLogin]<br/>
After click [[ChromeDriver: chrome on XP (dea3a4facb6ec9f9fe868bc0dbf80948)] -> id: ctl00_cPH_btnLogin]<br/>
WebElement [[ChromeDriver: chrome on XP (dea3a4facb6ec9f9fe868bc0dbf80948)] -> id: ctl00_cPH_btnLogin] clicked<br/>
WebElement to be clicked [[ChromeDriver: chrome on XP (dea3a4facb6ec9f9fe868bc0dbf80948)] -> id: ctl00_cPHFilter_btnSearch]<br/>
After click [[ChromeDriver: chrome on XP (dea3a4facb6ec9f9fe868bc0dbf80948)] -> id: ctl00_cPHFilter_btnSearch]<br/>
WebElement [[ChromeDriver: chrome on XP (dea3a4facb6ec9f9fe868bc0dbf80948)] -> id: ctl00_cPHFilter_btnSearch] clicked<br/>
WebElement to be clicked [[ChromeDriver: chrome on XP (dea3a4facb6ec9f9fe868bc0dbf80948)] -> xpath: //div[@class='outerT-dash outerT-dash_Print']//table//tbody//tr//td[contains(text(),'testingPTR')]]<br/>
After click [[ChromeDriver: chrome on XP (dea3a4facb6ec9f9fe868bc0dbf80948)] -> xpath: //div[@class='outerT-dash outerT-dash_Print']//table//tbody//tr//td[contains(text(),'testingPTR')]]<br/>
WebElement [[ChromeDriver: chrome on XP (dea3a4facb6ec9f9fe868bc0dbf80948)] -> xpath: //div[@class='outerT-dash outerT-dash_Print']//table//tbody//tr//td[contains(text(),'testingPTR')]] clicked<br/>
Agent window is displayed<br/>
WebElement to be clicked [[ChromeDriver: chrome on XP (dea3a4facb6ec9f9fe868bc0dbf80948)] -> xpath: //span[contains(text(),'Businesses')]]<br/>
After click [[ChromeDriver: chrome on XP (dea3a4facb6ec9f9fe868bc0dbf80948)] -> xpath: //span[contains(text(),'Businesses')]]<br/>
WebElement [[ChromeDriver: chrome on XP (dea3a4facb6ec9f9fe868bc0dbf80948)] -> xpath: //span[contains(text(),'Businesses')]] clicked<br/>
WebElement to be clicked [[[[ChromeDriver: chrome on XP (dea3a4facb6ec9f9fe868bc0dbf80948)] -> id: ctl00_ctl00_ParentContent_cPHFilter_ddlType]] -> xpath: .//option[normalize-space(.) = "Partnership"]]<br/>
After click [[[[ChromeDriver: chrome on XP (dea3a4facb6ec9f9fe868bc0dbf80948)] -> id: ctl00_ctl00_ParentContent_cPHFilter_ddlType]] -> xpath: .//option[normalize-space(.) = "Partnership"]]<br/>
WebElement [[[[ChromeDriver: chrome on XP (dea3a4facb6ec9f9fe868bc0dbf80948)] -> id: ctl00_ctl00_ParentContent_cPHFilter_ddlType]] -> xpath: .//option[normalize-space(.) = "Partnership"]] clicked<br/>
WebElement to be clicked [[ChromeDriver: chrome on XP (dea3a4facb6ec9f9fe868bc0dbf80948)] -> id: ctl00_ctl00_ParentContent_cPHFilter_btnSearch]<br/>
After click [[ChromeDriver: chrome on XP (dea3a4facb6ec9f9fe868bc0dbf80948)] -> id: ctl00_ctl00_ParentContent_cPHFilter_btnSearch]<br/>
WebElement [[ChromeDriver: chrome on XP (dea3a4facb6ec9f9fe868bc0dbf80948)] -> id: ctl00_ctl00_ParentContent_cPHFilter_btnSearch] clicked<br/>
WebElement to be clicked [[ChromeDriver: chrome on XP (dea3a4facb6ec9f9fe868bc0dbf80948)] -> id: ctl00_ctl00_ParentContent_cPHFilter_btnSearch]<br/>
After click [[ChromeDriver: chrome on XP (dea3a4facb6ec9f9fe868bc0dbf80948)] -> id: ctl00_ctl00_ParentContent_cPHFilter_btnSearch]<br/>
WebElement [[ChromeDriver: chrome on XP (dea3a4facb6ec9f9fe868bc0dbf80948)] -> id: ctl00_ctl00_ParentContent_cPHFilter_btnSearch] clicked<br/>
WebElement to be clicked [[ChromeDriver: chrome on XP (dea3a4facb6ec9f9fe868bc0dbf80948)] -> xpath: //tr[@id='ctl00_ctl00_ParentContent_cPH_rptrDisplayRecords_ctl00_rowCompany']/td[1]]<br/>
After click [[ChromeDriver: chrome on XP (dea3a4facb6ec9f9fe868bc0dbf80948)] -> xpath: //tr[@id='ctl00_ctl00_ParentContent_cPH_rptrDisplayRecords_ctl00_rowCompany']/td[1]]<br/>
WebElement [[ChromeDriver: chrome on XP (dea3a4facb6ec9f9fe868bc0dbf80948)] -> xpath: //tr[@id='ctl00_ctl00_ParentContent_cPH_rptrDisplayRecords_ctl00_rowCompany']/td[1]] clicked<br/>
opening searched business<br/>
Nomisma1Partnership<br/>
Page Refreshed<br/>
WebElement to be clicked [[ChromeDriver: chrome on XP (dea3a4facb6ec9f9fe868bc0dbf80948)] -> xpath: //span[contains(text(),'Partnership Tax Return')]]<br/>
After click [[ChromeDriver: chrome on XP (dea3a4facb6ec9f9fe868bc0dbf80948)] -> xpath: //span[contains(text(),'Partnership Tax Return')]]<br/>
WebElement [[ChromeDriver: chrome on XP (dea3a4facb6ec9f9fe868bc0dbf80948)] -> xpath: //span[contains(text(),'Partnership Tax Return')]] clicked<br/>
Nomisma1Partnership<br/>
Dashboard of Partnership Tax Return opened successfully<br/>
WebElement to be clicked [[ChromeDriver: chrome on XP (dea3a4facb6ec9f9fe868bc0dbf80948)] -> xpath: //span[contains(text(),'Partnership - SA800')]]<br/>
After click [[ChromeDriver: chrome on XP (dea3a4facb6ec9f9fe868bc0dbf80948)] -> xpath: //span[contains(text(),'Partnership - SA800')]]<br/>
WebElement [[ChromeDriver: chrome on XP (dea3a4facb6ec9f9fe868bc0dbf80948)] -> xpath: //span[contains(text(),'Partnership - SA800')]] clicked<br/>
WebElement to be clicked [[ChromeDriver: chrome on XP (dea3a4facb6ec9f9fe868bc0dbf80948)] -> xpath: //ul/li/a[contains(text(),'Business & Investment Income')]]<br/>
After click [[ChromeDriver: chrome on XP (dea3a4facb6ec9f9fe868bc0dbf80948)] -> xpath: //ul/li/a[contains(text(),'Business & Investment Income')]]<br/>
WebElement [[ChromeDriver: chrome on XP (dea3a4facb6ec9f9fe868bc0dbf80948)] -> xpath: //ul/li/a[contains(text(),'Business & Investment Income')]] clicked<br/>
WebElement to be clicked [[ChromeDriver: chrome on XP (dea3a4facb6ec9f9fe868bc0dbf80948)] -> id: ctl00_cpHeaderRight_btnEdit]<br/>
After click [[ChromeDriver: chrome on XP (dea3a4facb6ec9f9fe868bc0dbf80948)] -> id: ctl00_cpHeaderRight_btnEdit]<br/>
WebElement [[ChromeDriver: chrome on XP (dea3a4facb6ec9f9fe868bc0dbf80948)] -> id: ctl00_cpHeaderRight_btnEdit] clicked<br/>
edit button clicked in first go<br/>
 Value of Total assets is verified successfully: 24100.00<br/>
 Value of Total liabilities is verified successfully: 18000.00<br/>
 Value of Net Business Assets is verified successfully: 6100.00<br/>
 Value of Balance at end of period is verified successfully: 6100.00<br/>
WebElement to be clicked [[ChromeDriver: chrome on XP (dea3a4facb6ec9f9fe868bc0dbf80948)] -> id: ctl00_cpHeaderRight_btnSave]<br/>
After click [[ChromeDriver: chrome on XP (dea3a4facb6ec9f9fe868bc0dbf80948)] -> id: ctl00_cpHeaderRight_btnSave]<br/>
WebElement [[ChromeDriver: chrome on XP (dea3a4facb6ec9f9fe868bc0dbf80948)] -> id: ctl00_cpHeaderRight_btnSave] clicked<br/>
WebElement to be clicked [[ChromeDriver: chrome on XP (dea3a4facb6ec9f9fe868bc0dbf80948)] -> xpath: //span[contains(text(),'Partnership - SA800')]]<br/>
After click [[ChromeDriver: chrome on XP (dea3a4facb6ec9f9fe868bc0dbf80948)] -> xpath: //span[contains(text(),'Partnership - SA800')]]<br/>
WebElement [[ChromeDriver: chrome on XP (dea3a4facb6ec9f9fe868bc0dbf80948)] -> xpath: //span[contains(text(),'Partnership - SA800')]] clicked<br/>
WebElement to be clicked [[ChromeDriver: chrome on XP (dea3a4facb6ec9f9fe868bc0dbf80948)] -> xpath: //ul/li/a[contains(text(),'Partnership Statement(Short)')]]<br/>
After click [[ChromeDriver: chrome on XP (dea3a4facb6ec9f9fe868bc0dbf80948)] -> xpath: //ul/li/a[contains(text(),'Partnership Statement(Short)')]]<br/>
WebElement [[ChromeDriver: chrome on XP (dea3a4facb6ec9f9fe868bc0dbf80948)] -> xpath: //ul/li/a[contains(text(),'Partnership Statement(Short)')]] clicked<br/>
 Value of Partnership charges on Partnership short form is verified successfully: 5000.00<br/>
WebElement to be clicked [[ChromeDriver: chrome on XP (dea3a4facb6ec9f9fe868bc0dbf80948)] -> xpath: //span[contains(text(),'Tax Return')]]<br/>
After click [[ChromeDriver: chrome on XP (dea3a4facb6ec9f9fe868bc0dbf80948)] -> xpath: //span[contains(text(),'Tax Return')]]<br/>
WebElement [[ChromeDriver: chrome on XP (dea3a4facb6ec9f9fe868bc0dbf80948)] -> xpath: //span[contains(text(),'Tax Return')]] clicked<br/>
WebElement to be clicked [[ChromeDriver: chrome on XP (dea3a4facb6ec9f9fe868bc0dbf80948)] -> xpath: //a[contains(text(),'Partnership Summary')]]<br/>
After click [[ChromeDriver: chrome on XP (dea3a4facb6ec9f9fe868bc0dbf80948)] -> xpath: //a[contains(text(),'Partnership Summary')]]<br/>
WebElement [[ChromeDriver: chrome on XP (dea3a4facb6ec9f9fe868bc0dbf80948)] -> xpath: //a[contains(text(),'Partnership Summary')]] clicked<br/>
Plant machinery and motor vehicles value of Partnership Summary verified successfully: £ 10000.00<br/>
Other fixed assets value of Partnership Summary verified successfully: £ 2000.00<br/>
Stock and work in progress value of Partnership Summary verified successfully: £ 2500.00<br/>
Debtors prepayments etc value of Partnership Summary verified successfully: £ 3100.00<br/>
Test execution is in onTestFailure method<br/>
<img src=".\..\screenshots\Failure\SA800SummaryOfBalanceSheet.funcSA800SummaryOfBalanceSheet - 17-Dec-2019__03_38_00PM.png" style=width:400px><br/>
</div>
</td>
<td><div><pre>java.lang.AssertionError: expected [3200] but found [3300]
	at org.testng.Assert.fail(Assert.java:94)
	at org.testng.Assert.failNotEquals(Assert.java:494)
	at org.testng.Assert.assertEquals(Assert.java:123)
	at org.testng.Assert.assertEquals(Assert.java:176)
	at org.testng.Assert.assertEquals(Assert.java:186)
	at com.nomisma.pom.AddBusinessPages.funcSA800SummaryOfBalanceSheet(AddBusinessPages.java:6761)
	at com.nomisma.businesstypeScripts.SA800SummaryOfBalanceSheet.funcSA800SummaryOfBalanceSheet(SA800SummaryOfBalanceSheet.java:53)
	at java.base/jdk.internal.reflect.NativeMethodAccessorImpl.invoke0(Native Method)
	at java.base/jdk.internal.reflect.NativeMethodAccessorImpl.invoke(NativeMethodAccessorImpl.java:62)
	at java.base/jdk.internal.reflect.DelegatingMethodAccessorImpl.invoke(DelegatingMethodAccessorImpl.java:43)
	at java.base/java.lang.reflect.Method.invoke(Method.java:564)
	at org.testng.internal.MethodInvocationHelper.invokeMethod(MethodInvocationHelper.java:80)
	at org.testng.internal.Invoker.invokeMethod(Invoker.java:714)
	at org.testng.internal.Invoker.invokeTestMethod(Invoker.java:901)
	at org.testng.internal.Invoker.invokeTestMethods(Invoker.java:1231)
	at org.testng.internal.TestMethodWorker.invokeTestMethods(TestMethodWorker.java:127)
	at org.testng.internal.TestMethodWorker.run(TestMethodWorker.java:111)
	at org.testng.TestRunner.privateRun(TestRunner.java:767)
	at org.testng.TestRunner.run(TestRunner.java:617)
	at org.testng.SuiteRunner.runTest(SuiteRunner.java:334)
	at org.testng.SuiteRunner.runSequentially(SuiteRunner.java:329)
	at org.testng.SuiteRunner.privateRun(SuiteRunner.java:291)
	at org.testng.SuiteRunner.run(SuiteRunner.java:240)
	at org.testng.SuiteRunnerWorker.runSuite(SuiteRunnerWorker.java:52)
	at org.testng.SuiteRunnerWorker.run(SuiteRunnerWorker.java:86)
	at org.testng.TestNG.runSuitesSequentially(TestNG.java:1198)
	at org.testng.TestNG.runSuitesLocally(TestNG.java:1123)
	at org.testng.TestNG.run(TestNG.java:1031)
	at org.testng.remote.AbstractRemoteTestNG.run(AbstractRemoteTestNG.java:114)
	at org.testng.remote.RemoteTestNG.initAndRun(RemoteTestNG.java:251)
	at org.testng.remote.RemoteTestNG.main(RemoteTestNG.java:77)
</pre></div><a href='#' onClick='toggleBox("stack-trace1412564235", this, "Click to show all stack frames", "Click to hide stack frames")'>Click to show all stack frames</a>
<div class='stack-trace' id='stack-trace1412564235'><pre>java.lang.AssertionError: expected [3200] but found [3300]
	at org.testng.Assert.fail(Assert.java:94)
	at org.testng.Assert.failNotEquals(Assert.java:494)
	at org.testng.Assert.assertEquals(Assert.java:123)
	at org.testng.Assert.assertEquals(Assert.java:176)
	at org.testng.Assert.assertEquals(Assert.java:186)
	at com.nomisma.pom.AddBusinessPages.funcSA800SummaryOfBalanceSheet(AddBusinessPages.java:6761)
	at com.nomisma.businesstypeScripts.SA800SummaryOfBalanceSheet.funcSA800SummaryOfBalanceSheet(SA800SummaryOfBalanceSheet.java:53)
	at java.base/jdk.internal.reflect.NativeMethodAccessorImpl.invoke0(Native Method)
	at java.base/jdk.internal.reflect.NativeMethodAccessorImpl.invoke(NativeMethodAccessorImpl.java:62)
	at java.base/jdk.internal.reflect.DelegatingMethodAccessorImpl.invoke(DelegatingMethodAccessorImpl.java:43)
	at java.base/java.lang.reflect.Method.invoke(Method.java:564)
	at org.testng.internal.MethodInvocationHelper.invokeMethod(MethodInvocationHelper.java:80)
	at org.testng.internal.Invoker.invokeMethod(Invoker.java:714)
	at org.testng.internal.Invoker.invokeTestMethod(Invoker.java:901)
	at org.testng.internal.Invoker.invokeTestMethods(Invoker.java:1231)
	at org.testng.internal.TestMethodWorker.invokeTestMethods(TestMethodWorker.java:127)
	at org.testng.internal.TestMethodWorker.run(TestMethodWorker.java:111)
	at org.testng.TestRunner.privateRun(TestRunner.java:767)
	at org.testng.TestRunner.run(TestRunner.java:617)
	at org.testng.SuiteRunner.runTest(SuiteRunner.java:334)
	at org.testng.SuiteRunner.runSequentially(SuiteRunner.java:329)
	at org.testng.SuiteRunner.privateRun(SuiteRunner.java:291)
	at org.testng.SuiteRunner.run(SuiteRunner.java:240)
	at org.testng.SuiteRunnerWorker.runSuite(SuiteRunnerWorker.java:52)
	at org.testng.SuiteRunnerWorker.run(SuiteRunnerWorker.java:86)
	at org.testng.TestNG.runSuitesSequentially(TestNG.java:1198)
	at org.testng.TestNG.runSuitesLocally(TestNG.java:1123)
	at org.testng.TestNG.run(TestNG.java:1031)
	at org.testng.remote.AbstractRemoteTestNG.run(AbstractRemoteTestNG.java:114)
	at org.testng.remote.RemoteTestNG.initAndRun(RemoteTestNG.java:251)
	at org.testng.remote.RemoteTestNG.main(RemoteTestNG.java:77)
</pre></div></td>
<td>41</td>
<td>com.nomisma.businesstypeScripts.SA800SummaryOfBalanceSheet@34f5090e</td></tr>
</table><p>
</body>
</html>