<?xml version="1.0" encoding="UTF-8"?>
<!-- Generated by org.testng.reporters.JUnitXMLReporter -->
<testsuite ignored="0" hostname="Deepika-2AT30NI" failures="0" tests="1" name="Testcase 20-Tax due amount on schedule email page when work status is filed" time="87.445" errors="0" timestamp="2021-07-22T13:08:11 IST">
  <testcase classname="tests.testcase34_DefaultProfile2" name="GoToUrlusernamepositiveinputPositiveEnterctl00cPHpassClickLoginPositiveEnterctl00cPHFiltertxtAg" time="81.691"/>
</testsuite> <!-- Testcase 20-Tax due amount on schedule email page when work status is filed -->
