<?xml version="1.0" encoding="UTF-8"?>
<!-- Generated by org.testng.reporters.JUnitXMLReporter -->
<testsuite ignored="0" hostname="Deepika-2AT30NI" failures="0" tests="1" name="Testcase 16-Tax due amount on schedule email page when work status is submitted" time="83.639" errors="0" timestamp="2021-07-22T13:03:20 IST">
  <testcase classname="tests.testcase30_DefaultProfile2" name="GoToUrlusernamepositiveinputPositiveEnterctl00cPHpassClickLoginPositiveEnterctl00cPHFiltertxtAg" time="77.903"/>
</testsuite> <!-- Testcase 16-Tax due amount on schedule email page when work status is submitted -->
