<?xml version="1.0" encoding="UTF-8"?>
<!-- Generated by org.testng.reporters.JUnitXMLReporter -->
<testsuite ignored="0" hostname="Deepika-2AT30NI" failures="0" tests="1" name="Testcase 26-Tax due amount on schedule email page when work status is To be filed" time="80.608" errors="0" timestamp="2021-07-22T13:16:46 IST">
  <testcase classname="tests.testcase35_DefaultProfile2" name="GoToUrlusernamepositiveinputPositiveEnterctl00cPHpassClickLoginPositiveEnterctl00cPHFiltertxtAg" time="74.887"/>
</testsuite> <!-- Testcase 26-Tax due amount on schedule email page when work status is To be filed -->
