<?xml version="1.0" encoding="UTF-8"?>
<!-- Generated by org.testng.reporters.JUnitXMLReporter -->
<testsuite ignored="0" hostname="Deepika-2AT30NI" failures="0" tests="1" name="Scenario 2:Partnership linking done in tax year 2016-17 when status is Not started and validated" time="90.116" errors="0" timestamp="2021-09-16T18:30:35 IST">
  <testcase classname="tests.testcase55_DefaultProfile2" name="GoToUrlusernamepositiveinputPositiveEnterctl00cPHpassClickLoginPositiveEnterctl00cPHFiltertxtAg" time="84.162"/>
</testsuite> <!-- Scenario 2:Partnership linking done in tax year 2016-17 when status is Not started and validated -->
