<?xml version="1.0" encoding="UTF-8"?>
<!-- Generated by org.testng.reporters.JUnitXMLReporter -->
<testsuite ignored="0" hostname="Deepika-2AT30NI" failures="0" tests="1" name="Scenario 5:Partnership linking  done in tax year 2019-20 when status is Not started and validated" time="138.044" errors="0" timestamp="2021-09-16T18:35:23 IST">
  <testcase classname="tests.testcase76_DefaultProfile2" name="GoToUrlusernamepositiveinputPositiveEnterctl00cPHpassClickLoginPositiveEnterctl00cPHFiltertxtAg" time="132.033"/>
</testsuite> <!-- Scenario 5:Partnership linking  done in tax year 2019-20 when status is Not started and validated -->
