<?xml version="1.0" encoding="UTF-8"?>
<!-- Generated by org.testng.reporters.JUnitReportReporter -->
<testsuite hostname="Nom_aNjali" failures="0" tests="1" name="com.nomisma.businesstypeScripts.VerifyBusinessIncomeTradingIncomeAutoAndManualPTRFull" time="203.115" errors="0" timestamp="27 Dec 2019 10:15:01 GMT">
  <testcase classname="com.nomisma.businesstypeScripts.VerifyBusinessIncomeTradingIncomeAutoAndManualPTRFull" name="funcVerifyBusinessIncomeTradingIncomeAutoAndManualPTRFull" time="203.115"/>
</testsuite> <!-- com.nomisma.businesstypeScripts.VerifyBusinessIncomeTradingIncomeAutoAndManualPTRFull -->
