<?xml version="1.0" encoding="UTF-8"?>
<!-- Generated by org.testng.reporters.JUnitReportReporter -->
<testsuite hostname="Nom_aNjali" failures="0" tests="2" name="com.nomisma.SAMTR_Scripts2019.MTRTestScenario201" time="219.946" errors="0" timestamp="22 Jan 2020 21:48:57 GMT">
  <testcase classname="com.nomisma.SAMTR_Scripts2019.MTRTestScenario201" name="funcAddTestCase201" time="84.338"/>
  <testcase classname="com.nomisma.SAMTR_Scripts2019.MTRTestScenario201" name="funcDelTestCase201" time="135.608"/>
</testsuite> <!-- com.nomisma.SAMTR_Scripts2019.MTRTestScenario201 -->
