<?xml version="1.0" encoding="UTF-8"?>
<!-- Generated by org.testng.reporters.JUnitReportReporter -->
<testsuite hostname="Nom_aNjali" failures="0" tests="2" name="com.nomisma.SAMTR_Scripts2020.MTRTestScenario244" time="239.832" errors="0" timestamp="3 Apr 2020 15:01:24 GMT">
  <testcase classname="com.nomisma.SAMTR_Scripts2020.MTRTestScenario244" name="funcAddTestCase244" time="100.958"/>
  <testcase classname="com.nomisma.SAMTR_Scripts2020.MTRTestScenario244" name="funcDelTestCase244" time="138.874"/>
</testsuite> <!-- com.nomisma.SAMTR_Scripts2020.MTRTestScenario244 -->
