<?xml version="1.0" encoding="UTF-8"?>
<!-- Generated by org.testng.reporters.JUnitReportReporter -->
<testsuite hostname="Nom_aNjali" failures="0" tests="2" name="com.nomisma.SAMTR_Scripts2020.MTRTestScenario81" time="218.131" errors="0" timestamp="1 Apr 2020 06:34:15 GMT">
  <testcase classname="com.nomisma.SAMTR_Scripts2020.MTRTestScenario81" name="funcAddTestCase81" time="92.046"/>
  <testcase classname="com.nomisma.SAMTR_Scripts2020.MTRTestScenario81" name="funcDelTestCase81" time="126.085"/>
</testsuite> <!-- com.nomisma.SAMTR_Scripts2020.MTRTestScenario81 -->
