<?xml version="1.0" encoding="UTF-8"?>
<!-- Generated by org.testng.reporters.JUnitReportReporter -->
<testsuite hostname="Nom_aNjali" failures="0" tests="2" name="com.nomisma.SAMTR_Scripts2019.MTRTestScenario97" time="234.733" errors="0" timestamp="22 Jan 2020 21:48:58 GMT">
  <testcase classname="com.nomisma.SAMTR_Scripts2019.MTRTestScenario97" name="funcAddTestCase97" time="89.608"/>
  <testcase classname="com.nomisma.SAMTR_Scripts2019.MTRTestScenario97" name="funcDelTestCase97" time="145.125"/>
</testsuite> <!-- com.nomisma.SAMTR_Scripts2019.MTRTestScenario97 -->
