<?xml version="1.0" encoding="UTF-8"?>
<!-- Generated by org.testng.reporters.JUnitReportReporter -->
<testsuite hostname="Nom_aNjali" failures="0" tests="2" name="com.nomisma.SAMTR_Scripts2019.MTRTestScenario38" time="189.588" errors="0" timestamp="31 Jan 2020 04:34:16 GMT">
  <testcase classname="com.nomisma.SAMTR_Scripts2019.MTRTestScenario38" name="funcDelTestCase38" time="123.794"/>
  <testcase classname="com.nomisma.SAMTR_Scripts2019.MTRTestScenario38" name="funcTestCase38" time="65.794"/>
</testsuite> <!-- com.nomisma.SAMTR_Scripts2019.MTRTestScenario38 -->
