<?xml version="1.0" encoding="UTF-8"?>
<!-- Generated by org.testng.reporters.JUnitReportReporter -->
<testsuite hostname="Nom_aNjali" failures="0" tests="2" name="com.nomisma.SAMTR_Scripts2019.MTRTestScenario51" time="189.503" errors="0" timestamp="22 Jan 2020 21:48:58 GMT">
  <testcase classname="com.nomisma.SAMTR_Scripts2019.MTRTestScenario51" name="funcAddTestCase51" time="65.275"/>
  <testcase classname="com.nomisma.SAMTR_Scripts2019.MTRTestScenario51" name="funcDelTestCase51" time="124.228"/>
</testsuite> <!-- com.nomisma.SAMTR_Scripts2019.MTRTestScenario51 -->
