<?xml version="1.0" encoding="UTF-8"?>
<!-- Generated by org.testng.reporters.JUnitReportReporter -->
<testsuite hostname="DESKTOP-ORUDN72" failures="0" tests="3" name="com.nomisma.scriptsvat.AddEUCustomerInvoiceTest" time="311.851" errors="0" timestamp="5 Jul 2019 15:27:13 GMT">
  <testcase classname="com.nomisma.scriptsvat.AddEUCustomerInvoiceTest" name="InvoiceEUInvoices" time="176.814"/>
  <testcase classname="com.nomisma.scriptsvat.AddEUCustomerInvoiceTest" name="BankTransactionsEUInvoices" time="104.389"/>
  <testcase classname="com.nomisma.scriptsvat.AddEUCustomerInvoiceTest" name="ReconcileEUInvoices" time="30.648"/>
</testsuite> <!-- com.nomisma.scriptsvat.AddEUCustomerInvoiceTest -->
