<?xml version="1.0" encoding="UTF-8"?>
<!-- Generated by org.testng.reporters.JUnitReportReporter -->
<testsuite hostname="Nom_aNjali" failures="0" tests="1" name="com.nomisma.businesstypeScripts.Verify3_53And3_54TextBox" time="385.619" errors="0" timestamp="11 Dec 2019 11:51:18 GMT">
  <testcase classname="com.nomisma.businesstypeScripts.Verify3_53And3_54TextBox" name="funcVerify3_53And5_34BoxPTRFull" time="385.619"/>
</testsuite> <!-- com.nomisma.businesstypeScripts.Verify3_53And3_54TextBox -->
