<?xml version="1.0" encoding="UTF-8"?>
<!-- Generated by org.testng.reporters.JUnitXMLReporter -->
<testsuite ignored="0" hostname="Deepika-2AT30NI" failures="1" tests="1" name="MTR Testcase97" time="47.15" errors="0" timestamp="2021-04-29T16:36:02 IST">
  <testcase classname="tests.testcase97_DefaultProfile2" name="GoToUrlusernamepositiveinputPositiveEnterctl00cPHpassClickLoginPositiveEnterctl00cPHFiltertxtAg" time="41.403">
    <failure type="java.lang.AssertionError" message="Unable to locate object: By.xpath: //*[@id=&amp;quot;ctl00_ctl00_ParentContent_divSubContent&amp;quot;]/div[3]/div/div/div/div/table/tbody/tr[2]/td[2]/a">
      <![CDATA[java.lang.AssertionError: Unable to locate object: By.xpath: //*[@id="ctl00_ctl00_ParentContent_divSubContent"]/div[3]/div/div/div/div/table/tbody/tr[2]/td[2]/a
at pages.SA_Left_menu.Click__MTRTestCase2_SA(SA_Left_menu.java:316)
at tests.testcase97_DefaultProfile2.GoToUrlusernamepositiveinputPositiveEnterctl00cPHpassClickLoginPositiveEnterctl00cPHFiltertxtAg(testcase97_DefaultProfile2.java:84)
at java.base/java.util.ArrayList.forEach(ArrayList.java:1540)
... Removed 28 stack frames]]>
    </failure>
  </testcase> <!-- GoToUrlusernamepositiveinputPositiveEnterctl00cPHpassClickLoginPositiveEnterctl00cPHFiltertxtAg -->
</testsuite> <!-- MTR Testcase97 -->
