<?xml version="1.0" encoding="UTF-8"?>
<testng-results ignored="0" total="23" passed="21" failed="2" skipped="0">
  <reporter-output>
    <line>
      <![CDATA[Tax year : 2019-20]]>
    </line>
    <line>
      <![CDATA[Turnover at partnership short UI:55000]]>
    </line>
    <line>
      <![CDATA[Date of birth:05/04/1953]]>
    </line>
    <line>
      <![CDATA[Exempt from Class 4 NIC is  checked at partnership,verified ]]>
    </line>
    <line>
      <![CDATA[Tax year : 2020-21]]>
    </line>
    <line>
      <![CDATA[Turnover at partnership short UI:55000]]>
    </line>
    <line>
      <![CDATA[Date of birth:07/04/1953]]>
    </line>
    <line>
      <![CDATA[Exempt from Class 4 NIC is  checked at partnership,verified ]]>
    </line>
    <line>
      <![CDATA[Tax year : 2019-20]]>
    </line>
    <line>
      <![CDATA[Turnover at partnership short UI:55000]]>
    </line>
    <line>
      <![CDATA[Date of birth:07/04/1953]]>
    </line>
    <line>
      <![CDATA[Exempt from Class 4 NIC is  checked at partnership,verified ]]>
    </line>
    <line>
      <![CDATA[Tax year : 2018-19]]>
    </line>
    <line>
      <![CDATA[Turnover at partnership short UI:55000]]>
    </line>
    <line>
      <![CDATA[Date of birth:07/04/1953]]>
    </line>
    <line>
      <![CDATA[Exempt from Class 4 NIC is not checked at partnership,verified ]]>
    </line>
    <line>
      <![CDATA[Tax year : 2020-21]]>
    </line>
    <line>
      <![CDATA[Turnover at partnership short UI:55000]]>
    </line>
    <line>
      <![CDATA[Date of birth:06/04/1952]]>
    </line>
    <line>
      <![CDATA[Exempt from Class 4 NIC is  checked at partnership,verified ]]>
    </line>
    <line>
      <![CDATA[Tax year : 2019-20]]>
    </line>
    <line>
      <![CDATA[Turnover at partnership short UI:55000]]>
    </line>
    <line>
      <![CDATA[Date of birth:06/04/1952]]>
    </line>
    <line>
      <![CDATA[Exempt from Class 4 NIC is  checked at partnership,verified ]]>
    </line>
    <line>
      <![CDATA[Tax year : 2018-19]]>
    </line>
    <line>
      <![CDATA[Turnover at partnership short UI:55000]]>
    </line>
    <line>
      <![CDATA[Date of birth:06/04/1952]]>
    </line>
    <line>
      <![CDATA[Exempt from Class 4 NIC is  checked at partnership,verified ]]>
    </line>
    <line>
      <![CDATA[Tax year : 2020-21]]>
    </line>
    <line>
      <![CDATA[Turnover at partnership short UI:55000]]>
    </line>
    <line>
      <![CDATA[Date of birth:06/04/1951]]>
    </line>
    <line>
      <![CDATA[Exempt from Class 4 NIC is  checked at partnership,verified ]]>
    </line>
    <line>
      <![CDATA[Tax year : 2019-20]]>
    </line>
    <line>
      <![CDATA[Turnover at partnership short UI:55000]]>
    </line>
    <line>
      <![CDATA[Date of birth:06/04/1951]]>
    </line>
    <line>
      <![CDATA[Exempt from Class 4 NIC is  checked at partnership,verified ]]>
    </line>
    <line>
      <![CDATA[Tax year : 2018-19]]>
    </line>
    <line>
      <![CDATA[Turnover at partnership short UI:55000]]>
    </line>
    <line>
      <![CDATA[Date of birth:06/04/1951]]>
    </line>
    <line>
      <![CDATA[Exempt from Class 4 NIC is  checked at partnership,verified ]]>
    </line>
    <line>
      <![CDATA[Tax year : 2020-21]]>
    </line>
    <line>
      <![CDATA[Turnover at partnership short UI:55000]]>
    </line>
    <line>
      <![CDATA[Date of birth:30/09/1951]]>
    </line>
    <line>
      <![CDATA[Exempt from Class 4 NIC is  checked at partnership,verified ]]>
    </line>
    <line>
      <![CDATA[Tax year : 2019-20]]>
    </line>
    <line>
      <![CDATA[Turnover at partnership short UI:55000]]>
    </line>
    <line>
      <![CDATA[Date of birth:30/09/1951]]>
    </line>
    <line>
      <![CDATA[Exempt from Class 4 NIC is  checked at partnership,verified ]]>
    </line>
    <line>
      <![CDATA[Tax year : 2018-19]]>
    </line>
    <line>
      <![CDATA[Turnover at partnership short UI:55000]]>
    </line>
    <line>
      <![CDATA[Date of birth:30/09/1951]]>
    </line>
    <line>
      <![CDATA[Exempt from Class 4 NIC is  checked at partnership,verified ]]>
    </line>
    <line>
      <![CDATA[Tax year : 2020-21]]>
    </line>
    <line>
      <![CDATA[Input 1 for  partnership UI:55000]]>
    </line>
    <line>
      <![CDATA[Date of birth:06/04/1954]]>
    </line>
    <line>
      <![CDATA[Input 2 for partnership UI:55000]]>
    </line>
    <line>
      <![CDATA[Exempt from Class 4 NIC is checked at partnership,verified ]]>
    </line>
    <line>
      <![CDATA[Amount in Turnover at UI summary: manual entry :15400]]>
    </line>
    <line>
      <![CDATA[Amount in Expenditure at UI summary: manual entry :130]]>
    </line>
    <line>
      <![CDATA[Amount in Net rpofit at UI summary: manual entry :15270]]>
    </line>
    <line>
      <![CDATA[AllowableBusinessExpenses]]>
    </line>
    <line>
      <![CDATA[CostOfGoods:10]]>
    </line>
    <line>
      <![CDATA[CarVanAndTravelExpenses:20]]>
    </line>
    <line>
      <![CDATA[WagesSalariesAndStaffCosts:10]]>
    </line>
    <line>
      <![CDATA[RentAndOtherPropertyCosts:20]]>
    </line>
    <line>
      <![CDATA[RepairsAndMaintenanceCosts:10]]>
    </line>
    <line>
      <![CDATA[AccountancyAndLegalFees:20]]>
    </line>
    <line>
      <![CDATA[InterestAndFinanceCharges:10]]>
    </line>
    <line>
      <![CDATA[PhoneAndOtherOfficeCosts:20]]>
    </line>
    <line>
      <![CDATA[OtherAllowableBusinessExpenses:10]]>
    </line>
    <line>
      <![CDATA[TotalAllowableExpenses:130]]>
    </line>
    <line>
      <![CDATA[AllowableBusinessExpenses]]>
    </line>
    <line>
      <![CDATA[NetProfitOrLoss:15270]]>
    </line>
    <line>
      <![CDATA[NetBusinessProfitForTax:15270]]>
    </line>
    <line>
      <![CDATA[TotalTaxableBusinessProfits:15270]]>
    </line>
    <line>
      <![CDATA[Tax year : 2018-19]]>
    </line>
    <line>
      <![CDATA[Turnover:77880]]>
    </line>
    <line>
      <![CDATA[Other income:20000]]>
    </line>
    <line>
      <![CDATA[Success ! Tax return is validated]]>
    </line>
    <line>
      <![CDATA[AllowableBusinessExpenses]]>
    </line>
    <line>
      <![CDATA[CostOfGoods:4875]]>
    </line>
    <line>
      <![CDATA[CarVanAndTravelExpenses:1720]]>
    </line>
    <line>
      <![CDATA[WagesSalariesAndStaffCosts50000]]>
    </line>
    <line>
      <![CDATA[RentAndOtherPropertyCosts:23600]]>
    </line>
    <line>
      <![CDATA[RepairsAndMaintenanceCosts:240]]>
    </line>
    <line>
      <![CDATA[AccountancyAndLegalFees:200]]>
    </line>
    <line>
      <![CDATA[InterestAndFinanceCharges:360.75]]>
    </line>
    <line>
      <![CDATA[PhoneAndOtherOfficeCosts:40]]>
    </line>
    <line>
      <![CDATA[OtherAllowableBusinessExpenses:48460.50]]>
    </line>
    <line>
      <![CDATA[TotalAllowableExpenses:130096.25]]>
    </line>
    <line>
      <![CDATA[AllowableBusinessExpenses]]>
    </line>
    <line>
      <![CDATA[NetProfitOrLoss:706.25]]>
    </line>
    <line>
      <![CDATA[AnyOtherBusinessIncome:706.25]]>
    </line>
    <line>
      <![CDATA[TotalLossToCarryForward:706.25]]>
    </line>
    <line>
      <![CDATA[linking verified with new ledger codes and manual scenario for short form]]>
    </line>
    <line>
      <![CDATA[Tax year : 2018-19]]>
    </line>
    <line>
      <![CDATA[Input 1 for  partnership UI:55000]]>
    </line>
    <line>
      <![CDATA[Date of birth:06/04/1954]]>
    </line>
    <line>
      <![CDATA[Input 2 for partnership UI:55000]]>
    </line>
    <line>
      <![CDATA[Exempt from Class 4 NIC is not checked at partnership,verified ]]>
    </line>
    <line>
      <![CDATA[Tax year : 2020-21]]>
    </line>
    <line>
      <![CDATA[Input 1 for  partnership UI:55000]]>
    </line>
    <line>
      <![CDATA[Date of birth:30/04/1954]]>
    </line>
    <line>
      <![CDATA[Input 2 for partnership UI:55000]]>
    </line>
    <line>
      <![CDATA[Exempt from Class 4 NIC is not checked at partnership,verified ]]>
    </line>
    <line>
      <![CDATA[Tax year : 2018-19]]>
    </line>
    <line>
      <![CDATA[Input 1 for  partnership UI:55000]]>
    </line>
    <line>
      <![CDATA[Date of birth:30/04/1954]]>
    </line>
    <line>
      <![CDATA[Input 2 for partnership UI:55000]]>
    </line>
    <line>
      <![CDATA[Exempt from Class 4 NIC is not checked at partnership,verified ]]>
    </line>
    <line>
      <![CDATA[Tax year : 2020-21]]>
    </line>
    <line>
      <![CDATA[Input 1 for  partnership UI:55000]]>
    </line>
    <line>
      <![CDATA[Date of birth:05/04/1954]]>
    </line>
    <line>
      <![CDATA[Input 2 for partnership UI:55000]]>
    </line>
    <line>
      <![CDATA[Exempt from Class 4 NIC is  checked at partnership,verified ]]>
    </line>
    <line>
      <![CDATA[Tax year : 2019-20]]>
    </line>
    <line>
      <![CDATA[Input 1 for  partnership UI:55000]]>
    </line>
    <line>
      <![CDATA[Date of birth:05/04/1954]]>
    </line>
    <line>
      <![CDATA[Input 2 for partnership UI:55000]]>
    </line>
    <line>
      <![CDATA[Exempt from Class 4 NIC is not checked at partnership,verified ]]>
    </line>
    <line>
      <![CDATA[Tax year : 2018-19]]>
    </line>
    <line>
      <![CDATA[Input 1 for  partnership UI:55000]]>
    </line>
    <line>
      <![CDATA[Date of birth:05/04/1954]]>
    </line>
    <line>
      <![CDATA[Input 2 for partnership UI:55000]]>
    </line>
    <line>
      <![CDATA[Exempt from Class 4 NIC is  checked at partnership,verified ]]>
    </line>
  </reporter-output>
  <suite started-at="2021-11-12T00:13:24 IST" name="Exempt from class 4 NIC automatic check verification " finished-at="2021-11-12T01:26:35 IST" duration-ms="4390700">
    <groups>
      <group name="testcase 2 - Default Profile">
        <method signature="testcaseSELFEMP89_DefaultProfile2.GoToUrlusernamepositiveinputPositiveEnterctl00cPHpassClickLoginPositiveEnterctl00cPHFiltertxtAg()[pri:0, instance:tests.testcaseSELFEMP89_DefaultProfile2@48793bef]" name="GoToUrlusernamepositiveinputPositiveEnterctl00cPHpassClickLoginPositiveEnterctl00cPHFiltertxtAg" class="tests.testcaseSELFEMP89_DefaultProfile2"/>
        <method signature="testcaseSELFEMP90_DefaultProfile2.GoToUrlusernamepositiveinputPositiveEnterctl00cPHpassClickLoginPositiveEnterctl00cPHFiltertxtAg()[pri:0, instance:tests.testcaseSELFEMP90_DefaultProfile2@2d778add]" name="GoToUrlusernamepositiveinputPositiveEnterctl00cPHpassClickLoginPositiveEnterctl00cPHFiltertxtAg" class="tests.testcaseSELFEMP90_DefaultProfile2"/>
        <method signature="testcaseSELFEMP91_DefaultProfile2.GoToUrlusernamepositiveinputPositiveEnterctl00cPHpassClickLoginPositiveEnterctl00cPHFiltertxtAg()[pri:0, instance:tests.testcaseSELFEMP91_DefaultProfile2@38604b81]" name="GoToUrlusernamepositiveinputPositiveEnterctl00cPHpassClickLoginPositiveEnterctl00cPHFiltertxtAg" class="tests.testcaseSELFEMP91_DefaultProfile2"/>
        <method signature="testcaseSELFEMP92_DefaultProfile2.GoToUrlusernamepositiveinputPositiveEnterctl00cPHpassClickLoginPositiveEnterctl00cPHFiltertxtAg()[pri:0, instance:tests.testcaseSELFEMP92_DefaultProfile2@50de186c]" name="GoToUrlusernamepositiveinputPositiveEnterctl00cPHpassClickLoginPositiveEnterctl00cPHFiltertxtAg" class="tests.testcaseSELFEMP92_DefaultProfile2"/>
        <method signature="testcaseSELFEMP93_DefaultProfile2.GoToUrlusernamepositiveinputPositiveEnterctl00cPHpassClickLoginPositiveEnterctl00cPHFiltertxtAg()[pri:0, instance:tests.testcaseSELFEMP93_DefaultProfile2@17d88132]" name="GoToUrlusernamepositiveinputPositiveEnterctl00cPHpassClickLoginPositiveEnterctl00cPHFiltertxtAg" class="tests.testcaseSELFEMP93_DefaultProfile2"/>
        <method signature="testcaseSELFEMP94_DefaultProfile2.GoToUrlusernamepositiveinputPositiveEnterctl00cPHpassClickLoginPositiveEnterctl00cPHFiltertxtAg()[pri:0, instance:tests.testcaseSELFEMP94_DefaultProfile2@be68757]" name="GoToUrlusernamepositiveinputPositiveEnterctl00cPHpassClickLoginPositiveEnterctl00cPHFiltertxtAg" class="tests.testcaseSELFEMP94_DefaultProfile2"/>
        <method signature="testcaseSELFEMP95_DefaultProfile2.GoToUrlusernamepositiveinputPositiveEnterctl00cPHpassClickLoginPositiveEnterctl00cPHFiltertxtAg()[pri:0, instance:tests.testcaseSELFEMP95_DefaultProfile2@6d167f58]" name="GoToUrlusernamepositiveinputPositiveEnterctl00cPHpassClickLoginPositiveEnterctl00cPHFiltertxtAg" class="tests.testcaseSELFEMP95_DefaultProfile2"/>
        <method signature="testcaseSELFEMP96_DefaultProfile2.GoToUrlusernamepositiveinputPositiveEnterctl00cPHpassClickLoginPositiveEnterctl00cPHFiltertxtAg()[pri:0, instance:tests.testcaseSELFEMP96_DefaultProfile2@4f3bbf68]" name="GoToUrlusernamepositiveinputPositiveEnterctl00cPHpassClickLoginPositiveEnterctl00cPHFiltertxtAg" class="tests.testcaseSELFEMP96_DefaultProfile2"/>
        <method signature="testcaseSELFEMP97_DefaultProfile2.GoToUrlusernamepositiveinputPositiveEnterctl00cPHpassClickLoginPositiveEnterctl00cPHFiltertxtAg()[pri:0, instance:tests.testcaseSELFEMP97_DefaultProfile2@56673b2c]" name="GoToUrlusernamepositiveinputPositiveEnterctl00cPHpassClickLoginPositiveEnterctl00cPHFiltertxtAg" class="tests.testcaseSELFEMP97_DefaultProfile2"/>
        <method signature="testcaseSELFEMP98_DefaultProfile2.GoToUrlusernamepositiveinputPositiveEnterctl00cPHpassClickLoginPositiveEnterctl00cPHFiltertxtAg()[pri:0, instance:tests.testcaseSELFEMP98_DefaultProfile2@2c78d320]" name="GoToUrlusernamepositiveinputPositiveEnterctl00cPHpassClickLoginPositiveEnterctl00cPHFiltertxtAg" class="tests.testcaseSELFEMP98_DefaultProfile2"/>
        <method signature="testcaseSELFEMP99_DefaultProfile2.GoToUrlusernamepositiveinputPositiveEnterctl00cPHpassClickLoginPositiveEnterctl00cPHFiltertxtAg()[pri:0, instance:tests.testcaseSELFEMP99_DefaultProfile2@5c2375a9]" name="GoToUrlusernamepositiveinputPositiveEnterctl00cPHpassClickLoginPositiveEnterctl00cPHFiltertxtAg" class="tests.testcaseSELFEMP99_DefaultProfile2"/>
        <method signature="testcaseSELFEMP100_DefaultProfile2.GoToUrlusernamepositiveinputPositiveEnterctl00cPHpassClickLoginPositiveEnterctl00cPHFiltertxtAg()[pri:0, instance:tests.testcaseSELFEMP100_DefaultProfile2@5f354bcf]" name="GoToUrlusernamepositiveinputPositiveEnterctl00cPHpassClickLoginPositiveEnterctl00cPHFiltertxtAg" class="tests.testcaseSELFEMP100_DefaultProfile2"/>
        <method signature="testcaseSELFEMP101_DefaultProfile2.GoToUrlusernamepositiveinputPositiveEnterctl00cPHpassClickLoginPositiveEnterctl00cPHFiltertxtAg()[pri:0, instance:tests.testcaseSELFEMP101_DefaultProfile2@291a7e3c]" name="GoToUrlusernamepositiveinputPositiveEnterctl00cPHpassClickLoginPositiveEnterctl00cPHFiltertxtAg" class="tests.testcaseSELFEMP101_DefaultProfile2"/>
        <method signature="testcaseSELFEMP102_DefaultProfile2.GoToUrlusernamepositiveinputPositiveEnterctl00cPHpassClickLoginPositiveEnterctl00cPHFiltertxtAg()[pri:0, instance:tests.testcaseSELFEMP102_DefaultProfile2@14fc1f0]" name="GoToUrlusernamepositiveinputPositiveEnterctl00cPHpassClickLoginPositiveEnterctl00cPHFiltertxtAg" class="tests.testcaseSELFEMP102_DefaultProfile2"/>
        <method signature="testcaseSELFEMP103_DefaultProfile2.GoToUrlusernamepositiveinputPositiveEnterctl00cPHpassClickLoginPositiveEnterctl00cPHFiltertxtAg()[pri:0, instance:tests.testcaseSELFEMP103_DefaultProfile2@60856961]" name="GoToUrlusernamepositiveinputPositiveEnterctl00cPHpassClickLoginPositiveEnterctl00cPHFiltertxtAg" class="tests.testcaseSELFEMP103_DefaultProfile2"/>
        <method signature="testcaseSELFEMP10_DefaultProfile2.GoToUrlusernamepositiveinputPositiveEnterctl00cPHpassClickLoginPositiveEnterctl00cPHFiltertxtAg()[pri:0, instance:tests.testcaseSELFEMP10_DefaultProfile2@61544ae6]" name="GoToUrlusernamepositiveinputPositiveEnterctl00cPHpassClickLoginPositiveEnterctl00cPHFiltertxtAg" class="tests.testcaseSELFEMP10_DefaultProfile2"/>
        <method signature="testcaseSELFEMP105_DefaultProfile2.GoToUrlusernamepositiveinputPositiveEnterctl00cPHpassClickLoginPositiveEnterctl00cPHFiltertxtAg()[pri:0, instance:tests.testcaseSELFEMP105_DefaultProfile2@332796d3]" name="GoToUrlusernamepositiveinputPositiveEnterctl00cPHpassClickLoginPositiveEnterctl00cPHFiltertxtAg" class="tests.testcaseSELFEMP105_DefaultProfile2"/>
        <method signature="testcaseSELFEMP106_DefaultProfile2.GoToUrlusernamepositiveinputPositiveEnterctl00cPHpassClickLoginPositiveEnterctl00cPHFiltertxtAg()[pri:0, instance:tests.testcaseSELFEMP106_DefaultProfile2@3fed2870]" name="GoToUrlusernamepositiveinputPositiveEnterctl00cPHpassClickLoginPositiveEnterctl00cPHFiltertxtAg" class="tests.testcaseSELFEMP106_DefaultProfile2"/>
        <method signature="testcaseSELFEMP107_DefaultProfile2.GoToUrlusernamepositiveinputPositiveEnterctl00cPHpassClickLoginPositiveEnterctl00cPHFiltertxtAg()[pri:0, instance:tests.testcaseSELFEMP107_DefaultProfile2@38234a38]" name="GoToUrlusernamepositiveinputPositiveEnterctl00cPHpassClickLoginPositiveEnterctl00cPHFiltertxtAg" class="tests.testcaseSELFEMP107_DefaultProfile2"/>
        <method signature="testcaseSELFEMP108_DefaultProfile2.GoToUrlusernamepositiveinputPositiveEnterctl00cPHpassClickLoginPositiveEnterctl00cPHFiltertxtAg()[pri:0, instance:tests.testcaseSELFEMP108_DefaultProfile2@7f0d96f2]" name="GoToUrlusernamepositiveinputPositiveEnterctl00cPHpassClickLoginPositiveEnterctl00cPHFiltertxtAg" class="tests.testcaseSELFEMP108_DefaultProfile2"/>
        <method signature="testcaseSELFEMP109_DefaultProfile2.GoToUrlusernamepositiveinputPositiveEnterctl00cPHpassClickLoginPositiveEnterctl00cPHFiltertxtAg()[pri:0, instance:tests.testcaseSELFEMP109_DefaultProfile2@7331196b]" name="GoToUrlusernamepositiveinputPositiveEnterctl00cPHpassClickLoginPositiveEnterctl00cPHFiltertxtAg" class="tests.testcaseSELFEMP109_DefaultProfile2"/>
        <method signature="testcaseSELFEMP110_DefaultProfile2.GoToUrlusernamepositiveinputPositiveEnterctl00cPHpassClickLoginPositiveEnterctl00cPHFiltertxtAg()[pri:0, instance:tests.testcaseSELFEMP110_DefaultProfile2@528c868]" name="GoToUrlusernamepositiveinputPositiveEnterctl00cPHpassClickLoginPositiveEnterctl00cPHFiltertxtAg" class="tests.testcaseSELFEMP110_DefaultProfile2"/>
        <method signature="testcaseSELFEMP111_DefaultProfile2.GoToUrlusernamepositiveinputPositiveEnterctl00cPHpassClickLoginPositiveEnterctl00cPHFiltertxtAg()[pri:0, instance:tests.testcaseSELFEMP111_DefaultProfile2@6bffbc6d]" name="GoToUrlusernamepositiveinputPositiveEnterctl00cPHpassClickLoginPositiveEnterctl00cPHFiltertxtAg" class="tests.testcaseSELFEMP111_DefaultProfile2"/>
      </group> <!-- testcase 2 - Default Profile -->
      <group name="testcase 2">
        <method signature="testcaseSELFEMP89_DefaultProfile2.GoToUrlusernamepositiveinputPositiveEnterctl00cPHpassClickLoginPositiveEnterctl00cPHFiltertxtAg()[pri:0, instance:tests.testcaseSELFEMP89_DefaultProfile2@48793bef]" name="GoToUrlusernamepositiveinputPositiveEnterctl00cPHpassClickLoginPositiveEnterctl00cPHFiltertxtAg" class="tests.testcaseSELFEMP89_DefaultProfile2"/>
        <method signature="testcaseSELFEMP90_DefaultProfile2.GoToUrlusernamepositiveinputPositiveEnterctl00cPHpassClickLoginPositiveEnterctl00cPHFiltertxtAg()[pri:0, instance:tests.testcaseSELFEMP90_DefaultProfile2@2d778add]" name="GoToUrlusernamepositiveinputPositiveEnterctl00cPHpassClickLoginPositiveEnterctl00cPHFiltertxtAg" class="tests.testcaseSELFEMP90_DefaultProfile2"/>
        <method signature="testcaseSELFEMP91_DefaultProfile2.GoToUrlusernamepositiveinputPositiveEnterctl00cPHpassClickLoginPositiveEnterctl00cPHFiltertxtAg()[pri:0, instance:tests.testcaseSELFEMP91_DefaultProfile2@38604b81]" name="GoToUrlusernamepositiveinputPositiveEnterctl00cPHpassClickLoginPositiveEnterctl00cPHFiltertxtAg" class="tests.testcaseSELFEMP91_DefaultProfile2"/>
        <method signature="testcaseSELFEMP92_DefaultProfile2.GoToUrlusernamepositiveinputPositiveEnterctl00cPHpassClickLoginPositiveEnterctl00cPHFiltertxtAg()[pri:0, instance:tests.testcaseSELFEMP92_DefaultProfile2@50de186c]" name="GoToUrlusernamepositiveinputPositiveEnterctl00cPHpassClickLoginPositiveEnterctl00cPHFiltertxtAg" class="tests.testcaseSELFEMP92_DefaultProfile2"/>
        <method signature="testcaseSELFEMP93_DefaultProfile2.GoToUrlusernamepositiveinputPositiveEnterctl00cPHpassClickLoginPositiveEnterctl00cPHFiltertxtAg()[pri:0, instance:tests.testcaseSELFEMP93_DefaultProfile2@17d88132]" name="GoToUrlusernamepositiveinputPositiveEnterctl00cPHpassClickLoginPositiveEnterctl00cPHFiltertxtAg" class="tests.testcaseSELFEMP93_DefaultProfile2"/>
        <method signature="testcaseSELFEMP94_DefaultProfile2.GoToUrlusernamepositiveinputPositiveEnterctl00cPHpassClickLoginPositiveEnterctl00cPHFiltertxtAg()[pri:0, instance:tests.testcaseSELFEMP94_DefaultProfile2@be68757]" name="GoToUrlusernamepositiveinputPositiveEnterctl00cPHpassClickLoginPositiveEnterctl00cPHFiltertxtAg" class="tests.testcaseSELFEMP94_DefaultProfile2"/>
        <method signature="testcaseSELFEMP95_DefaultProfile2.GoToUrlusernamepositiveinputPositiveEnterctl00cPHpassClickLoginPositiveEnterctl00cPHFiltertxtAg()[pri:0, instance:tests.testcaseSELFEMP95_DefaultProfile2@6d167f58]" name="GoToUrlusernamepositiveinputPositiveEnterctl00cPHpassClickLoginPositiveEnterctl00cPHFiltertxtAg" class="tests.testcaseSELFEMP95_DefaultProfile2"/>
        <method signature="testcaseSELFEMP96_DefaultProfile2.GoToUrlusernamepositiveinputPositiveEnterctl00cPHpassClickLoginPositiveEnterctl00cPHFiltertxtAg()[pri:0, instance:tests.testcaseSELFEMP96_DefaultProfile2@4f3bbf68]" name="GoToUrlusernamepositiveinputPositiveEnterctl00cPHpassClickLoginPositiveEnterctl00cPHFiltertxtAg" class="tests.testcaseSELFEMP96_DefaultProfile2"/>
        <method signature="testcaseSELFEMP97_DefaultProfile2.GoToUrlusernamepositiveinputPositiveEnterctl00cPHpassClickLoginPositiveEnterctl00cPHFiltertxtAg()[pri:0, instance:tests.testcaseSELFEMP97_DefaultProfile2@56673b2c]" name="GoToUrlusernamepositiveinputPositiveEnterctl00cPHpassClickLoginPositiveEnterctl00cPHFiltertxtAg" class="tests.testcaseSELFEMP97_DefaultProfile2"/>
        <method signature="testcaseSELFEMP98_DefaultProfile2.GoToUrlusernamepositiveinputPositiveEnterctl00cPHpassClickLoginPositiveEnterctl00cPHFiltertxtAg()[pri:0, instance:tests.testcaseSELFEMP98_DefaultProfile2@2c78d320]" name="GoToUrlusernamepositiveinputPositiveEnterctl00cPHpassClickLoginPositiveEnterctl00cPHFiltertxtAg" class="tests.testcaseSELFEMP98_DefaultProfile2"/>
        <method signature="testcaseSELFEMP99_DefaultProfile2.GoToUrlusernamepositiveinputPositiveEnterctl00cPHpassClickLoginPositiveEnterctl00cPHFiltertxtAg()[pri:0, instance:tests.testcaseSELFEMP99_DefaultProfile2@5c2375a9]" name="GoToUrlusernamepositiveinputPositiveEnterctl00cPHpassClickLoginPositiveEnterctl00cPHFiltertxtAg" class="tests.testcaseSELFEMP99_DefaultProfile2"/>
        <method signature="testcaseSELFEMP100_DefaultProfile2.GoToUrlusernamepositiveinputPositiveEnterctl00cPHpassClickLoginPositiveEnterctl00cPHFiltertxtAg()[pri:0, instance:tests.testcaseSELFEMP100_DefaultProfile2@5f354bcf]" name="GoToUrlusernamepositiveinputPositiveEnterctl00cPHpassClickLoginPositiveEnterctl00cPHFiltertxtAg" class="tests.testcaseSELFEMP100_DefaultProfile2"/>
        <method signature="testcaseSELFEMP101_DefaultProfile2.GoToUrlusernamepositiveinputPositiveEnterctl00cPHpassClickLoginPositiveEnterctl00cPHFiltertxtAg()[pri:0, instance:tests.testcaseSELFEMP101_DefaultProfile2@291a7e3c]" name="GoToUrlusernamepositiveinputPositiveEnterctl00cPHpassClickLoginPositiveEnterctl00cPHFiltertxtAg" class="tests.testcaseSELFEMP101_DefaultProfile2"/>
        <method signature="testcaseSELFEMP102_DefaultProfile2.GoToUrlusernamepositiveinputPositiveEnterctl00cPHpassClickLoginPositiveEnterctl00cPHFiltertxtAg()[pri:0, instance:tests.testcaseSELFEMP102_DefaultProfile2@14fc1f0]" name="GoToUrlusernamepositiveinputPositiveEnterctl00cPHpassClickLoginPositiveEnterctl00cPHFiltertxtAg" class="tests.testcaseSELFEMP102_DefaultProfile2"/>
        <method signature="testcaseSELFEMP103_DefaultProfile2.GoToUrlusernamepositiveinputPositiveEnterctl00cPHpassClickLoginPositiveEnterctl00cPHFiltertxtAg()[pri:0, instance:tests.testcaseSELFEMP103_DefaultProfile2@60856961]" name="GoToUrlusernamepositiveinputPositiveEnterctl00cPHpassClickLoginPositiveEnterctl00cPHFiltertxtAg" class="tests.testcaseSELFEMP103_DefaultProfile2"/>
        <method signature="testcaseSELFEMP10_DefaultProfile2.GoToUrlusernamepositiveinputPositiveEnterctl00cPHpassClickLoginPositiveEnterctl00cPHFiltertxtAg()[pri:0, instance:tests.testcaseSELFEMP10_DefaultProfile2@61544ae6]" name="GoToUrlusernamepositiveinputPositiveEnterctl00cPHpassClickLoginPositiveEnterctl00cPHFiltertxtAg" class="tests.testcaseSELFEMP10_DefaultProfile2"/>
        <method signature="testcaseSELFEMP105_DefaultProfile2.GoToUrlusernamepositiveinputPositiveEnterctl00cPHpassClickLoginPositiveEnterctl00cPHFiltertxtAg()[pri:0, instance:tests.testcaseSELFEMP105_DefaultProfile2@332796d3]" name="GoToUrlusernamepositiveinputPositiveEnterctl00cPHpassClickLoginPositiveEnterctl00cPHFiltertxtAg" class="tests.testcaseSELFEMP105_DefaultProfile2"/>
        <method signature="testcaseSELFEMP106_DefaultProfile2.GoToUrlusernamepositiveinputPositiveEnterctl00cPHpassClickLoginPositiveEnterctl00cPHFiltertxtAg()[pri:0, instance:tests.testcaseSELFEMP106_DefaultProfile2@3fed2870]" name="GoToUrlusernamepositiveinputPositiveEnterctl00cPHpassClickLoginPositiveEnterctl00cPHFiltertxtAg" class="tests.testcaseSELFEMP106_DefaultProfile2"/>
        <method signature="testcaseSELFEMP107_DefaultProfile2.GoToUrlusernamepositiveinputPositiveEnterctl00cPHpassClickLoginPositiveEnterctl00cPHFiltertxtAg()[pri:0, instance:tests.testcaseSELFEMP107_DefaultProfile2@38234a38]" name="GoToUrlusernamepositiveinputPositiveEnterctl00cPHpassClickLoginPositiveEnterctl00cPHFiltertxtAg" class="tests.testcaseSELFEMP107_DefaultProfile2"/>
        <method signature="testcaseSELFEMP108_DefaultProfile2.GoToUrlusernamepositiveinputPositiveEnterctl00cPHpassClickLoginPositiveEnterctl00cPHFiltertxtAg()[pri:0, instance:tests.testcaseSELFEMP108_DefaultProfile2@7f0d96f2]" name="GoToUrlusernamepositiveinputPositiveEnterctl00cPHpassClickLoginPositiveEnterctl00cPHFiltertxtAg" class="tests.testcaseSELFEMP108_DefaultProfile2"/>
        <method signature="testcaseSELFEMP109_DefaultProfile2.GoToUrlusernamepositiveinputPositiveEnterctl00cPHpassClickLoginPositiveEnterctl00cPHFiltertxtAg()[pri:0, instance:tests.testcaseSELFEMP109_DefaultProfile2@7331196b]" name="GoToUrlusernamepositiveinputPositiveEnterctl00cPHpassClickLoginPositiveEnterctl00cPHFiltertxtAg" class="tests.testcaseSELFEMP109_DefaultProfile2"/>
        <method signature="testcaseSELFEMP110_DefaultProfile2.GoToUrlusernamepositiveinputPositiveEnterctl00cPHpassClickLoginPositiveEnterctl00cPHFiltertxtAg()[pri:0, instance:tests.testcaseSELFEMP110_DefaultProfile2@528c868]" name="GoToUrlusernamepositiveinputPositiveEnterctl00cPHpassClickLoginPositiveEnterctl00cPHFiltertxtAg" class="tests.testcaseSELFEMP110_DefaultProfile2"/>
        <method signature="testcaseSELFEMP111_DefaultProfile2.GoToUrlusernamepositiveinputPositiveEnterctl00cPHpassClickLoginPositiveEnterctl00cPHFiltertxtAg()[pri:0, instance:tests.testcaseSELFEMP111_DefaultProfile2@6bffbc6d]" name="GoToUrlusernamepositiveinputPositiveEnterctl00cPHpassClickLoginPositiveEnterctl00cPHFiltertxtAg" class="tests.testcaseSELFEMP111_DefaultProfile2"/>
      </group> <!-- testcase 2 -->
      <group name="9f624914-7dcb-4142-ace0-77ea13867f81">
        <method signature="testcaseSELFEMP89_DefaultProfile2.GoToUrlusernamepositiveinputPositiveEnterctl00cPHpassClickLoginPositiveEnterctl00cPHFiltertxtAg()[pri:0, instance:tests.testcaseSELFEMP89_DefaultProfile2@48793bef]" name="GoToUrlusernamepositiveinputPositiveEnterctl00cPHpassClickLoginPositiveEnterctl00cPHFiltertxtAg" class="tests.testcaseSELFEMP89_DefaultProfile2"/>
        <method signature="testcaseSELFEMP90_DefaultProfile2.GoToUrlusernamepositiveinputPositiveEnterctl00cPHpassClickLoginPositiveEnterctl00cPHFiltertxtAg()[pri:0, instance:tests.testcaseSELFEMP90_DefaultProfile2@2d778add]" name="GoToUrlusernamepositiveinputPositiveEnterctl00cPHpassClickLoginPositiveEnterctl00cPHFiltertxtAg" class="tests.testcaseSELFEMP90_DefaultProfile2"/>
        <method signature="testcaseSELFEMP91_DefaultProfile2.GoToUrlusernamepositiveinputPositiveEnterctl00cPHpassClickLoginPositiveEnterctl00cPHFiltertxtAg()[pri:0, instance:tests.testcaseSELFEMP91_DefaultProfile2@38604b81]" name="GoToUrlusernamepositiveinputPositiveEnterctl00cPHpassClickLoginPositiveEnterctl00cPHFiltertxtAg" class="tests.testcaseSELFEMP91_DefaultProfile2"/>
        <method signature="testcaseSELFEMP92_DefaultProfile2.GoToUrlusernamepositiveinputPositiveEnterctl00cPHpassClickLoginPositiveEnterctl00cPHFiltertxtAg()[pri:0, instance:tests.testcaseSELFEMP92_DefaultProfile2@50de186c]" name="GoToUrlusernamepositiveinputPositiveEnterctl00cPHpassClickLoginPositiveEnterctl00cPHFiltertxtAg" class="tests.testcaseSELFEMP92_DefaultProfile2"/>
        <method signature="testcaseSELFEMP93_DefaultProfile2.GoToUrlusernamepositiveinputPositiveEnterctl00cPHpassClickLoginPositiveEnterctl00cPHFiltertxtAg()[pri:0, instance:tests.testcaseSELFEMP93_DefaultProfile2@17d88132]" name="GoToUrlusernamepositiveinputPositiveEnterctl00cPHpassClickLoginPositiveEnterctl00cPHFiltertxtAg" class="tests.testcaseSELFEMP93_DefaultProfile2"/>
        <method signature="testcaseSELFEMP94_DefaultProfile2.GoToUrlusernamepositiveinputPositiveEnterctl00cPHpassClickLoginPositiveEnterctl00cPHFiltertxtAg()[pri:0, instance:tests.testcaseSELFEMP94_DefaultProfile2@be68757]" name="GoToUrlusernamepositiveinputPositiveEnterctl00cPHpassClickLoginPositiveEnterctl00cPHFiltertxtAg" class="tests.testcaseSELFEMP94_DefaultProfile2"/>
        <method signature="testcaseSELFEMP95_DefaultProfile2.GoToUrlusernamepositiveinputPositiveEnterctl00cPHpassClickLoginPositiveEnterctl00cPHFiltertxtAg()[pri:0, instance:tests.testcaseSELFEMP95_DefaultProfile2@6d167f58]" name="GoToUrlusernamepositiveinputPositiveEnterctl00cPHpassClickLoginPositiveEnterctl00cPHFiltertxtAg" class="tests.testcaseSELFEMP95_DefaultProfile2"/>
        <method signature="testcaseSELFEMP96_DefaultProfile2.GoToUrlusernamepositiveinputPositiveEnterctl00cPHpassClickLoginPositiveEnterctl00cPHFiltertxtAg()[pri:0, instance:tests.testcaseSELFEMP96_DefaultProfile2@4f3bbf68]" name="GoToUrlusernamepositiveinputPositiveEnterctl00cPHpassClickLoginPositiveEnterctl00cPHFiltertxtAg" class="tests.testcaseSELFEMP96_DefaultProfile2"/>
        <method signature="testcaseSELFEMP97_DefaultProfile2.GoToUrlusernamepositiveinputPositiveEnterctl00cPHpassClickLoginPositiveEnterctl00cPHFiltertxtAg()[pri:0, instance:tests.testcaseSELFEMP97_DefaultProfile2@56673b2c]" name="GoToUrlusernamepositiveinputPositiveEnterctl00cPHpassClickLoginPositiveEnterctl00cPHFiltertxtAg" class="tests.testcaseSELFEMP97_DefaultProfile2"/>
        <method signature="testcaseSELFEMP98_DefaultProfile2.GoToUrlusernamepositiveinputPositiveEnterctl00cPHpassClickLoginPositiveEnterctl00cPHFiltertxtAg()[pri:0, instance:tests.testcaseSELFEMP98_DefaultProfile2@2c78d320]" name="GoToUrlusernamepositiveinputPositiveEnterctl00cPHpassClickLoginPositiveEnterctl00cPHFiltertxtAg" class="tests.testcaseSELFEMP98_DefaultProfile2"/>
        <method signature="testcaseSELFEMP99_DefaultProfile2.GoToUrlusernamepositiveinputPositiveEnterctl00cPHpassClickLoginPositiveEnterctl00cPHFiltertxtAg()[pri:0, instance:tests.testcaseSELFEMP99_DefaultProfile2@5c2375a9]" name="GoToUrlusernamepositiveinputPositiveEnterctl00cPHpassClickLoginPositiveEnterctl00cPHFiltertxtAg" class="tests.testcaseSELFEMP99_DefaultProfile2"/>
        <method signature="testcaseSELFEMP100_DefaultProfile2.GoToUrlusernamepositiveinputPositiveEnterctl00cPHpassClickLoginPositiveEnterctl00cPHFiltertxtAg()[pri:0, instance:tests.testcaseSELFEMP100_DefaultProfile2@5f354bcf]" name="GoToUrlusernamepositiveinputPositiveEnterctl00cPHpassClickLoginPositiveEnterctl00cPHFiltertxtAg" class="tests.testcaseSELFEMP100_DefaultProfile2"/>
        <method signature="testcaseSELFEMP101_DefaultProfile2.GoToUrlusernamepositiveinputPositiveEnterctl00cPHpassClickLoginPositiveEnterctl00cPHFiltertxtAg()[pri:0, instance:tests.testcaseSELFEMP101_DefaultProfile2@291a7e3c]" name="GoToUrlusernamepositiveinputPositiveEnterctl00cPHpassClickLoginPositiveEnterctl00cPHFiltertxtAg" class="tests.testcaseSELFEMP101_DefaultProfile2"/>
        <method signature="testcaseSELFEMP102_DefaultProfile2.GoToUrlusernamepositiveinputPositiveEnterctl00cPHpassClickLoginPositiveEnterctl00cPHFiltertxtAg()[pri:0, instance:tests.testcaseSELFEMP102_DefaultProfile2@14fc1f0]" name="GoToUrlusernamepositiveinputPositiveEnterctl00cPHpassClickLoginPositiveEnterctl00cPHFiltertxtAg" class="tests.testcaseSELFEMP102_DefaultProfile2"/>
        <method signature="testcaseSELFEMP103_DefaultProfile2.GoToUrlusernamepositiveinputPositiveEnterctl00cPHpassClickLoginPositiveEnterctl00cPHFiltertxtAg()[pri:0, instance:tests.testcaseSELFEMP103_DefaultProfile2@60856961]" name="GoToUrlusernamepositiveinputPositiveEnterctl00cPHpassClickLoginPositiveEnterctl00cPHFiltertxtAg" class="tests.testcaseSELFEMP103_DefaultProfile2"/>
        <method signature="testcaseSELFEMP10_DefaultProfile2.GoToUrlusernamepositiveinputPositiveEnterctl00cPHpassClickLoginPositiveEnterctl00cPHFiltertxtAg()[pri:0, instance:tests.testcaseSELFEMP10_DefaultProfile2@61544ae6]" name="GoToUrlusernamepositiveinputPositiveEnterctl00cPHpassClickLoginPositiveEnterctl00cPHFiltertxtAg" class="tests.testcaseSELFEMP10_DefaultProfile2"/>
        <method signature="testcaseSELFEMP105_DefaultProfile2.GoToUrlusernamepositiveinputPositiveEnterctl00cPHpassClickLoginPositiveEnterctl00cPHFiltertxtAg()[pri:0, instance:tests.testcaseSELFEMP105_DefaultProfile2@332796d3]" name="GoToUrlusernamepositiveinputPositiveEnterctl00cPHpassClickLoginPositiveEnterctl00cPHFiltertxtAg" class="tests.testcaseSELFEMP105_DefaultProfile2"/>
        <method signature="testcaseSELFEMP106_DefaultProfile2.GoToUrlusernamepositiveinputPositiveEnterctl00cPHpassClickLoginPositiveEnterctl00cPHFiltertxtAg()[pri:0, instance:tests.testcaseSELFEMP106_DefaultProfile2@3fed2870]" name="GoToUrlusernamepositiveinputPositiveEnterctl00cPHpassClickLoginPositiveEnterctl00cPHFiltertxtAg" class="tests.testcaseSELFEMP106_DefaultProfile2"/>
        <method signature="testcaseSELFEMP107_DefaultProfile2.GoToUrlusernamepositiveinputPositiveEnterctl00cPHpassClickLoginPositiveEnterctl00cPHFiltertxtAg()[pri:0, instance:tests.testcaseSELFEMP107_DefaultProfile2@38234a38]" name="GoToUrlusernamepositiveinputPositiveEnterctl00cPHpassClickLoginPositiveEnterctl00cPHFiltertxtAg" class="tests.testcaseSELFEMP107_DefaultProfile2"/>
        <method signature="testcaseSELFEMP108_DefaultProfile2.GoToUrlusernamepositiveinputPositiveEnterctl00cPHpassClickLoginPositiveEnterctl00cPHFiltertxtAg()[pri:0, instance:tests.testcaseSELFEMP108_DefaultProfile2@7f0d96f2]" name="GoToUrlusernamepositiveinputPositiveEnterctl00cPHpassClickLoginPositiveEnterctl00cPHFiltertxtAg" class="tests.testcaseSELFEMP108_DefaultProfile2"/>
        <method signature="testcaseSELFEMP109_DefaultProfile2.GoToUrlusernamepositiveinputPositiveEnterctl00cPHpassClickLoginPositiveEnterctl00cPHFiltertxtAg()[pri:0, instance:tests.testcaseSELFEMP109_DefaultProfile2@7331196b]" name="GoToUrlusernamepositiveinputPositiveEnterctl00cPHpassClickLoginPositiveEnterctl00cPHFiltertxtAg" class="tests.testcaseSELFEMP109_DefaultProfile2"/>
        <method signature="testcaseSELFEMP110_DefaultProfile2.GoToUrlusernamepositiveinputPositiveEnterctl00cPHpassClickLoginPositiveEnterctl00cPHFiltertxtAg()[pri:0, instance:tests.testcaseSELFEMP110_DefaultProfile2@528c868]" name="GoToUrlusernamepositiveinputPositiveEnterctl00cPHpassClickLoginPositiveEnterctl00cPHFiltertxtAg" class="tests.testcaseSELFEMP110_DefaultProfile2"/>
        <method signature="testcaseSELFEMP111_DefaultProfile2.GoToUrlusernamepositiveinputPositiveEnterctl00cPHpassClickLoginPositiveEnterctl00cPHFiltertxtAg()[pri:0, instance:tests.testcaseSELFEMP111_DefaultProfile2@6bffbc6d]" name="GoToUrlusernamepositiveinputPositiveEnterctl00cPHpassClickLoginPositiveEnterctl00cPHFiltertxtAg" class="tests.testcaseSELFEMP111_DefaultProfile2"/>
      </group> <!-- 9f624914-7dcb-4142-ace0-77ea13867f81 -->
    </groups>
    <test started-at="2021-11-12T00:13:24 IST" name="Scenario 31:Verification of exempt from paying class4 NIC checkbox in tax year 2019-20" finished-at="2021-11-12T00:17:09 IST" duration-ms="225060">
      <class name="tests.testcaseSELFEMP89_DefaultProfile2">
        <test-method is-config="true" signature="initDriver(java.lang.reflect.Method)[pri:0, instance:tests.testcaseSELFEMP89_DefaultProfile2@48793bef]" started-at="2021-11-12T00:13:24 IST" name="initDriver" finished-at="2021-11-12T00:13:30 IST" duration-ms="5424" status="PASS">
          <params>
            <param index="0">
              <value>
                <![CDATA[public void tests.testcaseSELFEMP89_DefaultProfile2.GoToUrlusernamepositiveinputPositiveEnterctl00cPHpassClickLoginPositiveEnterctl00cPHFiltertxtAg()]]>
              </value>
            </param>
          </params>
          <reporter-output>
          </reporter-output>
        </test-method> <!-- initDriver -->
        <test-method signature="GoToUrlusernamepositiveinputPositiveEnterctl00cPHpassClickLoginPositiveEnterctl00cPHFiltertxtAg()[pri:0, instance:tests.testcaseSELFEMP89_DefaultProfile2@48793bef]" started-at="2021-11-12T00:13:30 IST" name="GoToUrlusernamepositiveinputPositiveEnterctl00cPHpassClickLoginPositiveEnterctl00cPHFiltertxtAg" finished-at="2021-11-12T00:16:50 IST" duration-ms="200079" status="PASS">
          <reporter-output>
            <line>
              <![CDATA[Tax year : 2019-20]]>
            </line>
            <line>
              <![CDATA[Turnover at partnership short UI:55000]]>
            </line>
            <line>
              <![CDATA[Date of birth:05/04/1953]]>
            </line>
            <line>
              <![CDATA[Exempt from Class 4 NIC is  checked at partnership,verified ]]>
            </line>
          </reporter-output>
        </test-method> <!-- GoToUrlusernamepositiveinputPositiveEnterctl00cPHpassClickLoginPositiveEnterctl00cPHFiltertxtAg -->
        <test-method is-config="true" signature="closerDriver()[pri:0, instance:tests.testcaseSELFEMP89_DefaultProfile2@48793bef]" started-at="2021-11-12T00:17:09 IST" name="closerDriver" finished-at="2021-11-12T00:17:09 IST" duration-ms="654" status="PASS">
          <reporter-output>
          </reporter-output>
        </test-method> <!-- closerDriver -->
      </class> <!-- tests.testcaseSELFEMP89_DefaultProfile2 -->
    </test> <!-- Scenario 31:Verification of exempt from paying class4 NIC checkbox in tax year 2019-20 -->
    <test started-at="2021-11-12T00:17:09 IST" name="Scenario 32:Verification of exempt from paying class4 NIC checkbox in tax year 2018-19" finished-at="2021-11-12T00:17:46 IST" duration-ms="36243">
      <class name="tests.testcaseSELFEMP90_DefaultProfile2">
        <test-method is-config="true" signature="initDriver(java.lang.reflect.Method)[pri:0, instance:tests.testcaseSELFEMP90_DefaultProfile2@2d778add]" started-at="2021-11-12T00:17:09 IST" name="initDriver" finished-at="2021-11-12T00:17:14 IST" duration-ms="5125" status="PASS">
          <params>
            <param index="0">
              <value>
                <![CDATA[public void tests.testcaseSELFEMP90_DefaultProfile2.GoToUrlusernamepositiveinputPositiveEnterctl00cPHpassClickLoginPositiveEnterctl00cPHFiltertxtAg()]]>
              </value>
            </param>
          </params>
          <reporter-output>
          </reporter-output>
        </test-method> <!-- initDriver -->
        <test-method signature="GoToUrlusernamepositiveinputPositiveEnterctl00cPHpassClickLoginPositiveEnterctl00cPHFiltertxtAg()[pri:0, instance:tests.testcaseSELFEMP90_DefaultProfile2@2d778add]" started-at="2021-11-12T00:17:14 IST" name="GoToUrlusernamepositiveinputPositiveEnterctl00cPHpassClickLoginPositiveEnterctl00cPHFiltertxtAg" finished-at="2021-11-12T00:17:45 IST" duration-ms="30434" status="FAIL">
          <exception class="org.openqa.selenium.ElementNotVisibleException">
            <message>
              <![CDATA[element not interactable
  (Session info: chrome=71.0.3578.98)
  (Driver info: chromedriver=2.46.628402 (536cd7adbad73a3783fdc2cab92ab2ba7ec361e1),platform=Windows NT 10.0.19043 x86_64) (WARNING: The server did not provide any stacktrace information)
Command duration or timeout: 0 milliseconds
Build info: version: '3.11.0', revision: 'e59cfb3', time: '2018-03-11T20:26:55.152Z'
System info: host: 'DEEPIKA-2AT30NI', ip: '192.168.1.230', os.name: 'Windows 10', os.arch: 'amd64', os.version: '10.0', java.version: '12.0.2'
Driver info: org.openqa.selenium.chrome.ChromeDriver
Capabilities {acceptInsecureCerts: false, acceptSslCerts: false, applicationCacheEnabled: false, browserConnectionEnabled: false, browserName: chrome, chrome: {chromedriverVersion: 2.46.628402 (536cd7adbad73a..., userDataDir: C:\Users\ADMINI~1\AppData\L...}, cssSelectorsEnabled: true, databaseEnabled: false, goog:chromeOptions: {debuggerAddress: localhost:60180}, handlesAlerts: true, hasTouchScreen: false, javascriptEnabled: true, locationContextEnabled: true, mobileEmulationEnabled: false, nativeEvents: true, networkConnectionEnabled: false, pageLoadStrategy: normal, platform: XP, platformName: XP, proxy: Proxy(), rotatable: false, setWindowRect: true, strictFileInteractability: false, takesHeapSnapshot: true, takesScreenshot: true, timeouts: {implicit: 0, pageLoad: 300000, script: 30000}, unexpectedAlertBehaviour: ignore, unhandledPromptBehavior: ignore, version: 71.0.3578.98, webStorageEnabled: true}
Session ID: 479c3975d7310c885da71f0888223293]]>
            </message>
            <full-stacktrace>
              <![CDATA[org.openqa.selenium.ElementNotVisibleException: element not interactable
  (Session info: chrome=71.0.3578.98)
  (Driver info: chromedriver=2.46.628402 (536cd7adbad73a3783fdc2cab92ab2ba7ec361e1),platform=Windows NT 10.0.19043 x86_64) (WARNING: The server did not provide any stacktrace information)
Command duration or timeout: 0 milliseconds
Build info: version: '3.11.0', revision: 'e59cfb3', time: '2018-03-11T20:26:55.152Z'
System info: host: 'DEEPIKA-2AT30NI', ip: '192.168.1.230', os.name: 'Windows 10', os.arch: 'amd64', os.version: '10.0', java.version: '12.0.2'
Driver info: org.openqa.selenium.chrome.ChromeDriver
Capabilities {acceptInsecureCerts: false, acceptSslCerts: false, applicationCacheEnabled: false, browserConnectionEnabled: false, browserName: chrome, chrome: {chromedriverVersion: 2.46.628402 (536cd7adbad73a..., userDataDir: C:\Users\ADMINI~1\AppData\L...}, cssSelectorsEnabled: true, databaseEnabled: false, goog:chromeOptions: {debuggerAddress: localhost:60180}, handlesAlerts: true, hasTouchScreen: false, javascriptEnabled: true, locationContextEnabled: true, mobileEmulationEnabled: false, nativeEvents: true, networkConnectionEnabled: false, pageLoadStrategy: normal, platform: XP, platformName: XP, proxy: Proxy(), rotatable: false, setWindowRect: true, strictFileInteractability: false, takesHeapSnapshot: true, takesScreenshot: true, timeouts: {implicit: 0, pageLoad: 300000, script: 30000}, unexpectedAlertBehaviour: ignore, unhandledPromptBehavior: ignore, version: 71.0.3578.98, webStorageEnabled: true}
Session ID: 479c3975d7310c885da71f0888223293
at java.base/jdk.internal.reflect.NativeConstructorAccessorImpl.newInstance0(Native Method)
at java.base/jdk.internal.reflect.NativeConstructorAccessorImpl.newInstance(NativeConstructorAccessorImpl.java:62)
at java.base/jdk.internal.reflect.DelegatingConstructorAccessorImpl.newInstance(DelegatingConstructorAccessorImpl.java:45)
at java.base/java.lang.reflect.Constructor.newInstanceWithCaller(Constructor.java:500)
at java.base/java.lang.reflect.Constructor.newInstance(Constructor.java:481)
at org.openqa.selenium.remote.ErrorHandler.createThrowable(ErrorHandler.java:214)
at org.openqa.selenium.remote.ErrorHandler.throwIfResponseFailed(ErrorHandler.java:166)
at org.openqa.selenium.remote.http.JsonHttpResponseCodec.reconstructValue(JsonHttpResponseCodec.java:40)
at org.openqa.selenium.remote.http.AbstractHttpResponseCodec.decode(AbstractHttpResponseCodec.java:80)
at org.openqa.selenium.remote.http.AbstractHttpResponseCodec.decode(AbstractHttpResponseCodec.java:44)
at org.openqa.selenium.remote.HttpCommandExecutor.execute(HttpCommandExecutor.java:158)
at org.openqa.selenium.remote.service.DriverCommandExecutor.execute(DriverCommandExecutor.java:83)
at org.openqa.selenium.remote.RemoteWebDriver.execute(RemoteWebDriver.java:545)
at org.openqa.selenium.remote.RemoteWebElement.execute(RemoteWebElement.java:279)
at org.openqa.selenium.remote.RemoteWebElement.click(RemoteWebElement.java:83)
at pages.SA_Left_menu.Click_Client_List(SA_Left_menu.java:394)
at tests.testcaseSELFEMP90_DefaultProfile2.GoToUrlusernamepositiveinputPositiveEnterctl00cPHpassClickLoginPositiveEnterctl00cPHFiltertxtAg(testcaseSELFEMP90_DefaultProfile2.java:72)
at java.base/jdk.internal.reflect.NativeMethodAccessorImpl.invoke0(Native Method)
at java.base/jdk.internal.reflect.NativeMethodAccessorImpl.invoke(NativeMethodAccessorImpl.java:62)
at java.base/jdk.internal.reflect.DelegatingMethodAccessorImpl.invoke(DelegatingMethodAccessorImpl.java:43)
at java.base/java.lang.reflect.Method.invoke(Method.java:567)
at org.testng.internal.MethodInvocationHelper.invokeMethod(MethodInvocationHelper.java:134)
at org.testng.internal.TestInvoker.invokeMethod(TestInvoker.java:597)
at org.testng.internal.TestInvoker.invokeTestMethod(TestInvoker.java:173)
at org.testng.internal.MethodRunner.runInSequence(MethodRunner.java:46)
at org.testng.internal.TestInvoker$MethodInvocationAgent.invoke(TestInvoker.java:816)
at org.testng.internal.TestInvoker.invokeTestMethods(TestInvoker.java:146)
at org.testng.internal.TestMethodWorker.invokeTestMethods(TestMethodWorker.java:146)
at org.testng.internal.TestMethodWorker.run(TestMethodWorker.java:128)
at java.base/java.util.ArrayList.forEach(ArrayList.java:1540)
at org.testng.TestRunner.privateRun(TestRunner.java:766)
at org.testng.TestRunner.run(TestRunner.java:587)
at org.testng.SuiteRunner.runTest(SuiteRunner.java:384)
at org.testng.SuiteRunner.runSequentially(SuiteRunner.java:378)
at org.testng.SuiteRunner.privateRun(SuiteRunner.java:337)
at org.testng.SuiteRunner.run(SuiteRunner.java:286)
at org.testng.SuiteRunnerWorker.runSuite(SuiteRunnerWorker.java:53)
at org.testng.SuiteRunnerWorker.run(SuiteRunnerWorker.java:96)
at org.testng.TestNG.runSuitesSequentially(TestNG.java:1187)
at org.testng.TestNG.runSuitesLocally(TestNG.java:1109)
at org.testng.TestNG.runSuites(TestNG.java:1039)
at org.testng.TestNG.run(TestNG.java:1007)
at org.testng.remote.AbstractRemoteTestNG.run(AbstractRemoteTestNG.java:115)
at org.testng.remote.RemoteTestNG.initAndRun(RemoteTestNG.java:251)
at org.testng.remote.RemoteTestNG.main(RemoteTestNG.java:77)
]]>
            </full-stacktrace>
          </exception> <!-- org.openqa.selenium.ElementNotVisibleException -->
          <reporter-output>
          </reporter-output>
        </test-method> <!-- GoToUrlusernamepositiveinputPositiveEnterctl00cPHpassClickLoginPositiveEnterctl00cPHFiltertxtAg -->
        <test-method is-config="true" signature="closerDriver()[pri:0, instance:tests.testcaseSELFEMP90_DefaultProfile2@2d778add]" started-at="2021-11-12T00:17:45 IST" name="closerDriver" finished-at="2021-11-12T00:17:46 IST" duration-ms="658" status="PASS">
          <reporter-output>
          </reporter-output>
        </test-method> <!-- closerDriver -->
      </class> <!-- tests.testcaseSELFEMP90_DefaultProfile2 -->
    </test> <!-- Scenario 32:Verification of exempt from paying class4 NIC checkbox in tax year 2018-19 -->
    <test started-at="2021-11-12T00:17:46 IST" name="Scenario 33:Verification of exempt from paying class4 NIC checkbox in tax year 2020-21" finished-at="2021-11-12T00:21:08 IST" duration-ms="202597">
      <class name="tests.testcaseSELFEMP91_DefaultProfile2">
        <test-method is-config="true" signature="initDriver(java.lang.reflect.Method)[pri:0, instance:tests.testcaseSELFEMP91_DefaultProfile2@38604b81]" started-at="2021-11-12T00:17:46 IST" name="initDriver" finished-at="2021-11-12T00:17:51 IST" duration-ms="5154" status="PASS">
          <params>
            <param index="0">
              <value>
                <![CDATA[public void tests.testcaseSELFEMP91_DefaultProfile2.GoToUrlusernamepositiveinputPositiveEnterctl00cPHpassClickLoginPositiveEnterctl00cPHFiltertxtAg()]]>
              </value>
            </param>
          </params>
          <reporter-output>
          </reporter-output>
        </test-method> <!-- initDriver -->
        <test-method signature="GoToUrlusernamepositiveinputPositiveEnterctl00cPHpassClickLoginPositiveEnterctl00cPHFiltertxtAg()[pri:0, instance:tests.testcaseSELFEMP91_DefaultProfile2@38604b81]" started-at="2021-11-12T00:17:51 IST" name="GoToUrlusernamepositiveinputPositiveEnterctl00cPHpassClickLoginPositiveEnterctl00cPHFiltertxtAg" finished-at="2021-11-12T00:21:08 IST" duration-ms="196797" status="PASS">
          <reporter-output>
            <line>
              <![CDATA[Tax year : 2020-21]]>
            </line>
            <line>
              <![CDATA[Turnover at partnership short UI:55000]]>
            </line>
            <line>
              <![CDATA[Date of birth:07/04/1953]]>
            </line>
            <line>
              <![CDATA[Exempt from Class 4 NIC is  checked at partnership,verified ]]>
            </line>
          </reporter-output>
        </test-method> <!-- GoToUrlusernamepositiveinputPositiveEnterctl00cPHpassClickLoginPositiveEnterctl00cPHFiltertxtAg -->
        <test-method is-config="true" signature="closerDriver()[pri:0, instance:tests.testcaseSELFEMP91_DefaultProfile2@38604b81]" started-at="2021-11-12T00:21:08 IST" name="closerDriver" finished-at="2021-11-12T00:21:08 IST" duration-ms="637" status="PASS">
          <reporter-output>
          </reporter-output>
        </test-method> <!-- closerDriver -->
      </class> <!-- tests.testcaseSELFEMP91_DefaultProfile2 -->
    </test> <!-- Scenario 33:Verification of exempt from paying class4 NIC checkbox in tax year 2020-21 -->
    <test started-at="2021-11-12T00:21:08 IST" name="Scenario 34:Verification of exempt from paying class4 NIC checkbox in tax year 2019-20" finished-at="2021-11-12T00:24:29 IST" duration-ms="200834">
      <class name="tests.testcaseSELFEMP92_DefaultProfile2">
        <test-method is-config="true" signature="initDriver(java.lang.reflect.Method)[pri:0, instance:tests.testcaseSELFEMP92_DefaultProfile2@50de186c]" started-at="2021-11-12T00:21:08 IST" name="initDriver" finished-at="2021-11-12T00:21:13 IST" duration-ms="5113" status="PASS">
          <params>
            <param index="0">
              <value>
                <![CDATA[public void tests.testcaseSELFEMP92_DefaultProfile2.GoToUrlusernamepositiveinputPositiveEnterctl00cPHpassClickLoginPositiveEnterctl00cPHFiltertxtAg()]]>
              </value>
            </param>
          </params>
          <reporter-output>
          </reporter-output>
        </test-method> <!-- initDriver -->
        <test-method signature="GoToUrlusernamepositiveinputPositiveEnterctl00cPHpassClickLoginPositiveEnterctl00cPHFiltertxtAg()[pri:0, instance:tests.testcaseSELFEMP92_DefaultProfile2@50de186c]" started-at="2021-11-12T00:21:13 IST" name="GoToUrlusernamepositiveinputPositiveEnterctl00cPHpassClickLoginPositiveEnterctl00cPHFiltertxtAg" finished-at="2021-11-12T00:24:28 IST" duration-ms="195071" status="PASS">
          <reporter-output>
            <line>
              <![CDATA[Tax year : 2019-20]]>
            </line>
            <line>
              <![CDATA[Turnover at partnership short UI:55000]]>
            </line>
            <line>
              <![CDATA[Date of birth:07/04/1953]]>
            </line>
            <line>
              <![CDATA[Exempt from Class 4 NIC is  checked at partnership,verified ]]>
            </line>
          </reporter-output>
        </test-method> <!-- GoToUrlusernamepositiveinputPositiveEnterctl00cPHpassClickLoginPositiveEnterctl00cPHFiltertxtAg -->
        <test-method is-config="true" signature="closerDriver()[pri:0, instance:tests.testcaseSELFEMP92_DefaultProfile2@50de186c]" started-at="2021-11-12T00:24:28 IST" name="closerDriver" finished-at="2021-11-12T00:24:29 IST" duration-ms="643" status="PASS">
          <reporter-output>
          </reporter-output>
        </test-method> <!-- closerDriver -->
      </class> <!-- tests.testcaseSELFEMP92_DefaultProfile2 -->
    </test> <!-- Scenario 34:Verification of exempt from paying class4 NIC checkbox in tax year 2019-20 -->
    <test started-at="2021-11-12T00:24:29 IST" name="Scenario 35:Verification of exempt from paying class4 NIC checkbox in tax year 2018-19" finished-at="2021-11-12T00:27:50 IST" duration-ms="201077">
      <class name="tests.testcaseSELFEMP93_DefaultProfile2">
        <test-method is-config="true" signature="initDriver(java.lang.reflect.Method)[pri:0, instance:tests.testcaseSELFEMP93_DefaultProfile2@17d88132]" started-at="2021-11-12T00:24:29 IST" name="initDriver" finished-at="2021-11-12T00:24:34 IST" duration-ms="5109" status="PASS">
          <params>
            <param index="0">
              <value>
                <![CDATA[public void tests.testcaseSELFEMP93_DefaultProfile2.GoToUrlusernamepositiveinputPositiveEnterctl00cPHpassClickLoginPositiveEnterctl00cPHFiltertxtAg()]]>
              </value>
            </param>
          </params>
          <reporter-output>
          </reporter-output>
        </test-method> <!-- initDriver -->
        <test-method signature="GoToUrlusernamepositiveinputPositiveEnterctl00cPHpassClickLoginPositiveEnterctl00cPHFiltertxtAg()[pri:0, instance:tests.testcaseSELFEMP93_DefaultProfile2@17d88132]" started-at="2021-11-12T00:24:34 IST" name="GoToUrlusernamepositiveinputPositiveEnterctl00cPHpassClickLoginPositiveEnterctl00cPHFiltertxtAg" finished-at="2021-11-12T00:27:50 IST" duration-ms="195317" status="PASS">
          <reporter-output>
            <line>
              <![CDATA[Tax year : 2018-19]]>
            </line>
            <line>
              <![CDATA[Turnover at partnership short UI:55000]]>
            </line>
            <line>
              <![CDATA[Date of birth:07/04/1953]]>
            </line>
            <line>
              <![CDATA[Exempt from Class 4 NIC is not checked at partnership,verified ]]>
            </line>
          </reporter-output>
        </test-method> <!-- GoToUrlusernamepositiveinputPositiveEnterctl00cPHpassClickLoginPositiveEnterctl00cPHFiltertxtAg -->
        <test-method is-config="true" signature="closerDriver()[pri:0, instance:tests.testcaseSELFEMP93_DefaultProfile2@17d88132]" started-at="2021-11-12T00:27:50 IST" name="closerDriver" finished-at="2021-11-12T00:27:50 IST" duration-ms="645" status="PASS">
          <reporter-output>
          </reporter-output>
        </test-method> <!-- closerDriver -->
      </class> <!-- tests.testcaseSELFEMP93_DefaultProfile2 -->
    </test> <!-- Scenario 35:Verification of exempt from paying class4 NIC checkbox in tax year 2018-19 -->
    <test started-at="2021-11-12T00:27:50 IST" name="Scenario 36:Verification of exempt from paying class4 NIC checkbox in tax year 2020-21" finished-at="2021-11-12T00:31:21 IST" duration-ms="210574">
      <class name="tests.testcaseSELFEMP94_DefaultProfile2">
        <test-method is-config="true" signature="initDriver(java.lang.reflect.Method)[pri:0, instance:tests.testcaseSELFEMP94_DefaultProfile2@be68757]" started-at="2021-11-12T00:27:50 IST" name="initDriver" finished-at="2021-11-12T00:27:55 IST" duration-ms="5139" status="PASS">
          <params>
            <param index="0">
              <value>
                <![CDATA[public void tests.testcaseSELFEMP94_DefaultProfile2.GoToUrlusernamepositiveinputPositiveEnterctl00cPHpassClickLoginPositiveEnterctl00cPHFiltertxtAg()]]>
              </value>
            </param>
          </params>
          <reporter-output>
          </reporter-output>
        </test-method> <!-- initDriver -->
        <test-method signature="GoToUrlusernamepositiveinputPositiveEnterctl00cPHpassClickLoginPositiveEnterctl00cPHFiltertxtAg()[pri:0, instance:tests.testcaseSELFEMP94_DefaultProfile2@be68757]" started-at="2021-11-12T00:27:55 IST" name="GoToUrlusernamepositiveinputPositiveEnterctl00cPHpassClickLoginPositiveEnterctl00cPHFiltertxtAg" finished-at="2021-11-12T00:31:20 IST" duration-ms="204789" status="PASS">
          <reporter-output>
            <line>
              <![CDATA[Tax year : 2020-21]]>
            </line>
            <line>
              <![CDATA[Turnover at partnership short UI:55000]]>
            </line>
            <line>
              <![CDATA[Date of birth:06/04/1952]]>
            </line>
            <line>
              <![CDATA[Exempt from Class 4 NIC is  checked at partnership,verified ]]>
            </line>
          </reporter-output>
        </test-method> <!-- GoToUrlusernamepositiveinputPositiveEnterctl00cPHpassClickLoginPositiveEnterctl00cPHFiltertxtAg -->
        <test-method is-config="true" signature="closerDriver()[pri:0, instance:tests.testcaseSELFEMP94_DefaultProfile2@be68757]" started-at="2021-11-12T00:31:20 IST" name="closerDriver" finished-at="2021-11-12T00:31:21 IST" duration-ms="642" status="PASS">
          <reporter-output>
          </reporter-output>
        </test-method> <!-- closerDriver -->
      </class> <!-- tests.testcaseSELFEMP94_DefaultProfile2 -->
    </test> <!-- Scenario 36:Verification of exempt from paying class4 NIC checkbox in tax year 2020-21 -->
    <test started-at="2021-11-12T00:31:21 IST" name="Scenario 37:Verification of exempt from paying class4 NIC checkbox in tax year 2019-20" finished-at="2021-11-12T00:34:43 IST" duration-ms="202064">
      <class name="tests.testcaseSELFEMP95_DefaultProfile2">
        <test-method is-config="true" signature="initDriver(java.lang.reflect.Method)[pri:0, instance:tests.testcaseSELFEMP95_DefaultProfile2@6d167f58]" started-at="2021-11-12T00:31:21 IST" name="initDriver" finished-at="2021-11-12T00:31:26 IST" duration-ms="5156" status="PASS">
          <params>
            <param index="0">
              <value>
                <![CDATA[public void tests.testcaseSELFEMP95_DefaultProfile2.GoToUrlusernamepositiveinputPositiveEnterctl00cPHpassClickLoginPositiveEnterctl00cPHFiltertxtAg()]]>
              </value>
            </param>
          </params>
          <reporter-output>
          </reporter-output>
        </test-method> <!-- initDriver -->
        <test-method signature="GoToUrlusernamepositiveinputPositiveEnterctl00cPHpassClickLoginPositiveEnterctl00cPHFiltertxtAg()[pri:0, instance:tests.testcaseSELFEMP95_DefaultProfile2@6d167f58]" started-at="2021-11-12T00:31:26 IST" name="GoToUrlusernamepositiveinputPositiveEnterctl00cPHpassClickLoginPositiveEnterctl00cPHFiltertxtAg" finished-at="2021-11-12T00:34:42 IST" duration-ms="196235" status="PASS">
          <reporter-output>
            <line>
              <![CDATA[Tax year : 2019-20]]>
            </line>
            <line>
              <![CDATA[Turnover at partnership short UI:55000]]>
            </line>
            <line>
              <![CDATA[Date of birth:06/04/1952]]>
            </line>
            <line>
              <![CDATA[Exempt from Class 4 NIC is  checked at partnership,verified ]]>
            </line>
          </reporter-output>
        </test-method> <!-- GoToUrlusernamepositiveinputPositiveEnterctl00cPHpassClickLoginPositiveEnterctl00cPHFiltertxtAg -->
        <test-method is-config="true" signature="closerDriver()[pri:0, instance:tests.testcaseSELFEMP95_DefaultProfile2@6d167f58]" started-at="2021-11-12T00:34:42 IST" name="closerDriver" finished-at="2021-11-12T00:34:43 IST" duration-ms="665" status="PASS">
          <reporter-output>
          </reporter-output>
        </test-method> <!-- closerDriver -->
      </class> <!-- tests.testcaseSELFEMP95_DefaultProfile2 -->
    </test> <!-- Scenario 37:Verification of exempt from paying class4 NIC checkbox in tax year 2019-20 -->
    <test started-at="2021-11-12T00:34:43 IST" name="Scenario 38:Verification of exempt from paying class4 NIC checkbox in tax year 2018-19" finished-at="2021-11-12T00:38:05 IST" duration-ms="202101">
      <class name="tests.testcaseSELFEMP96_DefaultProfile2">
        <test-method is-config="true" signature="initDriver(java.lang.reflect.Method)[pri:0, instance:tests.testcaseSELFEMP96_DefaultProfile2@4f3bbf68]" started-at="2021-11-12T00:34:43 IST" name="initDriver" finished-at="2021-11-12T00:34:48 IST" duration-ms="5167" status="PASS">
          <params>
            <param index="0">
              <value>
                <![CDATA[public void tests.testcaseSELFEMP96_DefaultProfile2.GoToUrlusernamepositiveinputPositiveEnterctl00cPHpassClickLoginPositiveEnterctl00cPHFiltertxtAg()]]>
              </value>
            </param>
          </params>
          <reporter-output>
          </reporter-output>
        </test-method> <!-- initDriver -->
        <test-method signature="GoToUrlusernamepositiveinputPositiveEnterctl00cPHpassClickLoginPositiveEnterctl00cPHFiltertxtAg()[pri:0, instance:tests.testcaseSELFEMP96_DefaultProfile2@4f3bbf68]" started-at="2021-11-12T00:34:48 IST" name="GoToUrlusernamepositiveinputPositiveEnterctl00cPHpassClickLoginPositiveEnterctl00cPHFiltertxtAg" finished-at="2021-11-12T00:38:04 IST" duration-ms="196279" status="PASS">
          <reporter-output>
            <line>
              <![CDATA[Tax year : 2018-19]]>
            </line>
            <line>
              <![CDATA[Turnover at partnership short UI:55000]]>
            </line>
            <line>
              <![CDATA[Date of birth:06/04/1952]]>
            </line>
            <line>
              <![CDATA[Exempt from Class 4 NIC is  checked at partnership,verified ]]>
            </line>
          </reporter-output>
        </test-method> <!-- GoToUrlusernamepositiveinputPositiveEnterctl00cPHpassClickLoginPositiveEnterctl00cPHFiltertxtAg -->
        <test-method is-config="true" signature="closerDriver()[pri:0, instance:tests.testcaseSELFEMP96_DefaultProfile2@4f3bbf68]" started-at="2021-11-12T00:38:04 IST" name="closerDriver" finished-at="2021-11-12T00:38:05 IST" duration-ms="649" status="PASS">
          <reporter-output>
          </reporter-output>
        </test-method> <!-- closerDriver -->
      </class> <!-- tests.testcaseSELFEMP96_DefaultProfile2 -->
    </test> <!-- Scenario 38:Verification of exempt from paying class4 NIC checkbox in tax year 2018-19 -->
    <test started-at="2021-11-12T00:38:05 IST" name="Scenario 39:Verification of exempt from paying class4 NIC checkbox in tax year 2020-21" finished-at="2021-11-12T00:41:28 IST" duration-ms="202685">
      <class name="tests.testcaseSELFEMP97_DefaultProfile2">
        <test-method is-config="true" signature="initDriver(java.lang.reflect.Method)[pri:0, instance:tests.testcaseSELFEMP97_DefaultProfile2@56673b2c]" started-at="2021-11-12T00:38:05 IST" name="initDriver" finished-at="2021-11-12T00:38:10 IST" duration-ms="5182" status="PASS">
          <params>
            <param index="0">
              <value>
                <![CDATA[public void tests.testcaseSELFEMP97_DefaultProfile2.GoToUrlusernamepositiveinputPositiveEnterctl00cPHpassClickLoginPositiveEnterctl00cPHFiltertxtAg()]]>
              </value>
            </param>
          </params>
          <reporter-output>
          </reporter-output>
        </test-method> <!-- initDriver -->
        <test-method signature="GoToUrlusernamepositiveinputPositiveEnterctl00cPHpassClickLoginPositiveEnterctl00cPHFiltertxtAg()[pri:0, instance:tests.testcaseSELFEMP97_DefaultProfile2@56673b2c]" started-at="2021-11-12T00:38:10 IST" name="GoToUrlusernamepositiveinputPositiveEnterctl00cPHpassClickLoginPositiveEnterctl00cPHFiltertxtAg" finished-at="2021-11-12T00:41:27 IST" duration-ms="196829" status="PASS">
          <reporter-output>
            <line>
              <![CDATA[Tax year : 2020-21]]>
            </line>
            <line>
              <![CDATA[Turnover at partnership short UI:55000]]>
            </line>
            <line>
              <![CDATA[Date of birth:06/04/1951]]>
            </line>
            <line>
              <![CDATA[Exempt from Class 4 NIC is  checked at partnership,verified ]]>
            </line>
          </reporter-output>
        </test-method> <!-- GoToUrlusernamepositiveinputPositiveEnterctl00cPHpassClickLoginPositiveEnterctl00cPHFiltertxtAg -->
        <test-method is-config="true" signature="closerDriver()[pri:0, instance:tests.testcaseSELFEMP97_DefaultProfile2@56673b2c]" started-at="2021-11-12T00:41:27 IST" name="closerDriver" finished-at="2021-11-12T00:41:28 IST" duration-ms="671" status="PASS">
          <reporter-output>
          </reporter-output>
        </test-method> <!-- closerDriver -->
      </class> <!-- tests.testcaseSELFEMP97_DefaultProfile2 -->
    </test> <!-- Scenario 39:Verification of exempt from paying class4 NIC checkbox in tax year 2020-21 -->
    <test started-at="2021-11-12T00:41:28 IST" name="Scenario 40:Verification of exempt from paying class4 NIC checkbox in tax year 2019-20" finished-at="2021-11-12T00:44:52 IST" duration-ms="204119">
      <class name="tests.testcaseSELFEMP98_DefaultProfile2">
        <test-method is-config="true" signature="initDriver(java.lang.reflect.Method)[pri:0, instance:tests.testcaseSELFEMP98_DefaultProfile2@2c78d320]" started-at="2021-11-12T00:41:28 IST" name="initDriver" finished-at="2021-11-12T00:41:33 IST" duration-ms="5250" status="PASS">
          <params>
            <param index="0">
              <value>
                <![CDATA[public void tests.testcaseSELFEMP98_DefaultProfile2.GoToUrlusernamepositiveinputPositiveEnterctl00cPHpassClickLoginPositiveEnterctl00cPHFiltertxtAg()]]>
              </value>
            </param>
          </params>
          <reporter-output>
          </reporter-output>
        </test-method> <!-- initDriver -->
        <test-method signature="GoToUrlusernamepositiveinputPositiveEnterctl00cPHpassClickLoginPositiveEnterctl00cPHFiltertxtAg()[pri:0, instance:tests.testcaseSELFEMP98_DefaultProfile2@2c78d320]" started-at="2021-11-12T00:41:33 IST" name="GoToUrlusernamepositiveinputPositiveEnterctl00cPHpassClickLoginPositiveEnterctl00cPHFiltertxtAg" finished-at="2021-11-12T00:44:51 IST" duration-ms="198214" status="PASS">
          <reporter-output>
            <line>
              <![CDATA[Tax year : 2019-20]]>
            </line>
            <line>
              <![CDATA[Turnover at partnership short UI:55000]]>
            </line>
            <line>
              <![CDATA[Date of birth:06/04/1951]]>
            </line>
            <line>
              <![CDATA[Exempt from Class 4 NIC is  checked at partnership,verified ]]>
            </line>
          </reporter-output>
        </test-method> <!-- GoToUrlusernamepositiveinputPositiveEnterctl00cPHpassClickLoginPositiveEnterctl00cPHFiltertxtAg -->
        <test-method is-config="true" signature="closerDriver()[pri:0, instance:tests.testcaseSELFEMP98_DefaultProfile2@2c78d320]" started-at="2021-11-12T00:44:51 IST" name="closerDriver" finished-at="2021-11-12T00:44:52 IST" duration-ms="651" status="PASS">
          <reporter-output>
          </reporter-output>
        </test-method> <!-- closerDriver -->
      </class> <!-- tests.testcaseSELFEMP98_DefaultProfile2 -->
    </test> <!-- Scenario 40:Verification of exempt from paying class4 NIC checkbox in tax year 2019-20 -->
    <test started-at="2021-11-12T00:44:52 IST" name="Scenario 41:Verification of exempt from paying class4 NIC checkbox in tax year 2018-19" finished-at="2021-11-12T00:48:15 IST" duration-ms="203553">
      <class name="tests.testcaseSELFEMP99_DefaultProfile2">
        <test-method is-config="true" signature="initDriver(java.lang.reflect.Method)[pri:0, instance:tests.testcaseSELFEMP99_DefaultProfile2@5c2375a9]" started-at="2021-11-12T00:44:52 IST" name="initDriver" finished-at="2021-11-12T00:44:57 IST" duration-ms="5054" status="PASS">
          <params>
            <param index="0">
              <value>
                <![CDATA[public void tests.testcaseSELFEMP99_DefaultProfile2.GoToUrlusernamepositiveinputPositiveEnterctl00cPHpassClickLoginPositiveEnterctl00cPHFiltertxtAg()]]>
              </value>
            </param>
          </params>
          <reporter-output>
          </reporter-output>
        </test-method> <!-- initDriver -->
        <test-method signature="GoToUrlusernamepositiveinputPositiveEnterctl00cPHpassClickLoginPositiveEnterctl00cPHFiltertxtAg()[pri:0, instance:tests.testcaseSELFEMP99_DefaultProfile2@5c2375a9]" started-at="2021-11-12T00:44:57 IST" name="GoToUrlusernamepositiveinputPositiveEnterctl00cPHpassClickLoginPositiveEnterctl00cPHFiltertxtAg" finished-at="2021-11-12T00:48:15 IST" duration-ms="197811" status="PASS">
          <reporter-output>
            <line>
              <![CDATA[Tax year : 2018-19]]>
            </line>
            <line>
              <![CDATA[Turnover at partnership short UI:55000]]>
            </line>
            <line>
              <![CDATA[Date of birth:06/04/1951]]>
            </line>
            <line>
              <![CDATA[Exempt from Class 4 NIC is  checked at partnership,verified ]]>
            </line>
          </reporter-output>
        </test-method> <!-- GoToUrlusernamepositiveinputPositiveEnterctl00cPHpassClickLoginPositiveEnterctl00cPHFiltertxtAg -->
        <test-method is-config="true" signature="closerDriver()[pri:0, instance:tests.testcaseSELFEMP99_DefaultProfile2@5c2375a9]" started-at="2021-11-12T00:48:15 IST" name="closerDriver" finished-at="2021-11-12T00:48:15 IST" duration-ms="682" status="PASS">
          <reporter-output>
          </reporter-output>
        </test-method> <!-- closerDriver -->
      </class> <!-- tests.testcaseSELFEMP99_DefaultProfile2 -->
    </test> <!-- Scenario 41:Verification of exempt from paying class4 NIC checkbox in tax year 2018-19 -->
    <test started-at="2021-11-12T00:48:15 IST" name="Scenario 42:Verification of exempt from paying class4 NIC checkbox in tax year 2020-21" finished-at="2021-11-12T00:51:41 IST" duration-ms="205269">
      <class name="tests.testcaseSELFEMP100_DefaultProfile2">
        <test-method is-config="true" signature="initDriver(java.lang.reflect.Method)[pri:0, instance:tests.testcaseSELFEMP100_DefaultProfile2@5f354bcf]" started-at="2021-11-12T00:48:15 IST" name="initDriver" finished-at="2021-11-12T00:48:21 IST" duration-ms="5246" status="PASS">
          <params>
            <param index="0">
              <value>
                <![CDATA[public void tests.testcaseSELFEMP100_DefaultProfile2.GoToUrlusernamepositiveinputPositiveEnterctl00cPHpassClickLoginPositiveEnterctl00cPHFiltertxtAg()]]>
              </value>
            </param>
          </params>
          <reporter-output>
          </reporter-output>
        </test-method> <!-- initDriver -->
        <test-method signature="GoToUrlusernamepositiveinputPositiveEnterctl00cPHpassClickLoginPositiveEnterctl00cPHFiltertxtAg()[pri:0, instance:tests.testcaseSELFEMP100_DefaultProfile2@5f354bcf]" started-at="2021-11-12T00:48:21 IST" name="GoToUrlusernamepositiveinputPositiveEnterctl00cPHpassClickLoginPositiveEnterctl00cPHFiltertxtAg" finished-at="2021-11-12T00:51:40 IST" duration-ms="199397" status="PASS">
          <reporter-output>
            <line>
              <![CDATA[Tax year : 2020-21]]>
            </line>
            <line>
              <![CDATA[Turnover at partnership short UI:55000]]>
            </line>
            <line>
              <![CDATA[Date of birth:30/09/1951]]>
            </line>
            <line>
              <![CDATA[Exempt from Class 4 NIC is  checked at partnership,verified ]]>
            </line>
          </reporter-output>
        </test-method> <!-- GoToUrlusernamepositiveinputPositiveEnterctl00cPHpassClickLoginPositiveEnterctl00cPHFiltertxtAg -->
        <test-method is-config="true" signature="closerDriver()[pri:0, instance:tests.testcaseSELFEMP100_DefaultProfile2@5f354bcf]" started-at="2021-11-12T00:51:40 IST" name="closerDriver" finished-at="2021-11-12T00:51:41 IST" duration-ms="622" status="PASS">
          <reporter-output>
          </reporter-output>
        </test-method> <!-- closerDriver -->
      </class> <!-- tests.testcaseSELFEMP100_DefaultProfile2 -->
    </test> <!-- Scenario 42:Verification of exempt from paying class4 NIC checkbox in tax year 2020-21 -->
    <test started-at="2021-11-12T00:51:41 IST" name="Scenario 43:Verification of exempt from paying class4 NIC checkbox in tax year 2019-20" finished-at="2021-11-12T00:55:07 IST" duration-ms="205887">
      <class name="tests.testcaseSELFEMP101_DefaultProfile2">
        <test-method is-config="true" signature="initDriver(java.lang.reflect.Method)[pri:0, instance:tests.testcaseSELFEMP101_DefaultProfile2@291a7e3c]" started-at="2021-11-12T00:51:41 IST" name="initDriver" finished-at="2021-11-12T00:51:47 IST" duration-ms="6029" status="PASS">
          <params>
            <param index="0">
              <value>
                <![CDATA[public void tests.testcaseSELFEMP101_DefaultProfile2.GoToUrlusernamepositiveinputPositiveEnterctl00cPHpassClickLoginPositiveEnterctl00cPHFiltertxtAg()]]>
              </value>
            </param>
          </params>
          <reporter-output>
          </reporter-output>
        </test-method> <!-- initDriver -->
        <test-method signature="GoToUrlusernamepositiveinputPositiveEnterctl00cPHpassClickLoginPositiveEnterctl00cPHFiltertxtAg()[pri:0, instance:tests.testcaseSELFEMP101_DefaultProfile2@291a7e3c]" started-at="2021-11-12T00:51:47 IST" name="GoToUrlusernamepositiveinputPositiveEnterctl00cPHpassClickLoginPositiveEnterctl00cPHFiltertxtAg" finished-at="2021-11-12T00:55:06 IST" duration-ms="199202" status="PASS">
          <reporter-output>
            <line>
              <![CDATA[Tax year : 2019-20]]>
            </line>
            <line>
              <![CDATA[Turnover at partnership short UI:55000]]>
            </line>
            <line>
              <![CDATA[Date of birth:30/09/1951]]>
            </line>
            <line>
              <![CDATA[Exempt from Class 4 NIC is  checked at partnership,verified ]]>
            </line>
          </reporter-output>
        </test-method> <!-- GoToUrlusernamepositiveinputPositiveEnterctl00cPHpassClickLoginPositiveEnterctl00cPHFiltertxtAg -->
        <test-method is-config="true" signature="closerDriver()[pri:0, instance:tests.testcaseSELFEMP101_DefaultProfile2@291a7e3c]" started-at="2021-11-12T00:55:06 IST" name="closerDriver" finished-at="2021-11-12T00:55:07 IST" duration-ms="650" status="PASS">
          <reporter-output>
          </reporter-output>
        </test-method> <!-- closerDriver -->
      </class> <!-- tests.testcaseSELFEMP101_DefaultProfile2 -->
    </test> <!-- Scenario 43:Verification of exempt from paying class4 NIC checkbox in tax year 2019-20 -->
    <test started-at="2021-11-12T00:55:07 IST" name="Scenario 44:Verification of exempt from paying class4 NIC checkbox in tax year 2018-19" finished-at="2021-11-12T00:58:30 IST" duration-ms="203541">
      <class name="tests.testcaseSELFEMP102_DefaultProfile2">
        <test-method is-config="true" signature="initDriver(java.lang.reflect.Method)[pri:0, instance:tests.testcaseSELFEMP102_DefaultProfile2@14fc1f0]" started-at="2021-11-12T00:55:07 IST" name="initDriver" finished-at="2021-11-12T00:55:12 IST" duration-ms="5362" status="PASS">
          <params>
            <param index="0">
              <value>
                <![CDATA[public void tests.testcaseSELFEMP102_DefaultProfile2.GoToUrlusernamepositiveinputPositiveEnterctl00cPHpassClickLoginPositiveEnterctl00cPHFiltertxtAg()]]>
              </value>
            </param>
          </params>
          <reporter-output>
          </reporter-output>
        </test-method> <!-- initDriver -->
        <test-method signature="GoToUrlusernamepositiveinputPositiveEnterctl00cPHpassClickLoginPositiveEnterctl00cPHFiltertxtAg()[pri:0, instance:tests.testcaseSELFEMP102_DefaultProfile2@14fc1f0]" started-at="2021-11-12T00:55:12 IST" name="GoToUrlusernamepositiveinputPositiveEnterctl00cPHpassClickLoginPositiveEnterctl00cPHFiltertxtAg" finished-at="2021-11-12T00:58:29 IST" duration-ms="197522" status="PASS">
          <reporter-output>
            <line>
              <![CDATA[Tax year : 2018-19]]>
            </line>
            <line>
              <![CDATA[Turnover at partnership short UI:55000]]>
            </line>
            <line>
              <![CDATA[Date of birth:30/09/1951]]>
            </line>
            <line>
              <![CDATA[Exempt from Class 4 NIC is  checked at partnership,verified ]]>
            </line>
          </reporter-output>
        </test-method> <!-- GoToUrlusernamepositiveinputPositiveEnterctl00cPHpassClickLoginPositiveEnterctl00cPHFiltertxtAg -->
        <test-method is-config="true" signature="closerDriver()[pri:0, instance:tests.testcaseSELFEMP102_DefaultProfile2@14fc1f0]" started-at="2021-11-12T00:58:29 IST" name="closerDriver" finished-at="2021-11-12T00:58:30 IST" duration-ms="653" status="PASS">
          <reporter-output>
          </reporter-output>
        </test-method> <!-- closerDriver -->
      </class> <!-- tests.testcaseSELFEMP102_DefaultProfile2 -->
    </test> <!-- Scenario 44:Verification of exempt from paying class4 NIC checkbox in tax year 2018-19 -->
    <test started-at="2021-11-12T00:58:30 IST" name="Scenario 45:Verification of exempt from paying class4 NIC checkbox in tax year 2020-21" finished-at="2021-11-12T01:01:56 IST" duration-ms="205581">
      <class name="tests.testcaseSELFEMP103_DefaultProfile2">
        <test-method is-config="true" signature="initDriver(java.lang.reflect.Method)[pri:0, instance:tests.testcaseSELFEMP103_DefaultProfile2@60856961]" started-at="2021-11-12T00:58:30 IST" name="initDriver" finished-at="2021-11-12T00:58:35 IST" duration-ms="5146" status="PASS">
          <params>
            <param index="0">
              <value>
                <![CDATA[public void tests.testcaseSELFEMP103_DefaultProfile2.GoToUrlusernamepositiveinputPositiveEnterctl00cPHpassClickLoginPositiveEnterctl00cPHFiltertxtAg()]]>
              </value>
            </param>
          </params>
          <reporter-output>
          </reporter-output>
        </test-method> <!-- initDriver -->
[...]
          <exception class="org.openqa.selenium.ElementNotVisibleException">
            <message>
              <![CDATA[element not interactable
  (Session info: chrome=71.0.3578.98)
  (Driver info: chromedriver=2.46.628402 (536cd7adbad73a3783fdc2cab92ab2ba7ec361e1),platform=Windows NT 10.0.19043 x86_64) (WARNING: The server did not provide any stacktrace information)
Command duration or timeout: 0 milliseconds
Build info: version: '3.11.0', revision: 'e59cfb3', time: '2018-03-11T20:26:55.152Z'
System info: host: 'DEEPIKA-2AT30NI', ip: '192.168.1.230', os.name: 'Windows 10', os.arch: 'amd64', os.version: '10.0', java.version: '12.0.2'
Driver info: org.openqa.selenium.chrome.ChromeDriver
Capabilities {acceptInsecureCerts: false, acceptSslCerts: false, applicationCacheEnabled: false, browserConnectionEnabled: false, browserName: chrome, chrome: {chromedriverVersion: 2.46.628402 (536cd7adbad73a..., userDataDir: C:\Users\ADMINI~1\AppData\L...}, cssSelectorsEnabled: true, databaseEnabled: false, goog:chromeOptions: {debuggerAddress: localhost:61578}, handlesAlerts: true, hasTouchScreen: false, javascriptEnabled: true, locationContextEnabled: true, mobileEmulationEnabled: false, nativeEvents: true, networkConnectionEnabled: false, pageLoadStrategy: normal, platform: XP, platformName: XP, proxy: Proxy(), rotatable: false, setWindowRect: true, strictFileInteractability: false, takesHeapSnapshot: true, takesScreenshot: true, timeouts: {implicit: 0, pageLoad: 300000, script: 30000}, unexpectedAlertBehaviour: ignore, unhandledPromptBehavior: ignore, version: 71.0.3578.98, webStorageEnabled: true}
Session ID: 84e9964ad147a7090e41ac973a59b48b]]>
            </message>
            <full-stacktrace>
              <![CDATA[org.openqa.selenium.ElementNotVisibleException: element not interactable
  (Session info: chrome=71.0.3578.98)
  (Driver info: chromedriver=2.46.628402 (536cd7adbad73a3783fdc2cab92ab2ba7ec361e1),platform=Windows NT 10.0.19043 x86_64) (WARNING: The server did not provide any stacktrace information)
Command duration or timeout: 0 milliseconds
Build info: version: '3.11.0', revision: 'e59cfb3', time: '2018-03-11T20:26:55.152Z'
System info: host: 'DEEPIKA-2AT30NI', ip: '192.168.1.230', os.name: 'Windows 10', os.arch: 'amd64', os.version: '10.0', java.version: '12.0.2'
Driver info: org.openqa.selenium.chrome.ChromeDriver
Capabilities {acceptInsecureCerts: false, acceptSslCerts: false, applicationCacheEnabled: false, browserConnectionEnabled: false, browserName: chrome, chrome: {chromedriverVersion: 2.46.628402 (536cd7adbad73a..., userDataDir: C:\Users\ADMINI~1\AppData\L...}, cssSelectorsEnabled: true, databaseEnabled: false, goog:chromeOptions: {debuggerAddress: localhost:61578}, handlesAlerts: true, hasTouchScreen: false, javascriptEnabled: true, locationContextEnabled: true, mobileEmulationEnabled: false, nativeEvents: true, networkConnectionEnabled: false, pageLoadStrategy: normal, platform: XP, platformName: XP, proxy: Proxy(), rotatable: false, setWindowRect: true, strictFileInteractability: false, takesHeapSnapshot: true, takesScreenshot: true, timeouts: {implicit: 0, pageLoad: 300000, script: 30000}, unexpectedAlertBehaviour: ignore, unhandledPromptBehavior: ignore, version: 71.0.3578.98, webStorageEnabled: true}
Session ID: 84e9964ad147a7090e41ac973a59b48b
at java.base/jdk.internal.reflect.NativeConstructorAccessorImpl.newInstance0(Native Method)
at java.base/jdk.internal.reflect.NativeConstructorAccessorImpl.newInstance(NativeConstructorAccessorImpl.java:62)
at java.base/jdk.internal.reflect.DelegatingConstructorAccessorImpl.newInstance(DelegatingConstructorAccessorImpl.java:45)
at java.base/java.lang.reflect.Constructor.newInstanceWithCaller(Constructor.java:500)
at java.base/java.lang.reflect.Constructor.newInstance(Constructor.java:481)
at org.openqa.selenium.remote.ErrorHandler.createThrowable(ErrorHandler.java:214)
at org.openqa.selenium.remote.ErrorHandler.throwIfResponseFailed(ErrorHandler.java:166)
at org.openqa.selenium.remote.http.JsonHttpResponseCodec.reconstructValue(JsonHttpResponseCodec.java:40)
at org.openqa.selenium.remote.http.AbstractHttpResponseCodec.decode(AbstractHttpResponseCodec.java:80)
at org.openqa.selenium.remote.http.AbstractHttpResponseCodec.decode(AbstractHttpResponseCodec.java:44)
at org.openqa.selenium.remote.HttpCommandExecutor.execute(HttpCommandExecutor.java:158)
at org.openqa.selenium.remote.service.DriverCommandExecutor.execute(DriverCommandExecutor.java:83)
at org.openqa.selenium.remote.RemoteWebDriver.execute(RemoteWebDriver.java:545)
at org.openqa.selenium.remote.RemoteWebElement.execute(RemoteWebElement.java:279)
at org.openqa.selenium.remote.RemoteWebElement.click(RemoteWebElement.java:83)
at pages.SA_Left_menu.Click_Client_List(SA_Left_menu.java:394)
at tests.testcaseSELFEMP107_DefaultProfile2.GoToUrlusernamepositiveinputPositiveEnterctl00cPHpassClickLoginPositiveEnterctl00cPHFiltertxtAg(testcaseSELFEMP107_DefaultProfile2.java:72)
at java.base/jdk.internal.reflect.NativeMethodAccessorImpl.invoke0(Native Method)
at java.base/jdk.internal.reflect.NativeMethodAccessorImpl.invoke(NativeMethodAccessorImpl.java:62)
at java.base/jdk.internal.reflect.DelegatingMethodAccessorImpl.invoke(DelegatingMethodAccessorImpl.java:43)
at java.base/java.lang.reflect.Method.invoke(Method.java:567)
at org.testng.internal.MethodInvocationHelper.invokeMethod(MethodInvocationHelper.java:134)
at org.testng.internal.TestInvoker.invokeMethod(TestInvoker.java:597)
at org.testng.internal.TestInvoker.invokeTestMethod(TestInvoker.java:173)
at org.testng.internal.MethodRunner.runInSequence(MethodRunner.java:46)
at org.testng.internal.TestInvoker$MethodInvocationAgent.invoke(TestInvoker.java:816)
at org.testng.internal.TestInvoker.invokeTestMethods(TestInvoker.java:146)
at org.testng.internal.TestMethodWorker.invokeTestMethods(TestMethodWorker.java:146)
at org.testng.internal.TestMethodWorker.run(TestMethodWorker.java:128)
at java.base/java.util.ArrayList.forEach(ArrayList.java:1540)
at org.testng.TestRunner.privateRun(TestRunner.java:766)
at org.testng.TestRunner.run(TestRunner.java:587)
at org.testng.SuiteRunner.runTest(SuiteRunner.java:384)
at org.testng.SuiteRunner.runSequentially(SuiteRunner.java:378)
at org.testng.SuiteRunner.privateRun(SuiteRunner.java:337)
at org.testng.SuiteRunner.run(SuiteRunner.java:286)
at org.testng.SuiteRunnerWorker.runSuite(SuiteRunnerWorker.java:53)
at org.testng.SuiteRunnerWorker.run(SuiteRunnerWorker.java:96)
at org.testng.TestNG.runSuitesSequentially(TestNG.java:1187)
at org.testng.TestNG.runSuitesLocally(TestNG.java:1109)
at org.testng.TestNG.runSuites(TestNG.java:1039)
at org.testng.TestNG.run(TestNG.java:1007)
at org.testng.remote.AbstractRemoteTestNG.run(AbstractRemoteTestNG.java:115)
at org.testng.remote.RemoteTestNG.initAndRun(RemoteTestNG.java:251)
at org.testng.remote.RemoteTestNG.main(RemoteTestNG.java:77)
]]>
            </full-stacktrace>
          </exception> <!-- org.openqa.selenium.ElementNotVisibleException -->
          <reporter-output>
          </reporter-output>
        </test-method> <!-- GoToUrlusernamepositiveinputPositiveEnterctl00cPHpassClickLoginPositiveEnterctl00cPHFiltertxtAg -->
        <test-method is-config="true" signature="closerDriver()[pri:0, instance:tests.testcaseSELFEMP107_DefaultProfile2@38234a38]" started-at="2021-11-12T01:12:51 IST" name="closerDriver" finished-at="2021-11-12T01:12:51 IST" duration-ms="632" status="PASS">
          <reporter-output>
          </reporter-output>
        </test-method> <!-- closerDriver -->
      </class> <!-- tests.testcaseSELFEMP107_DefaultProfile2 -->
    </test> <!-- Scenario 49:Verification of exempt from paying class4 NIC checkbox in tax year 2019-20 -->
    <test started-at="2021-11-12T01:12:51 IST" name="Scenario 50:Verification of exempt from paying class4 NIC checkbox in tax year 2018-19" finished-at="2021-11-12T01:16:16 IST" duration-ms="205048">
      <class name="tests.testcaseSELFEMP108_DefaultProfile2">
        <test-method is-config="true" signature="initDriver(java.lang.reflect.Method)[pri:0, instance:tests.testcaseSELFEMP108_DefaultProfile2@7f0d96f2]" started-at="2021-11-12T01:12:51 IST" name="initDriver" finished-at="2021-11-12T01:12:56 IST" duration-ms="5143" status="PASS">
          <params>
            <param index="0">
              <value>
                <![CDATA[public void tests.testcaseSELFEMP108_DefaultProfile2.GoToUrlusernamepositiveinputPositiveEnterctl00cPHpassClickLoginPositiveEnterctl00cPHFiltertxtAg()]]>
              </value>
            </param>
          </params>
          <reporter-output>
          </reporter-output>
        </test-method> <!-- initDriver -->
        <test-method signature="GoToUrlusernamepositiveinputPositiveEnterctl00cPHpassClickLoginPositiveEnterctl00cPHFiltertxtAg()[pri:0, instance:tests.testcaseSELFEMP108_DefaultProfile2@7f0d96f2]" started-at="2021-11-12T01:12:56 IST" name="GoToUrlusernamepositiveinputPositiveEnterctl00cPHpassClickLoginPositiveEnterctl00cPHFiltertxtAg" finished-at="2021-11-12T01:16:16 IST" duration-ms="199252" status="PASS">
          <reporter-output>
            <line>
              <![CDATA[Tax year : 2018-19]]>
            </line>
            <line>
              <![CDATA[Input 1 for  partnership UI:55000]]>
            </line>
            <line>
              <![CDATA[Date of birth:30/04/1954]]>
            </line>
            <line>
              <![CDATA[Input 2 for partnership UI:55000]]>
            </line>
            <line>
              <![CDATA[Exempt from Class 4 NIC is not checked at partnership,verified ]]>
            </line>
          </reporter-output>
        </test-method> <!-- GoToUrlusernamepositiveinputPositiveEnterctl00cPHpassClickLoginPositiveEnterctl00cPHFiltertxtAg -->
        <test-method is-config="true" signature="closerDriver()[pri:0, instance:tests.testcaseSELFEMP108_DefaultProfile2@7f0d96f2]" started-at="2021-11-12T01:16:16 IST" name="closerDriver" finished-at="2021-11-12T01:16:16 IST" duration-ms="651" status="PASS">
          <reporter-output>
          </reporter-output>
        </test-method> <!-- closerDriver -->
      </class> <!-- tests.testcaseSELFEMP108_DefaultProfile2 -->
    </test> <!-- Scenario 50:Verification of exempt from paying class4 NIC checkbox in tax year 2018-19 -->
    <test started-at="2021-11-12T01:16:16 IST" name="Scenario 51:Verification of exempt from paying class4 NIC checkbox in tax year 2020-21" finished-at="2021-11-12T01:19:42 IST" duration-ms="205667">
      <class name="tests.testcaseSELFEMP109_DefaultProfile2">
        <test-method is-config="true" signature="initDriver(java.lang.reflect.Method)[pri:0, instance:tests.testcaseSELFEMP109_DefaultProfile2@7331196b]" started-at="2021-11-12T01:16:16 IST" name="initDriver" finished-at="2021-11-12T01:16:22 IST" duration-ms="5280" status="PASS">
          <params>
            <param index="0">
              <value>
                <![CDATA[public void tests.testcaseSELFEMP109_DefaultProfile2.GoToUrlusernamepositiveinputPositiveEnterctl00cPHpassClickLoginPositiveEnterctl00cPHFiltertxtAg()]]>
              </value>
            </param>
          </params>
          <reporter-output>
          </reporter-output>
        </test-method> <!-- initDriver -->
        <test-method signature="GoToUrlusernamepositiveinputPositiveEnterctl00cPHpassClickLoginPositiveEnterctl00cPHFiltertxtAg()[pri:0, instance:tests.testcaseSELFEMP109_DefaultProfile2@7331196b]" started-at="2021-11-12T01:16:22 IST" name="GoToUrlusernamepositiveinputPositiveEnterctl00cPHpassClickLoginPositiveEnterctl00cPHFiltertxtAg" finished-at="2021-11-12T01:19:41 IST" duration-ms="199765" status="PASS">
          <reporter-output>
            <line>
              <![CDATA[Tax year : 2020-21]]>
            </line>
            <line>
              <![CDATA[Input 1 for  partnership UI:55000]]>
            </line>
            <line>
              <![CDATA[Date of birth:05/04/1954]]>
            </line>
            <line>
              <![CDATA[Input 2 for partnership UI:55000]]>
            </line>
            <line>
              <![CDATA[Exempt from Class 4 NIC is  checked at partnership,verified ]]>
            </line>
          </reporter-output>
        </test-method> <!-- GoToUrlusernamepositiveinputPositiveEnterctl00cPHpassClickLoginPositiveEnterctl00cPHFiltertxtAg -->
        <test-method is-config="true" signature="closerDriver()[pri:0, instance:tests.testcaseSELFEMP109_DefaultProfile2@7331196b]" started-at="2021-11-12T01:19:41 IST" name="closerDriver" finished-at="2021-11-12T01:19:42 IST" duration-ms="621" status="PASS">
          <reporter-output>
          </reporter-output>
        </test-method> <!-- closerDriver -->
      </class> <!-- tests.testcaseSELFEMP109_DefaultProfile2 -->
    </test> <!-- Scenario 51:Verification of exempt from paying class4 NIC checkbox in tax year 2020-21 -->
    <test started-at="2021-11-12T01:19:42 IST" name="Scenario 52:Verification of exempt from paying class4 NIC checkbox in tax year 2019-20" finished-at="2021-11-12T01:23:09 IST" duration-ms="206769">
      <class name="tests.testcaseSELFEMP110_DefaultProfile2">
        <test-method is-config="true" signature="initDriver(java.lang.reflect.Method)[pri:0, instance:tests.testcaseSELFEMP110_DefaultProfile2@528c868]" started-at="2021-11-12T01:19:42 IST" name="initDriver" finished-at="2021-11-12T01:19:47 IST" duration-ms="5043" status="PASS">
          <params>
            <param index="0">
              <value>
                <![CDATA[public void tests.testcaseSELFEMP110_DefaultProfile2.GoToUrlusernamepositiveinputPositiveEnterctl00cPHpassClickLoginPositiveEnterctl00cPHFiltertxtAg()]]>
              </value>
            </param>
          </params>
          <reporter-output>
          </reporter-output>
        </test-method> <!-- initDriver -->
        <test-method signature="GoToUrlusernamepositiveinputPositiveEnterctl00cPHpassClickLoginPositiveEnterctl00cPHFiltertxtAg()[pri:0, instance:tests.testcaseSELFEMP110_DefaultProfile2@528c868]" started-at="2021-11-12T01:19:47 IST" name="GoToUrlusernamepositiveinputPositiveEnterctl00cPHpassClickLoginPositiveEnterctl00cPHFiltertxtAg" finished-at="2021-11-12T01:23:08 IST" duration-ms="201102" status="PASS">
          <reporter-output>
            <line>
              <![CDATA[Tax year : 2019-20]]>
            </line>
            <line>
              <![CDATA[Input 1 for  partnership UI:55000]]>
            </line>
            <line>
              <![CDATA[Date of birth:05/04/1954]]>
            </line>
            <line>
              <![CDATA[Input 2 for partnership UI:55000]]>
            </line>
            <line>
              <![CDATA[Exempt from Class 4 NIC is not checked at partnership,verified ]]>
            </line>
          </reporter-output>
        </test-method> <!-- GoToUrlusernamepositiveinputPositiveEnterctl00cPHpassClickLoginPositiveEnterctl00cPHFiltertxtAg -->
        <test-method is-config="true" signature="closerDriver()[pri:0, instance:tests.testcaseSELFEMP110_DefaultProfile2@528c868]" started-at="2021-11-12T01:23:08 IST" name="closerDriver" finished-at="2021-11-12T01:23:09 IST" duration-ms="624" status="PASS">
          <reporter-output>
          </reporter-output>
        </test-method> <!-- closerDriver -->
      </class> <!-- tests.testcaseSELFEMP110_DefaultProfile2 -->
    </test> <!-- Scenario 52:Verification of exempt from paying class4 NIC checkbox in tax year 2019-20 -->
    <test started-at="2021-11-12T01:23:09 IST" name="Scenario 53:Verification of exempt from paying class4 NIC checkbox in tax year 2018-19" finished-at="2021-11-12T01:26:35 IST" duration-ms="206206">
      <class name="tests.testcaseSELFEMP111_DefaultProfile2">
        <test-method is-config="true" signature="allocateData(org.testng.ITestContext)[pri:0, instance:tests.testcaseSELFEMP111_DefaultProfile2@6bffbc6d]" started-at="2021-11-12T00:13:24 IST" name="allocateData" finished-at="2021-11-12T00:13:24 IST" duration-ms="8" status="PASS">
          <params>
            <param index="0">
              <value>
                <![CDATA[org.testng.TestRunner@7fb66650]]>
              </value>
            </param>
          </params>
          <reporter-output>
          </reporter-output>
        </test-method> <!-- allocateData -->
        <test-method is-config="true" signature="setupReporter()[pri:0, instance:tests.testcaseSELFEMP111_DefaultProfile2@6bffbc6d]" started-at="2021-11-12T00:13:24 IST" name="setupReporter" finished-at="2021-11-12T00:13:24 IST" duration-ms="69" status="PASS">
          <reporter-output>
          </reporter-output>
        </test-method> <!-- setupReporter -->
        <test-method is-config="true" signature="initDriver(java.lang.reflect.Method)[pri:0, instance:tests.testcaseSELFEMP111_DefaultProfile2@6bffbc6d]" started-at="2021-11-12T01:23:09 IST" name="initDriver" finished-at="2021-11-12T01:23:14 IST" duration-ms="5098" status="PASS">
          <params>
            <param index="0">
              <value>
                <![CDATA[public void tests.testcaseSELFEMP111_DefaultProfile2.GoToUrlusernamepositiveinputPositiveEnterctl00cPHpassClickLoginPositiveEnterctl00cPHFiltertxtAg()]]>
              </value>
            </param>
          </params>
          <reporter-output>
          </reporter-output>
        </test-method> <!-- initDriver -->
        <test-method signature="GoToUrlusernamepositiveinputPositiveEnterctl00cPHpassClickLoginPositiveEnterctl00cPHFiltertxtAg()[pri:0, instance:tests.testcaseSELFEMP111_DefaultProfile2@6bffbc6d]" started-at="2021-11-12T01:23:14 IST" name="GoToUrlusernamepositiveinputPositiveEnterctl00cPHpassClickLoginPositiveEnterctl00cPHFiltertxtAg" finished-at="2021-11-12T01:26:34 IST" duration-ms="200466" status="PASS">
          <reporter-output>
            <line>
              <![CDATA[Tax year : 2018-19]]>
            </line>
            <line>
              <![CDATA[Input 1 for  partnership UI:55000]]>
            </line>
            <line>
              <![CDATA[Date of birth:05/04/1954]]>
            </line>
            <line>
              <![CDATA[Input 2 for partnership UI:55000]]>
            </line>
            <line>
              <![CDATA[Exempt from Class 4 NIC is  checked at partnership,verified ]]>
            </line>
          </reporter-output>
        </test-method> <!-- GoToUrlusernamepositiveinputPositiveEnterctl00cPHpassClickLoginPositiveEnterctl00cPHFiltertxtAg -->
        <test-method is-config="true" signature="closerDriver()[pri:0, instance:tests.testcaseSELFEMP111_DefaultProfile2@6bffbc6d]" started-at="2021-11-12T01:26:34 IST" name="closerDriver" finished-at="2021-11-12T01:26:35 IST" duration-ms="642" status="PASS">
          <reporter-output>
          </reporter-output>
        </test-method> <!-- closerDriver -->
        <test-method is-config="true" signature="closeReporter()[pri:0, instance:tests.testcaseSELFEMP111_DefaultProfile2@6bffbc6d]" started-at="2021-11-12T01:26:35 IST" name="closeReporter" finished-at="2021-11-12T01:26:35 IST" duration-ms="262" status="PASS">
          <reporter-output>
          </reporter-output>
        </test-method> <!-- closeReporter -->
      </class> <!-- tests.testcaseSELFEMP111_DefaultProfile2 -->
    </test> <!-- Scenario 53:Verification of exempt from paying class4 NIC checkbox in tax year 2018-19 -->
  </suite> <!-- Exempt from class 4 NIC automatic check verification  -->
</testng-results>
