<?xml version="1.0" encoding="UTF-8"?>
<!-- Generated by org.testng.reporters.JUnitXMLReporter -->
<testsuite ignored="0" hostname="Deepika-2AT30NI" failures="0" tests="1" name="Scenario 2:Linking done in tax year 2017-18" time="93.457" errors="0" timestamp="2021-08-12T18:52:00 IST">
  <testcase classname="tests.testcase57_DefaultProfile2" name="GoToUrlusernamepositiveinputPositiveEnterctl00cPHpassClickLoginPositiveEnterctl00cPHFiltertxtAg" time="87.639"/>
</testsuite> <!-- Scenario 2:Linking done in tax year 2017-18 -->
