<?xml version="1.0" encoding="UTF-8"?>
<!-- Generated by org.testng.reporters.JUnitXMLReporter -->
<testsuite ignored="0" hostname="Deepika-2AT30NI" failures="0" tests="1" name="Scenario 7:Linking done in tax year 2019-20" time="77.979" errors="0" timestamp="2021-08-12T18:15:52 IST">
  <testcase classname="tests.testcase76_DefaultProfile2" name="GoToUrlusernamepositiveinputPositiveEnterctl00cPHpassClickLoginPositiveEnterctl00cPHFiltertxtAg" time="72.204"/>
</testsuite> <!-- Scenario 7:Linking done in tax year 2019-20 -->
