<?xml version="1.0" encoding="UTF-8"?>
<!-- Generated by org.testng.reporters.JUnitXMLReporter -->
<testsuite ignored="0" hostname="Deepika-2AT30NI" failures="0" tests="1" name="Scenario 8:Partnership linking -mapping from PTR and validate with manual scenario-tax year 2019-20" time="73.843" errors="0" timestamp="2021-09-23T20:02:21 IST">
  <testcase classname="tests.testcase76_DefaultProfile2" name="GoToUrlusernamepositiveinputPositiveEnterctl00cPHpassClickLoginPositiveEnterctl00cPHFiltertxtAg" time="67.62"/>
</testsuite> <!-- Scenario 8:Partnership linking -mapping from PTR and validate with manual scenario-tax year 2019-20 -->
