<html>
<head>
<title>TestNG:  MTRTestScenario125_2020_1</title>
<link href="../testng.css" rel="stylesheet" type="text/css" />
<link href="../my-testng.css" rel="stylesheet" type="text/css" />

<style type="text/css">
.log { display: none;} 
.stack-trace { display: none;} 
</style>
<script type="text/javascript">
<!--
function flip(e) {
  current = e.style.display;
  if (current == 'block') {
    e.style.display = 'none';
    return 0;
  }
  else {
    e.style.display = 'block';
    return 1;
  }
}

function toggleBox(szDivId, elem, msg1, msg2)
{
  var res = -1;  if (document.getElementById) {
    res = flip(document.getElementById(szDivId));
  }
  else if (document.all) {
    // this is the way old msie versions work
    res = flip(document.all[szDivId]);
  }
  if(elem) {
    if(res == 0) elem.innerHTML = msg1; else elem.innerHTML = msg2;
  }

}

function toggleAllBoxes() {
  if (document.getElementsByTagName) {
    d = document.getElementsByTagName('div');
    for (i = 0; i < d.length; i++) {
      if (d[i].className == 'log') {
        flip(d[i]);
      }
    }
  }
}

// -->
</script>

</head>
<body>
<h2 align='center'>MTRTestScenario125_2020_1</h2><table border='1' align="center">
<tr>
<td>Tests passed/Failed/Skipped:</td><td>0/1/0</td>
</tr><tr>
<td>Started on:</td><td>Thu Jan 30 18:15:03 IST 2020</td>
</tr>
<tr><td>Total time:</td><td>71 seconds (71718 ms)</td>
</tr><tr>
<td>Included groups:</td><td></td>
</tr><tr>
<td>Excluded groups:</td><td></td>
</tr>
</table><p/>
<small><i>(Hover the method name to see the test class name)</i></small><p/>
<table width='100%' border='1' class='invocation-failed'>
<tr><td colspan='4' align='center'><b>FAILED TESTS</b></td></tr>
<tr><td><b>Test method</b></td>
<td width="30%"><b>Exception</b></td>
<td width="10%"><b>Time (seconds)</b></td>
<td><b>Instance</b></td>
</tr>
<tr>
<td title='com.nomisma.SAMTR_Scripts2020_Old.MTRTestScenario125.funcAddTestCase125()'><b>funcAddTestCase125</b><br>Test class: com.nomisma.SAMTR_Scripts2020_Old.MTRTestScenario125<br/>
<a href="#Output-749072877" onClick='toggleBox("Output-749072877", this, "Show output", "Hide output");'>Show output</a>

<a href="#Output-749072877" onClick="toggleAllBoxes();">Show all outputs</a>
<div class='log' id="Output-749072877">
WebElement to be clicked [[ChromeDriver: chrome on XP (ca8fdcb1600739b17b054c7bbe0b39d8)] -> id: ctl00_cPH_btnLogin]<br/>
After click [[ChromeDriver: chrome on XP (ca8fdcb1600739b17b054c7bbe0b39d8)] -> id: ctl00_cPH_btnLogin]<br/>
WebElement [[ChromeDriver: chrome on XP (ca8fdcb1600739b17b054c7bbe0b39d8)] -> id: ctl00_cPH_btnLogin] clicked<br/>
WebElement to be clicked [[ChromeDriver: chrome on XP (ca8fdcb1600739b17b054c7bbe0b39d8)] -> id: ctl00_cPHFilter_btnSearch]<br/>
After click [[ChromeDriver: chrome on XP (ca8fdcb1600739b17b054c7bbe0b39d8)] -> id: ctl00_cPHFilter_btnSearch]<br/>
WebElement [[ChromeDriver: chrome on XP (ca8fdcb1600739b17b054c7bbe0b39d8)] -> id: ctl00_cPHFilter_btnSearch] clicked<br/>
WebElement to be clicked [[ChromeDriver: chrome on XP (ca8fdcb1600739b17b054c7bbe0b39d8)] -> xpath: //div[@class='outerT-dash outerT-dash_Print']//table//tbody//tr//td[contains(text(),'OldScenarioTestCases2020')]]<br/>
After click [[ChromeDriver: chrome on XP (ca8fdcb1600739b17b054c7bbe0b39d8)] -> xpath: //div[@class='outerT-dash outerT-dash_Print']//table//tbody//tr//td[contains(text(),'OldScenarioTestCases2020')]]<br/>
WebElement [[ChromeDriver: chrome on XP (ca8fdcb1600739b17b054c7bbe0b39d8)] -> xpath: //div[@class='outerT-dash outerT-dash_Print']//table//tbody//tr//td[contains(text(),'OldScenarioTestCases2020')]] clicked<br/>
Agent window is displayed<br/>
WebElement to be clicked [[ChromeDriver: chrome on XP (ca8fdcb1600739b17b054c7bbe0b39d8)] -> xpath: //span[contains(text(),'Self Assessment')]]<br/>
After click [[ChromeDriver: chrome on XP (ca8fdcb1600739b17b054c7bbe0b39d8)] -> xpath: //span[contains(text(),'Self Assessment')]]<br/>
WebElement [[ChromeDriver: chrome on XP (ca8fdcb1600739b17b054c7bbe0b39d8)] -> xpath: //span[contains(text(),'Self Assessment')]] clicked<br/>
WebElement to be clicked [[ChromeDriver: chrome on XP (ca8fdcb1600739b17b054c7bbe0b39d8)] -> xpath: //a[contains(text(),'Client List')]]<br/>
After click [[ChromeDriver: chrome on XP (ca8fdcb1600739b17b054c7bbe0b39d8)] -> xpath: //a[contains(text(),'Client List')]]<br/>
WebElement [[ChromeDriver: chrome on XP (ca8fdcb1600739b17b054c7bbe0b39d8)] -> xpath: //a[contains(text(),'Client List')]] clicked<br/>
Client Link Clicked<br/>
WebElement to be clicked [[ChromeDriver: chrome on XP (ca8fdcb1600739b17b054c7bbe0b39d8)] -> id: ctl00_ctl00_ParentContent_cpHeaderRight_LinkButtonEx1]<br/>
After click [[ChromeDriver: chrome on XP (ca8fdcb1600739b17b054c7bbe0b39d8)] -> id: ctl00_ctl00_ParentContent_cpHeaderRight_LinkButtonEx1]<br/>
WebElement [[ChromeDriver: chrome on XP (ca8fdcb1600739b17b054c7bbe0b39d8)] -> id: ctl00_ctl00_ParentContent_cpHeaderRight_LinkButtonEx1] clicked<br/>
WebElement to be clicked [[ChromeDriver: chrome on XP (ca8fdcb1600739b17b054c7bbe0b39d8)] -> id: ctl00_ctl00_ParentContent_cPHFilter_btnSearch]<br/>
After click [[ChromeDriver: chrome on XP (ca8fdcb1600739b17b054c7bbe0b39d8)] -> id: ctl00_ctl00_ParentContent_cPHFilter_btnSearch]<br/>
WebElement [[ChromeDriver: chrome on XP (ca8fdcb1600739b17b054c7bbe0b39d8)] -> id: ctl00_ctl00_ParentContent_cPHFilter_btnSearch] clicked<br/>
WebElement to be clicked [[ChromeDriver: chrome on XP (ca8fdcb1600739b17b054c7bbe0b39d8)] -> xpath: //a[contains(text(),'TestCase2020_125')]]<br/>
After click [[ChromeDriver: chrome on XP (ca8fdcb1600739b17b054c7bbe0b39d8)] -> xpath: //a[contains(text(),'TestCase2020_125')]]<br/>
WebElement [[ChromeDriver: chrome on XP (ca8fdcb1600739b17b054c7bbe0b39d8)] -> xpath: //a[contains(text(),'TestCase2020_125')]] clicked<br/>
Client Selected for Test Case 125<br/>
Exceuting MTR Test Case 125<br/>
WebElement to be clicked [[ChromeDriver: chrome on XP (ca8fdcb1600739b17b054c7bbe0b39d8)] -> xpath: //main/div/div[2]/ul/li[5]/a/span]<br/>
After click [[ChromeDriver: chrome on XP (ca8fdcb1600739b17b054c7bbe0b39d8)] -> xpath: //main/div/div[2]/ul/li[5]/a/span]<br/>
WebElement [[ChromeDriver: chrome on XP (ca8fdcb1600739b17b054c7bbe0b39d8)] -> xpath: //main/div/div[2]/ul/li[5]/a/span] clicked<br/>
WebElement to be clicked [[ChromeDriver: chrome on XP (ca8fdcb1600739b17b054c7bbe0b39d8)] -> xpath: //a[contains(text(),'Employment')]]<br/>
After click [[ChromeDriver: chrome on XP (ca8fdcb1600739b17b054c7bbe0b39d8)] -> xpath: //a[contains(text(),'Employment')]]<br/>
WebElement [[ChromeDriver: chrome on XP (ca8fdcb1600739b17b054c7bbe0b39d8)] -> xpath: //a[contains(text(),'Employment')]] clicked<br/>
WebElement to be clicked [[ChromeDriver: chrome on XP (ca8fdcb1600739b17b054c7bbe0b39d8)] -> link text: Add Employment]<br/>
After click [[ChromeDriver: chrome on XP (ca8fdcb1600739b17b054c7bbe0b39d8)] -> link text: Add Employment]<br/>
WebElement [[ChromeDriver: chrome on XP (ca8fdcb1600739b17b054c7bbe0b39d8)] -> link text: Add Employment] clicked<br/>
WebElement to be clicked [[ChromeDriver: chrome on XP (ca8fdcb1600739b17b054c7bbe0b39d8)] -> id: ctl00_cpHFooter_btnSave]<br/>
After click [[ChromeDriver: chrome on XP (ca8fdcb1600739b17b054c7bbe0b39d8)] -> id: ctl00_cpHFooter_btnSave]<br/>
WebElement [[ChromeDriver: chrome on XP (ca8fdcb1600739b17b054c7bbe0b39d8)] -> id: ctl00_cpHFooter_btnSave] clicked<br/>
Page Refreshed<br/>
Employer Name added successfully<br/>
WebElement to be clicked [[ChromeDriver: chrome on XP (ca8fdcb1600739b17b054c7bbe0b39d8)] -> link text: Add Employment Income]<br/>
After click [[ChromeDriver: chrome on XP (ca8fdcb1600739b17b054c7bbe0b39d8)] -> link text: Add Employment Income]<br/>
WebElement [[ChromeDriver: chrome on XP (ca8fdcb1600739b17b054c7bbe0b39d8)] -> link text: Add Employment Income] clicked<br/>
WebElement to be clicked [[ChromeDriver: chrome on XP (ca8fdcb1600739b17b054c7bbe0b39d8)] -> id: ctl00_cPH_btnSave]<br/>
After click [[ChromeDriver: chrome on XP (ca8fdcb1600739b17b054c7bbe0b39d8)] -> id: ctl00_cPH_btnSave]<br/>
WebElement [[ChromeDriver: chrome on XP (ca8fdcb1600739b17b054c7bbe0b39d8)] -> id: ctl00_cPH_btnSave] clicked<br/>
Employment Income Added successfully<br/>
Page Refreshed<br/>
WebElement to be clicked [[ChromeDriver: chrome on XP (ca8fdcb1600739b17b054c7bbe0b39d8)] -> xpath: //main/div/div[2]/ul/li[5]/a/span]<br/>
After click [[ChromeDriver: chrome on XP (ca8fdcb1600739b17b054c7bbe0b39d8)] -> xpath: //main/div/div[2]/ul/li[5]/a/span]<br/>
WebElement [[ChromeDriver: chrome on XP (ca8fdcb1600739b17b054c7bbe0b39d8)] -> xpath: //main/div/div[2]/ul/li[5]/a/span] clicked<br/>
WebElement to be clicked [[ChromeDriver: chrome on XP (ca8fdcb1600739b17b054c7bbe0b39d8)] -> xpath: //a[contains(text(),'Self Employment')]]<br/>
After click [[ChromeDriver: chrome on XP (ca8fdcb1600739b17b054c7bbe0b39d8)] -> xpath: //a[contains(text(),'Self Employment')]]<br/>
WebElement [[ChromeDriver: chrome on XP (ca8fdcb1600739b17b054c7bbe0b39d8)] -> xpath: //a[contains(text(),'Self Employment')]] clicked<br/>
WebElement to be clicked [[ChromeDriver: chrome on XP (ca8fdcb1600739b17b054c7bbe0b39d8)] -> id: img5]<br/>
After click [[ChromeDriver: chrome on XP (ca8fdcb1600739b17b054c7bbe0b39d8)] -> id: img5]<br/>
WebElement [[ChromeDriver: chrome on XP (ca8fdcb1600739b17b054c7bbe0b39d8)] -> id: img5] clicked<br/>
WebElement to be clicked [[ChromeDriver: chrome on XP (ca8fdcb1600739b17b054c7bbe0b39d8)] -> id: ctl00_cPH_chkCashBasis]<br/>
After click [[ChromeDriver: chrome on XP (ca8fdcb1600739b17b054c7bbe0b39d8)] -> id: ctl00_cPH_chkCashBasis]<br/>
WebElement [[ChromeDriver: chrome on XP (ca8fdcb1600739b17b054c7bbe0b39d8)] -> id: ctl00_cPH_chkCashBasis] clicked<br/>
WebElement to be clicked [[ChromeDriver: chrome on XP (ca8fdcb1600739b17b054c7bbe0b39d8)] -> id: ctl00_cPH_btnSave]<br/>
After click [[ChromeDriver: chrome on XP (ca8fdcb1600739b17b054c7bbe0b39d8)] -> id: ctl00_cPH_btnSave]<br/>
WebElement [[ChromeDriver: chrome on XP (ca8fdcb1600739b17b054c7bbe0b39d8)] -> id: ctl00_cPH_btnSave] clicked<br/>
Page Refreshed<br/>
WebElement to be clicked [[ChromeDriver: chrome on XP (ca8fdcb1600739b17b054c7bbe0b39d8)] -> xpath: //img[@src='../commonv2/images/note-i.jpg']]<br/>
After click [[ChromeDriver: chrome on XP (ca8fdcb1600739b17b054c7bbe0b39d8)] -> xpath: //img[@src='../commonv2/images/note-i.jpg']]<br/>
WebElement [[ChromeDriver: chrome on XP (ca8fdcb1600739b17b054c7bbe0b39d8)] -> xpath: //img[@src='../commonv2/images/note-i.jpg']] clicked<br/>
WebElement to be clicked [[ChromeDriver: chrome on XP (ca8fdcb1600739b17b054c7bbe0b39d8)] -> id: ctl00_cPH_chkExemptFromPayingClass4NIC]<br/>
After click [[ChromeDriver: chrome on XP (ca8fdcb1600739b17b054c7bbe0b39d8)] -> id: ctl00_cPH_chkExemptFromPayingClass4NIC]<br/>
WebElement [[ChromeDriver: chrome on XP (ca8fdcb1600739b17b054c7bbe0b39d8)] -> id: ctl00_cPH_chkExemptFromPayingClass4NIC] clicked<br/>
WebElement to be clicked [[ChromeDriver: chrome on XP (ca8fdcb1600739b17b054c7bbe0b39d8)] -> id: ctl00_cpHFooter_btnSave]<br/>
After click [[ChromeDriver: chrome on XP (ca8fdcb1600739b17b054c7bbe0b39d8)] -> id: ctl00_cpHFooter_btnSave]<br/>
WebElement [[ChromeDriver: chrome on XP (ca8fdcb1600739b17b054c7bbe0b39d8)] -> id: ctl00_cpHFooter_btnSave] clicked<br/>
Page Refreshed<br/>
WebElement to be clicked [[ChromeDriver: chrome on XP (ca8fdcb1600739b17b054c7bbe0b39d8)] -> xpath: //main/div/div[2]/ul/li[5]/a/span]<br/>
After click [[ChromeDriver: chrome on XP (ca8fdcb1600739b17b054c7bbe0b39d8)] -> xpath: //main/div/div[2]/ul/li[5]/a/span]<br/>
WebElement [[ChromeDriver: chrome on XP (ca8fdcb1600739b17b054c7bbe0b39d8)] -> xpath: //main/div/div[2]/ul/li[5]/a/span] clicked<br/>
WebElement to be clicked [[ChromeDriver: chrome on XP (ca8fdcb1600739b17b054c7bbe0b39d8)] -> id: ctl00_SideMenu1_hrefCapitalGain]<br/>
After click [[ChromeDriver: chrome on XP (ca8fdcb1600739b17b054c7bbe0b39d8)] -> id: ctl00_SideMenu1_hrefCapitalGain]<br/>
WebElement [[ChromeDriver: chrome on XP (ca8fdcb1600739b17b054c7bbe0b39d8)] -> id: ctl00_SideMenu1_hrefCapitalGain] clicked<br/>
WebElement to be clicked [[ChromeDriver: chrome on XP (ca8fdcb1600739b17b054c7bbe0b39d8)] -> id: ctl00_cpHeaderRight_btnEdit]<br/>
After click [[ChromeDriver: chrome on XP (ca8fdcb1600739b17b054c7bbe0b39d8)] -> id: ctl00_cpHeaderRight_btnEdit]<br/>
WebElement [[ChromeDriver: chrome on XP (ca8fdcb1600739b17b054c7bbe0b39d8)] -> id: ctl00_cpHeaderRight_btnEdit] clicked<br/>
WebElement to be clicked [[ChromeDriver: chrome on XP (ca8fdcb1600739b17b054c7bbe0b39d8)] -> id: ctl00_cPH_btnSave]<br/>
After click [[ChromeDriver: chrome on XP (ca8fdcb1600739b17b054c7bbe0b39d8)] -> id: ctl00_cPH_btnSave]<br/>
WebElement [[ChromeDriver: chrome on XP (ca8fdcb1600739b17b054c7bbe0b39d8)] -> id: ctl00_cPH_btnSave] clicked<br/>
WebElement to be clicked [[ChromeDriver: chrome on XP (ca8fdcb1600739b17b054c7bbe0b39d8)] -> xpath: //span[contains(text(),'Tax Return')]]<br/>
After click [[ChromeDriver: chrome on XP (ca8fdcb1600739b17b054c7bbe0b39d8)] -> xpath: //span[contains(text(),'Tax Return')]]<br/>
WebElement [[ChromeDriver: chrome on XP (ca8fdcb1600739b17b054c7bbe0b39d8)] -> xpath: //span[contains(text(),'Tax Return')]] clicked<br/>
WebElement to be clicked [[ChromeDriver: chrome on XP (ca8fdcb1600739b17b054c7bbe0b39d8)] -> xpath: //a[contains(text(),'Tax Calculation Summary')]]<br/>
After click [[ChromeDriver: chrome on XP (ca8fdcb1600739b17b054c7bbe0b39d8)] -> xpath: //a[contains(text(),'Tax Calculation Summary')]]<br/>
WebElement [[ChromeDriver: chrome on XP (ca8fdcb1600739b17b054c7bbe0b39d8)] -> xpath: //a[contains(text(),'Tax Calculation Summary')]] clicked<br/>
Pay From All Employments verified:£33,254.00<br/>
Amount of Profit From Self Employment is Verified: £4,000.00<br/>
Total Income Received is Verified: £37,254.00<br/>
Total Income on WhichTaxIsDue is Verified: £24,754.00<br/>
Basic Rate of Pay Pension: 24754.0<br/>
Income Tax due verifired successfully£4,950.80<br/>
Total tax deducted is Verified: £4,280.80<br/>
Amount of Total Income Tax Due is Verified: £670.00<br/>
Other gains basic Amount: 1274.6000000000001<br/>
Other gains Amount: 13050.800000000001<br/>
Test execution is in onTestFailure method<br/>
<img src=".\..\screenshots\Failure\MTRTestScenario125.funcAddTestCase125 - 30-Jan-2020__06_16_14PM.png" style=width:400px><br/>
</div>
</td>
<td><div><pre>java.lang.AssertionError: expected [14325.40] but found [14385.39]
	at org.testng.Assert.fail(Assert.java:94)
	at org.testng.Assert.failNotEquals(Assert.java:494)
	at org.testng.Assert.assertEquals(Assert.java:123)
	at org.testng.Assert.assertEquals(Assert.java:176)
	at org.testng.Assert.assertEquals(Assert.java:186)
	at com.nomisma.SelfAssessmentpom2020.SAPOM2020OldScenario.addTestCase125(SAPOM2020OldScenario.java:23289)
	at com.nomisma.SAMTR_Scripts2020_Old.MTRTestScenario125.funcAddTestCase125(MTRTestScenario125.java:51)
	at java.base/jdk.internal.reflect.NativeMethodAccessorImpl.invoke0(Native Method)
	at java.base/jdk.internal.reflect.NativeMethodAccessorImpl.invoke(NativeMethodAccessorImpl.java:62)
	at java.base/jdk.internal.reflect.DelegatingMethodAccessorImpl.invoke(DelegatingMethodAccessorImpl.java:43)
	at java.base/java.lang.reflect.Method.invoke(Method.java:564)
	at org.testng.internal.MethodInvocationHelper.invokeMethod(MethodInvocationHelper.java:80)
	at org.testng.internal.Invoker.invokeMethod(Invoker.java:714)
	at org.testng.internal.Invoker.invokeTestMethod(Invoker.java:901)
	at org.testng.internal.Invoker.invokeTestMethods(Invoker.java:1231)
	at org.testng.internal.TestMethodWorker.invokeTestMethods(TestMethodWorker.java:127)
	at org.testng.internal.TestMethodWorker.run(TestMethodWorker.java:111)
	at org.testng.TestRunner.privateRun(TestRunner.java:767)
	at org.testng.TestRunner.run(TestRunner.java:617)
	at org.testng.SuiteRunner.runTest(SuiteRunner.java:334)
	at org.testng.SuiteRunner.runSequentially(SuiteRunner.java:329)
	at org.testng.SuiteRunner.privateRun(SuiteRunner.java:291)
	at org.testng.SuiteRunner.run(SuiteRunner.java:240)
	at org.testng.SuiteRunnerWorker.runSuite(SuiteRunnerWorker.java:52)
	at org.testng.SuiteRunnerWorker.run(SuiteRunnerWorker.java:86)
	at org.testng.TestNG.runSuitesSequentially(TestNG.java:1198)
	at org.testng.TestNG.runSuitesLocally(TestNG.java:1123)
	at org.testng.TestNG.run(TestNG.java:1031)
	at org.testng.remote.AbstractRemoteTestNG.run(AbstractRemoteTestNG.java:114)
	at org.testng.remote.RemoteTestNG.initAndRun(RemoteTestNG.java:251)
	at org.testng.remote.RemoteTestNG.main(RemoteTestNG.java:77)
</pre></div><a href='#' onClick='toggleBox("stack-trace749072877", this, "Click to show all stack frames", "Click to hide stack frames")'>Click to show all stack frames</a>
<div class='stack-trace' id='stack-trace749072877'><pre>java.lang.AssertionError: expected [14325.40] but found [14385.39]
	at org.testng.Assert.fail(Assert.java:94)
	at org.testng.Assert.failNotEquals(Assert.java:494)
	at org.testng.Assert.assertEquals(Assert.java:123)
	at org.testng.Assert.assertEquals(Assert.java:176)
	at org.testng.Assert.assertEquals(Assert.java:186)
	at com.nomisma.SelfAssessmentpom2020.SAPOM2020OldScenario.addTestCase125(SAPOM2020OldScenario.java:23289)
	at com.nomisma.SAMTR_Scripts2020_Old.MTRTestScenario125.funcAddTestCase125(MTRTestScenario125.java:51)
	at java.base/jdk.internal.reflect.NativeMethodAccessorImpl.invoke0(Native Method)
	at java.base/jdk.internal.reflect.NativeMethodAccessorImpl.invoke(NativeMethodAccessorImpl.java:62)
	at java.base/jdk.internal.reflect.DelegatingMethodAccessorImpl.invoke(DelegatingMethodAccessorImpl.java:43)
	at java.base/java.lang.reflect.Method.invoke(Method.java:564)
	at org.testng.internal.MethodInvocationHelper.invokeMethod(MethodInvocationHelper.java:80)
	at org.testng.internal.Invoker.invokeMethod(Invoker.java:714)
	at org.testng.internal.Invoker.invokeTestMethod(Invoker.java:901)
	at org.testng.internal.Invoker.invokeTestMethods(Invoker.java:1231)
	at org.testng.internal.TestMethodWorker.invokeTestMethods(TestMethodWorker.java:127)
	at org.testng.internal.TestMethodWorker.run(TestMethodWorker.java:111)
	at org.testng.TestRunner.privateRun(TestRunner.java:767)
	at org.testng.TestRunner.run(TestRunner.java:617)
	at org.testng.SuiteRunner.runTest(SuiteRunner.java:334)
	at org.testng.SuiteRunner.runSequentially(SuiteRunner.java:329)
	at org.testng.SuiteRunner.privateRun(SuiteRunner.java:291)
	at org.testng.SuiteRunner.run(SuiteRunner.java:240)
	at org.testng.SuiteRunnerWorker.runSuite(SuiteRunnerWorker.java:52)
	at org.testng.SuiteRunnerWorker.run(SuiteRunnerWorker.java:86)
	at org.testng.TestNG.runSuitesSequentially(TestNG.java:1198)
	at org.testng.TestNG.runSuitesLocally(TestNG.java:1123)
	at org.testng.TestNG.run(TestNG.java:1031)
	at org.testng.remote.AbstractRemoteTestNG.run(AbstractRemoteTestNG.java:114)
	at org.testng.remote.RemoteTestNG.initAndRun(RemoteTestNG.java:251)
	at org.testng.remote.RemoteTestNG.main(RemoteTestNG.java:77)
</pre></div></td>
<td>56</td>
<td>com.nomisma.SAMTR_Scripts2020_Old.MTRTestScenario125@16c069df</td></tr>
</table><p>
</body>
</html>