<?xml version="1.0" encoding="UTF-8"?>
<!-- Generated by org.testng.reporters.JUnitXMLReporter -->
<testsuite ignored="0" hostname="Deepika-2AT30NI" failures="0" tests="1" name="Scenario 3:Employment linking done in tax year 2017-18 when status is Not started" time="97.302" errors="0" timestamp="2021-08-19T20:17:17 IST">
  <testcase classname="tests.testcase57_DefaultProfile2" name="GoToUrlusernamepositiveinputPositiveEnterctl00cPHpassClickLoginPositiveEnterctl00cPHFiltertxtAg" time="91.096"/>
</testsuite> <!-- Scenario 3:Employment linking done in tax year 2017-18 when status is Not started -->
