<?xml version="1.0" encoding="UTF-8"?>
<!-- Generated by org.testng.reporters.JUnitXMLReporter -->
<testsuite ignored="0" hostname="Deepika-2AT30NI" failures="0" tests="1" name="Scenario 1:Employment linking done in tax year 2014-15 when status is Not started" time="90.447" errors="0" timestamp="2021-08-19T18:25:50 IST">
  <testcase classname="tests.testcase18_DefaultProfile2" name="GoToUrlusernamepositiveinputPositiveEnterctl00cPHpassClickLoginPositiveEnterctl00cPHFiltertxtAg" time="82.063"/>
</testsuite> <!-- Scenario 1:Employment linking done in tax year 2014-15 when status is Not started -->
