<?xml version="1.0" encoding="UTF-8"?>
<!-- Generated by org.testng.reporters.JUnitXMLReporter -->
<testsuite ignored="0" hostname="Deepika-2AT30NI" failures="0" tests="1" name="Scenario 4:Employment linking done in tax year 2016-17 when status is Not started" time="97.375" errors="0" timestamp="2021-08-19T17:56:03 IST">
  <testcase classname="tests.testcase55_DefaultProfile2" name="GoToUrlusernamepositiveinputPositiveEnterctl00cPHpassClickLoginPositiveEnterctl00cPHFiltertxtAg" time="91.244"/>
</testsuite> <!-- Scenario 4:Employment linking done in tax year 2016-17 when status is Not started -->
