<?xml version="1.0" encoding="UTF-8"?>
<!-- Generated by org.testng.reporters.JUnitXMLReporter -->
<testsuite ignored="0" hostname="Deepika-2AT30NI" failures="0" tests="1" name="Scenario 7:Partnership linking  done in tax year 2020-21 when status is Not started and validated" time="87.155" errors="0" timestamp="2021-09-16T19:35:47 IST">
  <testcase classname="tests.testcase82_DefaultProfile2" name="GoToUrlusernamepositiveinputPositiveEnterctl00cPHpassClickLoginPositiveEnterctl00cPHFiltertxtAg" time="80.949"/>
</testsuite> <!-- Scenario 7:Partnership linking  done in tax year 2020-21 when status is Not started and validated -->
