<?xml version="1.0" encoding="UTF-8"?>
<!-- Generated by org.testng.reporters.JUnitXMLReporter -->
<testsuite ignored="0" hostname="Deepika-2AT30NI" failures="0" tests="1" name="Scenario 4:Employment linking  done in tax year 2019-20 when status is validated" time="82.554" errors="0" timestamp="2021-08-26T17:32:19 IST">
  <testcase classname="tests.testcase76_DefaultProfile2" name="GoToUrlusernamepositiveinputPositiveEnterctl00cPHpassClickLoginPositiveEnterctl00cPHFiltertxtAg" time="76.495"/>
</testsuite> <!-- Scenario 4:Employment linking  done in tax year 2019-20 when status is validated -->
