<?xml version="1.0" encoding="UTF-8"?>
<!-- Generated by org.testng.reporters.JUnitXMLReporter -->
<testsuite ignored="0" hostname="Deepika-2AT30NI" failures="0" tests="1" name="Scenario 5:Employment linking  done in tax year 2020-21 when status is unlcoked" time="104.838" errors="0" timestamp="2021-08-26T17:34:04 IST">
  <testcase classname="tests.testcase82_DefaultProfile2" name="GoToUrlusernamepositiveinputPositiveEnterctl00cPHpassClickLoginPositiveEnterctl00cPHFiltertxtAg" time="98.884"/>
</testsuite> <!-- Scenario 5:Employment linking  done in tax year 2020-21 when status is unlcoked -->
